CRITICAL - 2022-06-18 00:07:24 --> syntax error, unexpected end of file, expecting "elseif" or "else" or "endif"
in APPPATH\Views\login.php on line 68.
 1 SYSTEMPATH\View\View.php(216): CodeIgniter\View\View->CodeIgniter\View\{closure}()
 2 SYSTEMPATH\Common.php(1135): CodeIgniter\View\View->render('App\\Views\\login', [], true)
 3 VENDORPATH\myth\auth\src\Controllers\AuthController.php(429): view('App\\Views\\login', [...])
 4 VENDORPATH\myth\auth\src\Controllers\AuthController.php(57): Myth\Auth\Controllers\AuthController->_render('App\\Views\\login', [...])
 5 SYSTEMPATH\CodeIgniter.php(898): Myth\Auth\Controllers\AuthController->login()
 6 SYSTEMPATH\CodeIgniter.php(468): CodeIgniter\CodeIgniter->runController(Object(Myth\Auth\Controllers\AuthController))
 7 SYSTEMPATH\CodeIgniter.php(351): CodeIgniter\CodeIgniter->handleRequest(null, Object(Config\Cache), false)
 8 FCPATH\index.php(55): CodeIgniter\CodeIgniter->run()
 9 SYSTEMPATH\Commands\Server\rewrite.php(43): require_once('FCPATH\\index.php')
CRITICAL - 2022-06-18 00:07:33 --> syntax error, unexpected end of file, expecting "elseif" or "else" or "endif"
in APPPATH\Views\login.php on line 68.
 1 SYSTEMPATH\View\View.php(216): CodeIgniter\View\View->CodeIgniter\View\{closure}()
 2 SYSTEMPATH\Common.php(1135): CodeIgniter\View\View->render('App\\Views\\login', [], true)
 3 VENDORPATH\myth\auth\src\Controllers\AuthController.php(429): view('App\\Views\\login', [...])
 4 VENDORPATH\myth\auth\src\Controllers\AuthController.php(57): Myth\Auth\Controllers\AuthController->_render('App\\Views\\login', [...])
 5 SYSTEMPATH\CodeIgniter.php(898): Myth\Auth\Controllers\AuthController->login()
 6 SYSTEMPATH\CodeIgniter.php(468): CodeIgniter\CodeIgniter->runController(Object(Myth\Auth\Controllers\AuthController))
 7 SYSTEMPATH\CodeIgniter.php(351): CodeIgniter\CodeIgniter->handleRequest(null, Object(Config\Cache), false)
 8 FCPATH\index.php(55): CodeIgniter\CodeIgniter->run()
 9 SYSTEMPATH\Commands\Server\rewrite.php(43): require_once('FCPATH\\index.php')
CRITICAL - 2022-06-18 00:07:44 --> syntax error, unexpected end of file, expecting "elseif" or "else" or "endif"
in APPPATH\Views\login.php on line 68.
 1 SYSTEMPATH\View\View.php(216): CodeIgniter\View\View->CodeIgniter\View\{closure}()
 2 SYSTEMPATH\Common.php(1135): CodeIgniter\View\View->render('App\\Views\\login', [], true)
 3 VENDORPATH\myth\auth\src\Controllers\AuthController.php(429): view('App\\Views\\login', [...])
 4 VENDORPATH\myth\auth\src\Controllers\AuthController.php(57): Myth\Auth\Controllers\AuthController->_render('App\\Views\\login', [...])
 5 SYSTEMPATH\CodeIgniter.php(898): Myth\Auth\Controllers\AuthController->login()
 6 SYSTEMPATH\CodeIgniter.php(468): CodeIgniter\CodeIgniter->runController(Object(Myth\Auth\Controllers\AuthController))
 7 SYSTEMPATH\CodeIgniter.php(351): CodeIgniter\CodeIgniter->handleRequest(null, Object(Config\Cache), false)
 8 FCPATH\index.php(55): CodeIgniter\CodeIgniter->run()
 9 SYSTEMPATH\Commands\Server\rewrite.php(43): require_once('FCPATH\\index.php')
CRITICAL - 2022-06-18 00:07:49 --> syntax error, unexpected end of file, expecting "elseif" or "else" or "endif"
in APPPATH\Views\login.php on line 68.
 1 SYSTEMPATH\View\View.php(216): CodeIgniter\View\View->CodeIgniter\View\{closure}()
 2 SYSTEMPATH\Common.php(1135): CodeIgniter\View\View->render('App\\Views\\login', [], true)
 3 VENDORPATH\myth\auth\src\Controllers\AuthController.php(429): view('App\\Views\\login', [...])
 4 VENDORPATH\myth\auth\src\Controllers\AuthController.php(57): Myth\Auth\Controllers\AuthController->_render('App\\Views\\login', [...])
 5 SYSTEMPATH\CodeIgniter.php(898): Myth\Auth\Controllers\AuthController->login()
 6 SYSTEMPATH\CodeIgniter.php(468): CodeIgniter\CodeIgniter->runController(Object(Myth\Auth\Controllers\AuthController))
 7 SYSTEMPATH\CodeIgniter.php(351): CodeIgniter\CodeIgniter->handleRequest(null, Object(Config\Cache), false)
 8 FCPATH\index.php(55): CodeIgniter\CodeIgniter->run()
 9 SYSTEMPATH\Commands\Server\rewrite.php(43): require_once('FCPATH\\index.php')
CRITICAL - 2022-06-18 00:09:10 --> syntax error, unexpected end of file, expecting "elseif" or "else" or "endif"
in APPPATH\Views\login.php on line 68.
 1 SYSTEMPATH\View\View.php(216): CodeIgniter\View\View->CodeIgniter\View\{closure}()
 2 SYSTEMPATH\Common.php(1135): CodeIgniter\View\View->render('App\\Views\\login', [], true)
 3 VENDORPATH\myth\auth\src\Controllers\AuthController.php(429): view('App\\Views\\login', [...])
 4 VENDORPATH\myth\auth\src\Controllers\AuthController.php(57): Myth\Auth\Controllers\AuthController->_render('App\\Views\\login', [...])
 5 SYSTEMPATH\CodeIgniter.php(898): Myth\Auth\Controllers\AuthController->login()
 6 SYSTEMPATH\CodeIgniter.php(468): CodeIgniter\CodeIgniter->runController(Object(Myth\Auth\Controllers\AuthController))
 7 SYSTEMPATH\CodeIgniter.php(351): CodeIgniter\CodeIgniter->handleRequest(null, Object(Config\Cache), false)
 8 FCPATH\index.php(55): CodeIgniter\CodeIgniter->run()
 9 SYSTEMPATH\Commands\Server\rewrite.php(43): require_once('FCPATH\\index.php')
CRITICAL - 2022-06-18 00:09:16 --> syntax error, unexpected end of file, expecting "elseif" or "else" or "endif"
in APPPATH\Views\login.php on line 68.
 1 SYSTEMPATH\View\View.php(216): CodeIgniter\View\View->CodeIgniter\View\{closure}()
 2 SYSTEMPATH\Common.php(1135): CodeIgniter\View\View->render('App\\Views\\login', [], true)
 3 VENDORPATH\myth\auth\src\Controllers\AuthController.php(429): view('App\\Views\\login', [...])
 4 VENDORPATH\myth\auth\src\Controllers\AuthController.php(57): Myth\Auth\Controllers\AuthController->_render('App\\Views\\login', [...])
 5 SYSTEMPATH\CodeIgniter.php(898): Myth\Auth\Controllers\AuthController->login()
 6 SYSTEMPATH\CodeIgniter.php(468): CodeIgniter\CodeIgniter->runController(Object(Myth\Auth\Controllers\AuthController))
 7 SYSTEMPATH\CodeIgniter.php(351): CodeIgniter\CodeIgniter->handleRequest(null, Object(Config\Cache), false)
 8 FCPATH\index.php(55): CodeIgniter\CodeIgniter->run()
 9 SYSTEMPATH\Commands\Server\rewrite.php(43): require_once('FCPATH\\index.php')
CRITICAL - 2022-06-18 00:10:12 --> syntax error, unexpected end of file, expecting "elseif" or "else" or "endif"
in APPPATH\Views\login.php on line 68.
 1 SYSTEMPATH\View\View.php(216): CodeIgniter\View\View->CodeIgniter\View\{closure}()
 2 SYSTEMPATH\Common.php(1135): CodeIgniter\View\View->render('App\\Views\\login', [], true)
 3 VENDORPATH\myth\auth\src\Controllers\AuthController.php(429): view('App\\Views\\login', [...])
 4 VENDORPATH\myth\auth\src\Controllers\AuthController.php(57): Myth\Auth\Controllers\AuthController->_render('App\\Views\\login', [...])
 5 SYSTEMPATH\CodeIgniter.php(898): Myth\Auth\Controllers\AuthController->login()
 6 SYSTEMPATH\CodeIgniter.php(468): CodeIgniter\CodeIgniter->runController(Object(Myth\Auth\Controllers\AuthController))
 7 SYSTEMPATH\CodeIgniter.php(351): CodeIgniter\CodeIgniter->handleRequest(null, Object(Config\Cache), false)
 8 FCPATH\index.php(55): CodeIgniter\CodeIgniter->run()
 9 SYSTEMPATH\Commands\Server\rewrite.php(43): require_once('FCPATH\\index.php')
