CRITICAL - 2022-06-23 08:54:00 --> syntax error, unexpected token "=>", expecting ")"
in APPPATH\Controllers\Tambah.php on line 46.
 1 SYSTEMPATH\Autoloader\Autoloader.php(261): CodeIgniter\Autoloader\Autoloader->includeFile('APPPATH\\Controllers\\Tambah.php')
 2 SYSTEMPATH\Autoloader\Autoloader.php(239): CodeIgniter\Autoloader\Autoloader->loadInNamespace('App\\Controllers\\Tambah')
 3 [internal function]: CodeIgniter\Autoloader\Autoloader->loadClass('App\\Controllers\\Tambah')
 4 SYSTEMPATH\CodeIgniter.php(848): class_exists('\\App\\Controllers\\Tambah', true)
 5 SYSTEMPATH\CodeIgniter.php(455): CodeIgniter\CodeIgniter->startController()
 6 SYSTEMPATH\CodeIgniter.php(351): CodeIgniter\CodeIgniter->handleRequest(null, Object(Config\Cache), false)
 7 FCPATH\index.php(55): CodeIgniter\CodeIgniter->run()
 8 SYSTEMPATH\Commands\Server\rewrite.php(43): require_once('FCPATH\\index.php')
CRITICAL - 2022-06-23 08:54:12 --> syntax error, unexpected token "public", expecting end of file
in APPPATH\Models\FilmModel.php on line 14.
 1 SYSTEMPATH\Autoloader\Autoloader.php(261): CodeIgniter\Autoloader\Autoloader->includeFile('APPPATH\\Models\\FilmModel.php')
 2 SYSTEMPATH\Autoloader\Autoloader.php(239): CodeIgniter\Autoloader\Autoloader->loadInNamespace('App\\Models\\FilmModel')
 3 APPPATH\Controllers\Tambah.php(10): CodeIgniter\Autoloader\Autoloader->loadClass('App\\Models\\FilmModel')
 4 SYSTEMPATH\CodeIgniter.php(860): App\Controllers\Tambah->__construct()
 5 SYSTEMPATH\CodeIgniter.php(459): CodeIgniter\CodeIgniter->createController()
 6 SYSTEMPATH\CodeIgniter.php(351): CodeIgniter\CodeIgniter->handleRequest(null, Object(Config\Cache), false)
 7 FCPATH\index.php(55): CodeIgniter\CodeIgniter->run()
 8 SYSTEMPATH\Commands\Server\rewrite.php(43): require_once('FCPATH\\index.php')
CRITICAL - 2022-06-23 08:57:17 --> Undefined property: App\Controllers\Tambah::$FilmModel
in APPPATH\Controllers\Tambah.php on line 47.
 1 APPPATH\Controllers\Tambah.php(47): CodeIgniter\Debug\Exceptions->errorHandler(2, 'Undefined property: App\\Controllers\\Tambah::$FilmModel', 'APPPATH\\Controllers\\Tambah.php', 47)
 2 SYSTEMPATH\CodeIgniter.php(898): App\Controllers\Tambah->update('20')
 3 SYSTEMPATH\CodeIgniter.php(468): CodeIgniter\CodeIgniter->runController(Object(App\Controllers\Tambah))
 4 SYSTEMPATH\CodeIgniter.php(351): CodeIgniter\CodeIgniter->handleRequest(null, Object(Config\Cache), false)
 5 FCPATH\index.php(55): CodeIgniter\CodeIgniter->run()
 6 SYSTEMPATH\Commands\Server\rewrite.php(43): require_once('FCPATH\\index.php')
CRITICAL - 2022-06-23 08:57:47 --> There is no data to update.
in SYSTEMPATH\BaseModel.php on line 1576.
 1 SYSTEMPATH\BaseModel.php(1576): CodeIgniter\Database\Exceptions\DataException::forEmptyDataset('update')
 2 SYSTEMPATH\BaseModel.php(832): CodeIgniter\BaseModel->transformDataToArray(null, 'update')
 3 SYSTEMPATH\Model.php(692): CodeIgniter\BaseModel->update([], null)
 4 APPPATH\Controllers\Tambah.php(49): CodeIgniter\Model->update([])
 5 SYSTEMPATH\CodeIgniter.php(898): App\Controllers\Tambah->update('20')
 6 SYSTEMPATH\CodeIgniter.php(468): CodeIgniter\CodeIgniter->runController(Object(App\Controllers\Tambah))
 7 SYSTEMPATH\CodeIgniter.php(351): CodeIgniter\CodeIgniter->handleRequest(null, Object(Config\Cache), false)
 8 FCPATH\index.php(55): CodeIgniter\CodeIgniter->run()
 9 SYSTEMPATH\Commands\Server\rewrite.php(43): require_once('FCPATH\\index.php')
CRITICAL - 2022-06-23 08:57:58 --> Undefined property: App\Controllers\Tambah::$FilmModel
in APPPATH\Controllers\Tambah.php on line 47.
 1 APPPATH\Controllers\Tambah.php(47): CodeIgniter\Debug\Exceptions->errorHandler(2, 'Undefined property: App\\Controllers\\Tambah::$FilmModel', 'APPPATH\\Controllers\\Tambah.php', 47)
 2 SYSTEMPATH\CodeIgniter.php(898): App\Controllers\Tambah->update('20')
 3 SYSTEMPATH\CodeIgniter.php(468): CodeIgniter\CodeIgniter->runController(Object(App\Controllers\Tambah))
 4 SYSTEMPATH\CodeIgniter.php(351): CodeIgniter\CodeIgniter->handleRequest(null, Object(Config\Cache), false)
 5 FCPATH\index.php(55): CodeIgniter\CodeIgniter->run()
 6 SYSTEMPATH\Commands\Server\rewrite.php(43): require_once('FCPATH\\index.php')
CRITICAL - 2022-06-23 08:58:11 --> Undefined property: App\Controllers\Tambah::$FilmModel
in APPPATH\Controllers\Tambah.php on line 47.
 1 APPPATH\Controllers\Tambah.php(47): CodeIgniter\Debug\Exceptions->errorHandler(2, 'Undefined property: App\\Controllers\\Tambah::$FilmModel', 'APPPATH\\Controllers\\Tambah.php', 47)
 2 SYSTEMPATH\CodeIgniter.php(898): App\Controllers\Tambah->update('20')
 3 SYSTEMPATH\CodeIgniter.php(468): CodeIgniter\CodeIgniter->runController(Object(App\Controllers\Tambah))
 4 SYSTEMPATH\CodeIgniter.php(351): CodeIgniter\CodeIgniter->handleRequest(null, Object(Config\Cache), false)
 5 FCPATH\index.php(55): CodeIgniter\CodeIgniter->run()
 6 SYSTEMPATH\Commands\Server\rewrite.php(43): require_once('FCPATH\\index.php')
CRITICAL - 2022-06-23 08:59:19 --> Undefined property: App\Controllers\Tambah::$FilmModel
in APPPATH\Controllers\Tambah.php on line 47.
 1 APPPATH\Controllers\Tambah.php(47): CodeIgniter\Debug\Exceptions->errorHandler(2, 'Undefined property: App\\Controllers\\Tambah::$FilmModel', 'APPPATH\\Controllers\\Tambah.php', 47)
 2 SYSTEMPATH\CodeIgniter.php(898): App\Controllers\Tambah->update('20')
 3 SYSTEMPATH\CodeIgniter.php(468): CodeIgniter\CodeIgniter->runController(Object(App\Controllers\Tambah))
 4 SYSTEMPATH\CodeIgniter.php(351): CodeIgniter\CodeIgniter->handleRequest(null, Object(Config\Cache), false)
 5 FCPATH\index.php(55): CodeIgniter\CodeIgniter->run()
 6 SYSTEMPATH\Commands\Server\rewrite.php(43): require_once('FCPATH\\index.php')
CRITICAL - 2022-06-23 09:00:13 --> Call to undefined method CodeIgniter\Database\MySQLi\Connection::get_where()
in APPPATH\Models\FilmModel.php on line 15.
 1 APPPATH\Controllers\Tambah.php(47): App\Models\FilmModel->edit_data([...], 'movie')
 2 SYSTEMPATH\CodeIgniter.php(898): App\Controllers\Tambah->update('20')
 3 SYSTEMPATH\CodeIgniter.php(468): CodeIgniter\CodeIgniter->runController(Object(App\Controllers\Tambah))
 4 SYSTEMPATH\CodeIgniter.php(351): CodeIgniter\CodeIgniter->handleRequest(null, Object(Config\Cache), false)
 5 FCPATH\index.php(55): CodeIgniter\CodeIgniter->run()
 6 SYSTEMPATH\Commands\Server\rewrite.php(43): require_once('FCPATH\\index.php')
CRITICAL - 2022-06-23 09:01:51 --> There is no data to update.
in SYSTEMPATH\BaseModel.php on line 1576.
 1 SYSTEMPATH\BaseModel.php(1576): CodeIgniter\Database\Exceptions\DataException::forEmptyDataset('update')
 2 SYSTEMPATH\BaseModel.php(832): CodeIgniter\BaseModel->transformDataToArray(null, 'update')
 3 SYSTEMPATH\Model.php(692): CodeIgniter\BaseModel->update([], null)
 4 APPPATH\Controllers\Tambah.php(49): CodeIgniter\Model->update([])
 5 SYSTEMPATH\CodeIgniter.php(898): App\Controllers\Tambah->update('20')
 6 SYSTEMPATH\CodeIgniter.php(468): CodeIgniter\CodeIgniter->runController(Object(App\Controllers\Tambah))
 7 SYSTEMPATH\CodeIgniter.php(351): CodeIgniter\CodeIgniter->handleRequest(null, Object(Config\Cache), false)
 8 FCPATH\index.php(55): CodeIgniter\CodeIgniter->run()
 9 SYSTEMPATH\Commands\Server\rewrite.php(43): require_once('FCPATH\\index.php')
CRITICAL - 2022-06-23 09:01:59 --> There is no data to update.
in SYSTEMPATH\BaseModel.php on line 1576.
 1 SYSTEMPATH\BaseModel.php(1576): CodeIgniter\Database\Exceptions\DataException::forEmptyDataset('update')
 2 SYSTEMPATH\BaseModel.php(832): CodeIgniter\BaseModel->transformDataToArray(null, 'update')
 3 SYSTEMPATH\Model.php(692): CodeIgniter\BaseModel->update([], null)
 4 APPPATH\Controllers\Tambah.php(49): CodeIgniter\Model->update([])
 5 SYSTEMPATH\CodeIgniter.php(898): App\Controllers\Tambah->update('20')
 6 SYSTEMPATH\CodeIgniter.php(468): CodeIgniter\CodeIgniter->runController(Object(App\Controllers\Tambah))
 7 SYSTEMPATH\CodeIgniter.php(351): CodeIgniter\CodeIgniter->handleRequest(null, Object(Config\Cache), false)
 8 FCPATH\index.php(55): CodeIgniter\CodeIgniter->run()
 9 SYSTEMPATH\Commands\Server\rewrite.php(43): require_once('FCPATH\\index.php')
CRITICAL - 2022-06-23 09:02:27 --> Call to undefined method CodeIgniter\Database\MySQLi\Connection::get_where()
in APPPATH\Models\FilmModel.php on line 15.
 1 APPPATH\Controllers\Tambah.php(47): App\Models\FilmModel->edit_data([...], 'movie')
 2 SYSTEMPATH\CodeIgniter.php(898): App\Controllers\Tambah->update('20')
 3 SYSTEMPATH\CodeIgniter.php(468): CodeIgniter\CodeIgniter->runController(Object(App\Controllers\Tambah))
 4 SYSTEMPATH\CodeIgniter.php(351): CodeIgniter\CodeIgniter->handleRequest(null, Object(Config\Cache), false)
 5 FCPATH\index.php(55): CodeIgniter\CodeIgniter->run()
 6 SYSTEMPATH\Commands\Server\rewrite.php(43): require_once('FCPATH\\index.php')
CRITICAL - 2022-06-23 09:08:20 --> Call to undefined method App\Models\FilmModel::edit_data
in SYSTEMPATH\Model.php on line 773.
 1 APPPATH\Controllers\Tambah.php(47): CodeIgniter\Model->__call('edit_data', [...])
 2 SYSTEMPATH\CodeIgniter.php(898): App\Controllers\Tambah->update('20')
 3 SYSTEMPATH\CodeIgniter.php(468): CodeIgniter\CodeIgniter->runController(Object(App\Controllers\Tambah))
 4 SYSTEMPATH\CodeIgniter.php(351): CodeIgniter\CodeIgniter->handleRequest(null, Object(Config\Cache), false)
 5 FCPATH\index.php(55): CodeIgniter\CodeIgniter->run()
 6 SYSTEMPATH\Commands\Server\rewrite.php(43): require_once('FCPATH\\index.php')
CRITICAL - 2022-06-23 09:08:23 --> Undefined variable $tb_film
in APPPATH\Views\tambahfilm.php on line 68.
 1 APPPATH\Views\tambahfilm.php(68): CodeIgniter\Debug\Exceptions->errorHandler(2, 'Undefined variable $tb_film', 'APPPATH\\Views\\tambahfilm.php', 68)
 2 SYSTEMPATH\View\View.php(213): include('APPPATH\\Views\\tambahfilm.php')
 3 SYSTEMPATH\View\View.php(216): CodeIgniter\View\View->CodeIgniter\View\{closure}()
 4 SYSTEMPATH\Common.php(1135): CodeIgniter\View\View->render('tambahfilm', [], true)
 5 APPPATH\Controllers\Tambah.php(20): view('tambahfilm', [...])
 6 SYSTEMPATH\CodeIgniter.php(898): App\Controllers\Tambah->index()
 7 SYSTEMPATH\CodeIgniter.php(468): CodeIgniter\CodeIgniter->runController(Object(App\Controllers\Tambah))
 8 SYSTEMPATH\CodeIgniter.php(351): CodeIgniter\CodeIgniter->handleRequest(null, Object(Config\Cache), false)
 9 FCPATH\index.php(55): CodeIgniter\CodeIgniter->run()
10 SYSTEMPATH\Commands\Server\rewrite.php(43): require_once('FCPATH\\index.php')
CRITICAL - 2022-06-23 09:08:28 --> Undefined variable $tb_film
in APPPATH\Views\tambahfilm.php on line 68.
 1 APPPATH\Views\tambahfilm.php(68): CodeIgniter\Debug\Exceptions->errorHandler(2, 'Undefined variable $tb_film', 'APPPATH\\Views\\tambahfilm.php', 68)
 2 SYSTEMPATH\View\View.php(213): include('APPPATH\\Views\\tambahfilm.php')
 3 SYSTEMPATH\View\View.php(216): CodeIgniter\View\View->CodeIgniter\View\{closure}()
 4 SYSTEMPATH\Common.php(1135): CodeIgniter\View\View->render('tambahfilm', [], true)
 5 APPPATH\Controllers\Tambah.php(20): view('tambahfilm', [...])
 6 SYSTEMPATH\CodeIgniter.php(898): App\Controllers\Tambah->index()
 7 SYSTEMPATH\CodeIgniter.php(468): CodeIgniter\CodeIgniter->runController(Object(App\Controllers\Tambah))
 8 SYSTEMPATH\CodeIgniter.php(351): CodeIgniter\CodeIgniter->handleRequest(null, Object(Config\Cache), false)
 9 FCPATH\index.php(55): CodeIgniter\CodeIgniter->run()
10 SYSTEMPATH\Commands\Server\rewrite.php(43): require_once('FCPATH\\index.php')
CRITICAL - 2022-06-23 09:08:29 --> Undefined variable $tb_film
in APPPATH\Views\tambahfilm.php on line 68.
 1 APPPATH\Views\tambahfilm.php(68): CodeIgniter\Debug\Exceptions->errorHandler(2, 'Undefined variable $tb_film', 'APPPATH\\Views\\tambahfilm.php', 68)
 2 SYSTEMPATH\View\View.php(213): include('APPPATH\\Views\\tambahfilm.php')
 3 SYSTEMPATH\View\View.php(216): CodeIgniter\View\View->CodeIgniter\View\{closure}()
 4 SYSTEMPATH\Common.php(1135): CodeIgniter\View\View->render('tambahfilm', [], true)
 5 APPPATH\Controllers\Tambah.php(20): view('tambahfilm', [...])
 6 SYSTEMPATH\CodeIgniter.php(898): App\Controllers\Tambah->index()
 7 SYSTEMPATH\CodeIgniter.php(468): CodeIgniter\CodeIgniter->runController(Object(App\Controllers\Tambah))
 8 SYSTEMPATH\CodeIgniter.php(351): CodeIgniter\CodeIgniter->handleRequest(null, Object(Config\Cache), false)
 9 FCPATH\index.php(55): CodeIgniter\CodeIgniter->run()
10 SYSTEMPATH\Commands\Server\rewrite.php(43): require_once('FCPATH\\index.php')
CRITICAL - 2022-06-23 09:15:03 --> Call to undefined method App\Models\FilmModel::edit_data
in SYSTEMPATH\Model.php on line 773.
 1 APPPATH\Controllers\Tambah.php(47): CodeIgniter\Model->__call('edit_data', [...])
 2 SYSTEMPATH\CodeIgniter.php(898): App\Controllers\Tambah->update('20')
 3 SYSTEMPATH\CodeIgniter.php(468): CodeIgniter\CodeIgniter->runController(Object(App\Controllers\Tambah))
 4 SYSTEMPATH\CodeIgniter.php(351): CodeIgniter\CodeIgniter->handleRequest(null, Object(Config\Cache), false)
 5 FCPATH\index.php(55): CodeIgniter\CodeIgniter->run()
 6 SYSTEMPATH\Commands\Server\rewrite.php(43): require_once('FCPATH\\index.php')
CRITICAL - 2022-06-23 09:15:17 --> Call to undefined method CodeIgniter\Database\MySQLi\Connection::get_where()
in APPPATH\Models\FilmModel.php on line 15.
 1 APPPATH\Controllers\Tambah.php(47): App\Models\FilmModel->edit_data([...], 'movie')
 2 SYSTEMPATH\CodeIgniter.php(898): App\Controllers\Tambah->update('20')
 3 SYSTEMPATH\CodeIgniter.php(468): CodeIgniter\CodeIgniter->runController(Object(App\Controllers\Tambah))
 4 SYSTEMPATH\CodeIgniter.php(351): CodeIgniter\CodeIgniter->handleRequest(null, Object(Config\Cache), false)
 5 FCPATH\index.php(55): CodeIgniter\CodeIgniter->run()
 6 SYSTEMPATH\Commands\Server\rewrite.php(43): require_once('FCPATH\\index.php')
CRITICAL - 2022-06-23 09:25:28 --> Call to undefined method CodeIgniter\Database\MySQLi\Connection::get_where()
in APPPATH\Models\FilmModel.php on line 15.
 1 APPPATH\Controllers\Tambah.php(47): App\Models\FilmModel->edit_data([...], 'movie')
 2 SYSTEMPATH\CodeIgniter.php(898): App\Controllers\Tambah->update('20')
 3 SYSTEMPATH\CodeIgniter.php(468): CodeIgniter\CodeIgniter->runController(Object(App\Controllers\Tambah))
 4 SYSTEMPATH\CodeIgniter.php(351): CodeIgniter\CodeIgniter->handleRequest(null, Object(Config\Cache), false)
 5 FCPATH\index.php(55): CodeIgniter\CodeIgniter->run()
 6 SYSTEMPATH\Commands\Server\rewrite.php(43): require_once('FCPATH\\index.php')
CRITICAL - 2022-06-23 09:35:19 --> Undefined variable $film
in APPPATH\Views\updatefilm.php on line 15.
 1 APPPATH\Views\updatefilm.php(15): CodeIgniter\Debug\Exceptions->errorHandler(2, 'Undefined variable $film', 'APPPATH\\Views\\updatefilm.php', 15)
 2 SYSTEMPATH\View\View.php(213): include('APPPATH\\Views\\updatefilm.php')
 3 SYSTEMPATH\View\View.php(216): CodeIgniter\View\View->CodeIgniter\View\{closure}()
 4 SYSTEMPATH\Common.php(1135): CodeIgniter\View\View->render('updatefilm', [], true)
 5 APPPATH\Controllers\Update.php(9): view('updatefilm')
 6 SYSTEMPATH\CodeIgniter.php(898): App\Controllers\Update->index()
 7 SYSTEMPATH\CodeIgniter.php(468): CodeIgniter\CodeIgniter->runController(Object(App\Controllers\Update))
 8 SYSTEMPATH\CodeIgniter.php(351): CodeIgniter\CodeIgniter->handleRequest(null, Object(Config\Cache), false)
 9 FCPATH\index.php(55): CodeIgniter\CodeIgniter->run()
10 SYSTEMPATH\Commands\Server\rewrite.php(43): require_once('FCPATH\\index.php')
CRITICAL - 2022-06-23 09:37:22 --> Undefined variable $film
in APPPATH\Views\updatefilm.php on line 15.
 1 APPPATH\Views\updatefilm.php(15): CodeIgniter\Debug\Exceptions->errorHandler(2, 'Undefined variable $film', 'APPPATH\\Views\\updatefilm.php', 15)
 2 SYSTEMPATH\View\View.php(213): include('APPPATH\\Views\\updatefilm.php')
 3 SYSTEMPATH\View\View.php(216): CodeIgniter\View\View->CodeIgniter\View\{closure}()
 4 SYSTEMPATH\Common.php(1135): CodeIgniter\View\View->render('updatefilm', [], true)
 5 APPPATH\Controllers\Update.php(9): view('updatefilm')
 6 SYSTEMPATH\CodeIgniter.php(898): App\Controllers\Update->index()
 7 SYSTEMPATH\CodeIgniter.php(468): CodeIgniter\CodeIgniter->runController(Object(App\Controllers\Update))
 8 SYSTEMPATH\CodeIgniter.php(351): CodeIgniter\CodeIgniter->handleRequest(null, Object(Config\Cache), false)
 9 FCPATH\index.php(55): CodeIgniter\CodeIgniter->run()
10 SYSTEMPATH\Commands\Server\rewrite.php(43): require_once('FCPATH\\index.php')
CRITICAL - 2022-06-23 09:37:23 --> Undefined variable $film
in APPPATH\Views\updatefilm.php on line 15.
 1 APPPATH\Views\updatefilm.php(15): CodeIgniter\Debug\Exceptions->errorHandler(2, 'Undefined variable $film', 'APPPATH\\Views\\updatefilm.php', 15)
 2 SYSTEMPATH\View\View.php(213): include('APPPATH\\Views\\updatefilm.php')
 3 SYSTEMPATH\View\View.php(216): CodeIgniter\View\View->CodeIgniter\View\{closure}()
 4 SYSTEMPATH\Common.php(1135): CodeIgniter\View\View->render('updatefilm', [], true)
 5 APPPATH\Controllers\Update.php(9): view('updatefilm')
 6 SYSTEMPATH\CodeIgniter.php(898): App\Controllers\Update->index()
 7 SYSTEMPATH\CodeIgniter.php(468): CodeIgniter\CodeIgniter->runController(Object(App\Controllers\Update))
 8 SYSTEMPATH\CodeIgniter.php(351): CodeIgniter\CodeIgniter->handleRequest(null, Object(Config\Cache), false)
 9 FCPATH\index.php(55): CodeIgniter\CodeIgniter->run()
10 SYSTEMPATH\Commands\Server\rewrite.php(43): require_once('FCPATH\\index.php')
CRITICAL - 2022-06-23 09:37:36 --> Undefined variable $film
in APPPATH\Views\updatefilm.php on line 15.
 1 APPPATH\Views\updatefilm.php(15): CodeIgniter\Debug\Exceptions->errorHandler(2, 'Undefined variable $film', 'APPPATH\\Views\\updatefilm.php', 15)
 2 SYSTEMPATH\View\View.php(213): include('APPPATH\\Views\\updatefilm.php')
 3 SYSTEMPATH\View\View.php(216): CodeIgniter\View\View->CodeIgniter\View\{closure}()
 4 SYSTEMPATH\Common.php(1135): CodeIgniter\View\View->render('updatefilm', [], true)
 5 APPPATH\Controllers\Update.php(9): view('updatefilm')
 6 SYSTEMPATH\CodeIgniter.php(898): App\Controllers\Update->index()
 7 SYSTEMPATH\CodeIgniter.php(468): CodeIgniter\CodeIgniter->runController(Object(App\Controllers\Update))
 8 SYSTEMPATH\CodeIgniter.php(351): CodeIgniter\CodeIgniter->handleRequest(null, Object(Config\Cache), false)
 9 FCPATH\index.php(55): CodeIgniter\CodeIgniter->run()
10 SYSTEMPATH\Commands\Server\rewrite.php(43): require_once('FCPATH\\index.php')
CRITICAL - 2022-06-23 09:37:47 --> Undefined variable $film
in APPPATH\Views\updatefilm.php on line 15.
 1 APPPATH\Views\updatefilm.php(15): CodeIgniter\Debug\Exceptions->errorHandler(2, 'Undefined variable $film', 'APPPATH\\Views\\updatefilm.php', 15)
 2 SYSTEMPATH\View\View.php(213): include('APPPATH\\Views\\updatefilm.php')
 3 SYSTEMPATH\View\View.php(216): CodeIgniter\View\View->CodeIgniter\View\{closure}()
 4 SYSTEMPATH\Common.php(1135): CodeIgniter\View\View->render('updatefilm', [], true)
 5 APPPATH\Controllers\Update.php(9): view('updatefilm')
 6 SYSTEMPATH\CodeIgniter.php(898): App\Controllers\Update->index()
 7 SYSTEMPATH\CodeIgniter.php(468): CodeIgniter\CodeIgniter->runController(Object(App\Controllers\Update))
 8 SYSTEMPATH\CodeIgniter.php(351): CodeIgniter\CodeIgniter->handleRequest(null, Object(Config\Cache), false)
 9 FCPATH\index.php(55): CodeIgniter\CodeIgniter->run()
10 SYSTEMPATH\Commands\Server\rewrite.php(43): require_once('FCPATH\\index.php')
CRITICAL - 2022-06-23 09:38:05 --> Undefined variable $film
in APPPATH\Views\updatefilm.php on line 15.
 1 APPPATH\Views\updatefilm.php(15): CodeIgniter\Debug\Exceptions->errorHandler(2, 'Undefined variable $film', 'APPPATH\\Views\\updatefilm.php', 15)
 2 SYSTEMPATH\View\View.php(213): include('APPPATH\\Views\\updatefilm.php')
 3 SYSTEMPATH\View\View.php(216): CodeIgniter\View\View->CodeIgniter\View\{closure}()
 4 SYSTEMPATH\Common.php(1135): CodeIgniter\View\View->render('updatefilm', [], true)
 5 APPPATH\Controllers\Update.php(9): view('updatefilm')
 6 SYSTEMPATH\CodeIgniter.php(898): App\Controllers\Update->index()
 7 SYSTEMPATH\CodeIgniter.php(468): CodeIgniter\CodeIgniter->runController(Object(App\Controllers\Update))
 8 SYSTEMPATH\CodeIgniter.php(351): CodeIgniter\CodeIgniter->handleRequest(null, Object(Config\Cache), false)
 9 FCPATH\index.php(55): CodeIgniter\CodeIgniter->run()
10 SYSTEMPATH\Commands\Server\rewrite.php(43): require_once('FCPATH\\index.php')
CRITICAL - 2022-06-23 09:38:06 --> Undefined variable $film
in APPPATH\Views\updatefilm.php on line 15.
 1 APPPATH\Views\updatefilm.php(15): CodeIgniter\Debug\Exceptions->errorHandler(2, 'Undefined variable $film', 'APPPATH\\Views\\updatefilm.php', 15)
 2 SYSTEMPATH\View\View.php(213): include('APPPATH\\Views\\updatefilm.php')
 3 SYSTEMPATH\View\View.php(216): CodeIgniter\View\View->CodeIgniter\View\{closure}()
 4 SYSTEMPATH\Common.php(1135): CodeIgniter\View\View->render('updatefilm', [], true)
 5 APPPATH\Controllers\Update.php(9): view('updatefilm')
 6 SYSTEMPATH\CodeIgniter.php(898): App\Controllers\Update->index()
 7 SYSTEMPATH\CodeIgniter.php(468): CodeIgniter\CodeIgniter->runController(Object(App\Controllers\Update))
 8 SYSTEMPATH\CodeIgniter.php(351): CodeIgniter\CodeIgniter->handleRequest(null, Object(Config\Cache), false)
 9 FCPATH\index.php(55): CodeIgniter\CodeIgniter->run()
10 SYSTEMPATH\Commands\Server\rewrite.php(43): require_once('FCPATH\\index.php')
CRITICAL - 2022-06-23 09:38:06 --> Undefined variable $film
in APPPATH\Views\updatefilm.php on line 15.
 1 APPPATH\Views\updatefilm.php(15): CodeIgniter\Debug\Exceptions->errorHandler(2, 'Undefined variable $film', 'APPPATH\\Views\\updatefilm.php', 15)
 2 SYSTEMPATH\View\View.php(213): include('APPPATH\\Views\\updatefilm.php')
 3 SYSTEMPATH\View\View.php(216): CodeIgniter\View\View->CodeIgniter\View\{closure}()
 4 SYSTEMPATH\Common.php(1135): CodeIgniter\View\View->render('updatefilm', [], true)
 5 APPPATH\Controllers\Update.php(9): view('updatefilm')
 6 SYSTEMPATH\CodeIgniter.php(898): App\Controllers\Update->index()
 7 SYSTEMPATH\CodeIgniter.php(468): CodeIgniter\CodeIgniter->runController(Object(App\Controllers\Update))
 8 SYSTEMPATH\CodeIgniter.php(351): CodeIgniter\CodeIgniter->handleRequest(null, Object(Config\Cache), false)
 9 FCPATH\index.php(55): CodeIgniter\CodeIgniter->run()
10 SYSTEMPATH\Commands\Server\rewrite.php(43): require_once('FCPATH\\index.php')
CRITICAL - 2022-06-23 09:38:07 --> Undefined variable $film
in APPPATH\Views\updatefilm.php on line 15.
 1 APPPATH\Views\updatefilm.php(15): CodeIgniter\Debug\Exceptions->errorHandler(2, 'Undefined variable $film', 'APPPATH\\Views\\updatefilm.php', 15)
 2 SYSTEMPATH\View\View.php(213): include('APPPATH\\Views\\updatefilm.php')
 3 SYSTEMPATH\View\View.php(216): CodeIgniter\View\View->CodeIgniter\View\{closure}()
 4 SYSTEMPATH\Common.php(1135): CodeIgniter\View\View->render('updatefilm', [], true)
 5 APPPATH\Controllers\Update.php(9): view('updatefilm')
 6 SYSTEMPATH\CodeIgniter.php(898): App\Controllers\Update->index()
 7 SYSTEMPATH\CodeIgniter.php(468): CodeIgniter\CodeIgniter->runController(Object(App\Controllers\Update))
 8 SYSTEMPATH\CodeIgniter.php(351): CodeIgniter\CodeIgniter->handleRequest(null, Object(Config\Cache), false)
 9 FCPATH\index.php(55): CodeIgniter\CodeIgniter->run()
10 SYSTEMPATH\Commands\Server\rewrite.php(43): require_once('FCPATH\\index.php')
CRITICAL - 2022-06-23 09:38:07 --> Undefined variable $film
in APPPATH\Views\updatefilm.php on line 15.
 1 APPPATH\Views\updatefilm.php(15): CodeIgniter\Debug\Exceptions->errorHandler(2, 'Undefined variable $film', 'APPPATH\\Views\\updatefilm.php', 15)
 2 SYSTEMPATH\View\View.php(213): include('APPPATH\\Views\\updatefilm.php')
 3 SYSTEMPATH\View\View.php(216): CodeIgniter\View\View->CodeIgniter\View\{closure}()
 4 SYSTEMPATH\Common.php(1135): CodeIgniter\View\View->render('updatefilm', [], true)
 5 APPPATH\Controllers\Update.php(9): view('updatefilm')
 6 SYSTEMPATH\CodeIgniter.php(898): App\Controllers\Update->index()
 7 SYSTEMPATH\CodeIgniter.php(468): CodeIgniter\CodeIgniter->runController(Object(App\Controllers\Update))
 8 SYSTEMPATH\CodeIgniter.php(351): CodeIgniter\CodeIgniter->handleRequest(null, Object(Config\Cache), false)
 9 FCPATH\index.php(55): CodeIgniter\CodeIgniter->run()
10 SYSTEMPATH\Commands\Server\rewrite.php(43): require_once('FCPATH\\index.php')
CRITICAL - 2022-06-23 09:38:07 --> Undefined variable $film
in APPPATH\Views\updatefilm.php on line 15.
 1 APPPATH\Views\updatefilm.php(15): CodeIgniter\Debug\Exceptions->errorHandler(2, 'Undefined variable $film', 'APPPATH\\Views\\updatefilm.php', 15)
 2 SYSTEMPATH\View\View.php(213): include('APPPATH\\Views\\updatefilm.php')
 3 SYSTEMPATH\View\View.php(216): CodeIgniter\View\View->CodeIgniter\View\{closure}()
 4 SYSTEMPATH\Common.php(1135): CodeIgniter\View\View->render('updatefilm', [], true)
 5 APPPATH\Controllers\Update.php(9): view('updatefilm')
 6 SYSTEMPATH\CodeIgniter.php(898): App\Controllers\Update->index()
 7 SYSTEMPATH\CodeIgniter.php(468): CodeIgniter\CodeIgniter->runController(Object(App\Controllers\Update))
 8 SYSTEMPATH\CodeIgniter.php(351): CodeIgniter\CodeIgniter->handleRequest(null, Object(Config\Cache), false)
 9 FCPATH\index.php(55): CodeIgniter\CodeIgniter->run()
10 SYSTEMPATH\Commands\Server\rewrite.php(43): require_once('FCPATH\\index.php')
CRITICAL - 2022-06-23 09:38:13 --> Undefined variable $film
in APPPATH\Views\updatefilm.php on line 15.
 1 APPPATH\Views\updatefilm.php(15): CodeIgniter\Debug\Exceptions->errorHandler(2, 'Undefined variable $film', 'APPPATH\\Views\\updatefilm.php', 15)
 2 SYSTEMPATH\View\View.php(213): include('APPPATH\\Views\\updatefilm.php')
 3 SYSTEMPATH\View\View.php(216): CodeIgniter\View\View->CodeIgniter\View\{closure}()
 4 SYSTEMPATH\Common.php(1135): CodeIgniter\View\View->render('updatefilm', [], true)
 5 APPPATH\Controllers\Update.php(9): view('updatefilm')
 6 SYSTEMPATH\CodeIgniter.php(898): App\Controllers\Update->index()
 7 SYSTEMPATH\CodeIgniter.php(468): CodeIgniter\CodeIgniter->runController(Object(App\Controllers\Update))
 8 SYSTEMPATH\CodeIgniter.php(351): CodeIgniter\CodeIgniter->handleRequest(null, Object(Config\Cache), false)
 9 FCPATH\index.php(55): CodeIgniter\CodeIgniter->run()
10 SYSTEMPATH\Commands\Server\rewrite.php(43): require_once('FCPATH\\index.php')
CRITICAL - 2022-06-23 09:38:13 --> Undefined variable $film
in APPPATH\Views\updatefilm.php on line 15.
 1 APPPATH\Views\updatefilm.php(15): CodeIgniter\Debug\Exceptions->errorHandler(2, 'Undefined variable $film', 'APPPATH\\Views\\updatefilm.php', 15)
 2 SYSTEMPATH\View\View.php(213): include('APPPATH\\Views\\updatefilm.php')
 3 SYSTEMPATH\View\View.php(216): CodeIgniter\View\View->CodeIgniter\View\{closure}()
 4 SYSTEMPATH\Common.php(1135): CodeIgniter\View\View->render('updatefilm', [], true)
 5 APPPATH\Controllers\Update.php(9): view('updatefilm')
 6 SYSTEMPATH\CodeIgniter.php(898): App\Controllers\Update->index()
 7 SYSTEMPATH\CodeIgniter.php(468): CodeIgniter\CodeIgniter->runController(Object(App\Controllers\Update))
 8 SYSTEMPATH\CodeIgniter.php(351): CodeIgniter\CodeIgniter->handleRequest(null, Object(Config\Cache), false)
 9 FCPATH\index.php(55): CodeIgniter\CodeIgniter->run()
10 SYSTEMPATH\Commands\Server\rewrite.php(43): require_once('FCPATH\\index.php')
CRITICAL - 2022-06-23 09:38:14 --> Undefined variable $film
in APPPATH\Views\updatefilm.php on line 15.
 1 APPPATH\Views\updatefilm.php(15): CodeIgniter\Debug\Exceptions->errorHandler(2, 'Undefined variable $film', 'APPPATH\\Views\\updatefilm.php', 15)
 2 SYSTEMPATH\View\View.php(213): include('APPPATH\\Views\\updatefilm.php')
 3 SYSTEMPATH\View\View.php(216): CodeIgniter\View\View->CodeIgniter\View\{closure}()
 4 SYSTEMPATH\Common.php(1135): CodeIgniter\View\View->render('updatefilm', [], true)
 5 APPPATH\Controllers\Update.php(9): view('updatefilm')
 6 SYSTEMPATH\CodeIgniter.php(898): App\Controllers\Update->index()
 7 SYSTEMPATH\CodeIgniter.php(468): CodeIgniter\CodeIgniter->runController(Object(App\Controllers\Update))
 8 SYSTEMPATH\CodeIgniter.php(351): CodeIgniter\CodeIgniter->handleRequest(null, Object(Config\Cache), false)
 9 FCPATH\index.php(55): CodeIgniter\CodeIgniter->run()
10 SYSTEMPATH\Commands\Server\rewrite.php(43): require_once('FCPATH\\index.php')
CRITICAL - 2022-06-23 09:38:22 --> Undefined variable $film
in APPPATH\Views\updatefilm.php on line 15.
 1 APPPATH\Views\updatefilm.php(15): CodeIgniter\Debug\Exceptions->errorHandler(2, 'Undefined variable $film', 'APPPATH\\Views\\updatefilm.php', 15)
 2 SYSTEMPATH\View\View.php(213): include('APPPATH\\Views\\updatefilm.php')
 3 SYSTEMPATH\View\View.php(216): CodeIgniter\View\View->CodeIgniter\View\{closure}()
 4 SYSTEMPATH\Common.php(1135): CodeIgniter\View\View->render('updatefilm', [], true)
 5 APPPATH\Controllers\Update.php(9): view('updatefilm')
 6 SYSTEMPATH\CodeIgniter.php(898): App\Controllers\Update->index()
 7 SYSTEMPATH\CodeIgniter.php(468): CodeIgniter\CodeIgniter->runController(Object(App\Controllers\Update))
 8 SYSTEMPATH\CodeIgniter.php(351): CodeIgniter\CodeIgniter->handleRequest(null, Object(Config\Cache), false)
 9 FCPATH\index.php(55): CodeIgniter\CodeIgniter->run()
10 SYSTEMPATH\Commands\Server\rewrite.php(43): require_once('FCPATH\\index.php')
CRITICAL - 2022-06-23 09:38:22 --> Undefined variable $film
in APPPATH\Views\updatefilm.php on line 15.
 1 APPPATH\Views\updatefilm.php(15): CodeIgniter\Debug\Exceptions->errorHandler(2, 'Undefined variable $film', 'APPPATH\\Views\\updatefilm.php', 15)
 2 SYSTEMPATH\View\View.php(213): include('APPPATH\\Views\\updatefilm.php')
 3 SYSTEMPATH\View\View.php(216): CodeIgniter\View\View->CodeIgniter\View\{closure}()
 4 SYSTEMPATH\Common.php(1135): CodeIgniter\View\View->render('updatefilm', [], true)
 5 APPPATH\Controllers\Update.php(9): view('updatefilm')
 6 SYSTEMPATH\CodeIgniter.php(898): App\Controllers\Update->index()
 7 SYSTEMPATH\CodeIgniter.php(468): CodeIgniter\CodeIgniter->runController(Object(App\Controllers\Update))
 8 SYSTEMPATH\CodeIgniter.php(351): CodeIgniter\CodeIgniter->handleRequest(null, Object(Config\Cache), false)
 9 FCPATH\index.php(55): CodeIgniter\CodeIgniter->run()
10 SYSTEMPATH\Commands\Server\rewrite.php(43): require_once('FCPATH\\index.php')
CRITICAL - 2022-06-23 09:38:23 --> Undefined variable $film
in APPPATH\Views\updatefilm.php on line 15.
 1 APPPATH\Views\updatefilm.php(15): CodeIgniter\Debug\Exceptions->errorHandler(2, 'Undefined variable $film', 'APPPATH\\Views\\updatefilm.php', 15)
 2 SYSTEMPATH\View\View.php(213): include('APPPATH\\Views\\updatefilm.php')
 3 SYSTEMPATH\View\View.php(216): CodeIgniter\View\View->CodeIgniter\View\{closure}()
 4 SYSTEMPATH\Common.php(1135): CodeIgniter\View\View->render('updatefilm', [], true)
 5 APPPATH\Controllers\Update.php(9): view('updatefilm')
 6 SYSTEMPATH\CodeIgniter.php(898): App\Controllers\Update->index()
 7 SYSTEMPATH\CodeIgniter.php(468): CodeIgniter\CodeIgniter->runController(Object(App\Controllers\Update))
 8 SYSTEMPATH\CodeIgniter.php(351): CodeIgniter\CodeIgniter->handleRequest(null, Object(Config\Cache), false)
 9 FCPATH\index.php(55): CodeIgniter\CodeIgniter->run()
10 SYSTEMPATH\Commands\Server\rewrite.php(43): require_once('FCPATH\\index.php')
CRITICAL - 2022-06-23 09:38:23 --> Undefined variable $film
in APPPATH\Views\updatefilm.php on line 15.
 1 APPPATH\Views\updatefilm.php(15): CodeIgniter\Debug\Exceptions->errorHandler(2, 'Undefined variable $film', 'APPPATH\\Views\\updatefilm.php', 15)
 2 SYSTEMPATH\View\View.php(213): include('APPPATH\\Views\\updatefilm.php')
 3 SYSTEMPATH\View\View.php(216): CodeIgniter\View\View->CodeIgniter\View\{closure}()
 4 SYSTEMPATH\Common.php(1135): CodeIgniter\View\View->render('updatefilm', [], true)
 5 APPPATH\Controllers\Update.php(9): view('updatefilm')
 6 SYSTEMPATH\CodeIgniter.php(898): App\Controllers\Update->index()
 7 SYSTEMPATH\CodeIgniter.php(468): CodeIgniter\CodeIgniter->runController(Object(App\Controllers\Update))
 8 SYSTEMPATH\CodeIgniter.php(351): CodeIgniter\CodeIgniter->handleRequest(null, Object(Config\Cache), false)
 9 FCPATH\index.php(55): CodeIgniter\CodeIgniter->run()
10 SYSTEMPATH\Commands\Server\rewrite.php(43): require_once('FCPATH\\index.php')
CRITICAL - 2022-06-23 09:38:23 --> Undefined variable $film
in APPPATH\Views\updatefilm.php on line 15.
 1 APPPATH\Views\updatefilm.php(15): CodeIgniter\Debug\Exceptions->errorHandler(2, 'Undefined variable $film', 'APPPATH\\Views\\updatefilm.php', 15)
 2 SYSTEMPATH\View\View.php(213): include('APPPATH\\Views\\updatefilm.php')
 3 SYSTEMPATH\View\View.php(216): CodeIgniter\View\View->CodeIgniter\View\{closure}()
 4 SYSTEMPATH\Common.php(1135): CodeIgniter\View\View->render('updatefilm', [], true)
 5 APPPATH\Controllers\Update.php(9): view('updatefilm')
 6 SYSTEMPATH\CodeIgniter.php(898): App\Controllers\Update->index()
 7 SYSTEMPATH\CodeIgniter.php(468): CodeIgniter\CodeIgniter->runController(Object(App\Controllers\Update))
 8 SYSTEMPATH\CodeIgniter.php(351): CodeIgniter\CodeIgniter->handleRequest(null, Object(Config\Cache), false)
 9 FCPATH\index.php(55): CodeIgniter\CodeIgniter->run()
10 SYSTEMPATH\Commands\Server\rewrite.php(43): require_once('FCPATH\\index.php')
CRITICAL - 2022-06-23 09:38:24 --> Undefined variable $film
in APPPATH\Views\updatefilm.php on line 15.
 1 APPPATH\Views\updatefilm.php(15): CodeIgniter\Debug\Exceptions->errorHandler(2, 'Undefined variable $film', 'APPPATH\\Views\\updatefilm.php', 15)
 2 SYSTEMPATH\View\View.php(213): include('APPPATH\\Views\\updatefilm.php')
 3 SYSTEMPATH\View\View.php(216): CodeIgniter\View\View->CodeIgniter\View\{closure}()
 4 SYSTEMPATH\Common.php(1135): CodeIgniter\View\View->render('updatefilm', [], true)
 5 APPPATH\Controllers\Update.php(9): view('updatefilm')
 6 SYSTEMPATH\CodeIgniter.php(898): App\Controllers\Update->index()
 7 SYSTEMPATH\CodeIgniter.php(468): CodeIgniter\CodeIgniter->runController(Object(App\Controllers\Update))
 8 SYSTEMPATH\CodeIgniter.php(351): CodeIgniter\CodeIgniter->handleRequest(null, Object(Config\Cache), false)
 9 FCPATH\index.php(55): CodeIgniter\CodeIgniter->run()
10 SYSTEMPATH\Commands\Server\rewrite.php(43): require_once('FCPATH\\index.php')
CRITICAL - 2022-06-23 09:38:24 --> Undefined variable $film
in APPPATH\Views\updatefilm.php on line 15.
 1 APPPATH\Views\updatefilm.php(15): CodeIgniter\Debug\Exceptions->errorHandler(2, 'Undefined variable $film', 'APPPATH\\Views\\updatefilm.php', 15)
 2 SYSTEMPATH\View\View.php(213): include('APPPATH\\Views\\updatefilm.php')
 3 SYSTEMPATH\View\View.php(216): CodeIgniter\View\View->CodeIgniter\View\{closure}()
 4 SYSTEMPATH\Common.php(1135): CodeIgniter\View\View->render('updatefilm', [], true)
 5 APPPATH\Controllers\Update.php(9): view('updatefilm')
 6 SYSTEMPATH\CodeIgniter.php(898): App\Controllers\Update->index()
 7 SYSTEMPATH\CodeIgniter.php(468): CodeIgniter\CodeIgniter->runController(Object(App\Controllers\Update))
 8 SYSTEMPATH\CodeIgniter.php(351): CodeIgniter\CodeIgniter->handleRequest(null, Object(Config\Cache), false)
 9 FCPATH\index.php(55): CodeIgniter\CodeIgniter->run()
10 SYSTEMPATH\Commands\Server\rewrite.php(43): require_once('FCPATH\\index.php')
CRITICAL - 2022-06-23 09:38:24 --> Undefined variable $film
in APPPATH\Views\updatefilm.php on line 15.
 1 APPPATH\Views\updatefilm.php(15): CodeIgniter\Debug\Exceptions->errorHandler(2, 'Undefined variable $film', 'APPPATH\\Views\\updatefilm.php', 15)
 2 SYSTEMPATH\View\View.php(213): include('APPPATH\\Views\\updatefilm.php')
 3 SYSTEMPATH\View\View.php(216): CodeIgniter\View\View->CodeIgniter\View\{closure}()
 4 SYSTEMPATH\Common.php(1135): CodeIgniter\View\View->render('updatefilm', [], true)
 5 APPPATH\Controllers\Update.php(9): view('updatefilm')
 6 SYSTEMPATH\CodeIgniter.php(898): App\Controllers\Update->index()
 7 SYSTEMPATH\CodeIgniter.php(468): CodeIgniter\CodeIgniter->runController(Object(App\Controllers\Update))
 8 SYSTEMPATH\CodeIgniter.php(351): CodeIgniter\CodeIgniter->handleRequest(null, Object(Config\Cache), false)
 9 FCPATH\index.php(55): CodeIgniter\CodeIgniter->run()
10 SYSTEMPATH\Commands\Server\rewrite.php(43): require_once('FCPATH\\index.php')
CRITICAL - 2022-06-23 09:38:25 --> Undefined variable $film
in APPPATH\Views\updatefilm.php on line 15.
 1 APPPATH\Views\updatefilm.php(15): CodeIgniter\Debug\Exceptions->errorHandler(2, 'Undefined variable $film', 'APPPATH\\Views\\updatefilm.php', 15)
 2 SYSTEMPATH\View\View.php(213): include('APPPATH\\Views\\updatefilm.php')
 3 SYSTEMPATH\View\View.php(216): CodeIgniter\View\View->CodeIgniter\View\{closure}()
 4 SYSTEMPATH\Common.php(1135): CodeIgniter\View\View->render('updatefilm', [], true)
 5 APPPATH\Controllers\Update.php(9): view('updatefilm')
 6 SYSTEMPATH\CodeIgniter.php(898): App\Controllers\Update->index()
 7 SYSTEMPATH\CodeIgniter.php(468): CodeIgniter\CodeIgniter->runController(Object(App\Controllers\Update))
 8 SYSTEMPATH\CodeIgniter.php(351): CodeIgniter\CodeIgniter->handleRequest(null, Object(Config\Cache), false)
 9 FCPATH\index.php(55): CodeIgniter\CodeIgniter->run()
10 SYSTEMPATH\Commands\Server\rewrite.php(43): require_once('FCPATH\\index.php')
CRITICAL - 2022-06-23 09:38:25 --> Undefined variable $film
in APPPATH\Views\updatefilm.php on line 15.
 1 APPPATH\Views\updatefilm.php(15): CodeIgniter\Debug\Exceptions->errorHandler(2, 'Undefined variable $film', 'APPPATH\\Views\\updatefilm.php', 15)
 2 SYSTEMPATH\View\View.php(213): include('APPPATH\\Views\\updatefilm.php')
 3 SYSTEMPATH\View\View.php(216): CodeIgniter\View\View->CodeIgniter\View\{closure}()
 4 SYSTEMPATH\Common.php(1135): CodeIgniter\View\View->render('updatefilm', [], true)
 5 APPPATH\Controllers\Update.php(9): view('updatefilm')
 6 SYSTEMPATH\CodeIgniter.php(898): App\Controllers\Update->index()
 7 SYSTEMPATH\CodeIgniter.php(468): CodeIgniter\CodeIgniter->runController(Object(App\Controllers\Update))
 8 SYSTEMPATH\CodeIgniter.php(351): CodeIgniter\CodeIgniter->handleRequest(null, Object(Config\Cache), false)
 9 FCPATH\index.php(55): CodeIgniter\CodeIgniter->run()
10 SYSTEMPATH\Commands\Server\rewrite.php(43): require_once('FCPATH\\index.php')
CRITICAL - 2022-06-23 09:38:25 --> Undefined variable $film
in APPPATH\Views\updatefilm.php on line 15.
 1 APPPATH\Views\updatefilm.php(15): CodeIgniter\Debug\Exceptions->errorHandler(2, 'Undefined variable $film', 'APPPATH\\Views\\updatefilm.php', 15)
 2 SYSTEMPATH\View\View.php(213): include('APPPATH\\Views\\updatefilm.php')
 3 SYSTEMPATH\View\View.php(216): CodeIgniter\View\View->CodeIgniter\View\{closure}()
 4 SYSTEMPATH\Common.php(1135): CodeIgniter\View\View->render('updatefilm', [], true)
 5 APPPATH\Controllers\Update.php(9): view('updatefilm')
 6 SYSTEMPATH\CodeIgniter.php(898): App\Controllers\Update->index()
 7 SYSTEMPATH\CodeIgniter.php(468): CodeIgniter\CodeIgniter->runController(Object(App\Controllers\Update))
 8 SYSTEMPATH\CodeIgniter.php(351): CodeIgniter\CodeIgniter->handleRequest(null, Object(Config\Cache), false)
 9 FCPATH\index.php(55): CodeIgniter\CodeIgniter->run()
10 SYSTEMPATH\Commands\Server\rewrite.php(43): require_once('FCPATH\\index.php')
CRITICAL - 2022-06-23 09:38:26 --> Undefined variable $film
in APPPATH\Views\updatefilm.php on line 15.
 1 APPPATH\Views\updatefilm.php(15): CodeIgniter\Debug\Exceptions->errorHandler(2, 'Undefined variable $film', 'APPPATH\\Views\\updatefilm.php', 15)
 2 SYSTEMPATH\View\View.php(213): include('APPPATH\\Views\\updatefilm.php')
 3 SYSTEMPATH\View\View.php(216): CodeIgniter\View\View->CodeIgniter\View\{closure}()
 4 SYSTEMPATH\Common.php(1135): CodeIgniter\View\View->render('updatefilm', [], true)
 5 APPPATH\Controllers\Update.php(9): view('updatefilm')
 6 SYSTEMPATH\CodeIgniter.php(898): App\Controllers\Update->index()
 7 SYSTEMPATH\CodeIgniter.php(468): CodeIgniter\CodeIgniter->runController(Object(App\Controllers\Update))
 8 SYSTEMPATH\CodeIgniter.php(351): CodeIgniter\CodeIgniter->handleRequest(null, Object(Config\Cache), false)
 9 FCPATH\index.php(55): CodeIgniter\CodeIgniter->run()
10 SYSTEMPATH\Commands\Server\rewrite.php(43): require_once('FCPATH\\index.php')
CRITICAL - 2022-06-23 09:38:26 --> Undefined variable $film
in APPPATH\Views\updatefilm.php on line 15.
 1 APPPATH\Views\updatefilm.php(15): CodeIgniter\Debug\Exceptions->errorHandler(2, 'Undefined variable $film', 'APPPATH\\Views\\updatefilm.php', 15)
 2 SYSTEMPATH\View\View.php(213): include('APPPATH\\Views\\updatefilm.php')
 3 SYSTEMPATH\View\View.php(216): CodeIgniter\View\View->CodeIgniter\View\{closure}()
 4 SYSTEMPATH\Common.php(1135): CodeIgniter\View\View->render('updatefilm', [], true)
 5 APPPATH\Controllers\Update.php(9): view('updatefilm')
 6 SYSTEMPATH\CodeIgniter.php(898): App\Controllers\Update->index()
 7 SYSTEMPATH\CodeIgniter.php(468): CodeIgniter\CodeIgniter->runController(Object(App\Controllers\Update))
 8 SYSTEMPATH\CodeIgniter.php(351): CodeIgniter\CodeIgniter->handleRequest(null, Object(Config\Cache), false)
 9 FCPATH\index.php(55): CodeIgniter\CodeIgniter->run()
10 SYSTEMPATH\Commands\Server\rewrite.php(43): require_once('FCPATH\\index.php')
CRITICAL - 2022-06-23 09:38:26 --> Undefined variable $film
in APPPATH\Views\updatefilm.php on line 15.
 1 APPPATH\Views\updatefilm.php(15): CodeIgniter\Debug\Exceptions->errorHandler(2, 'Undefined variable $film', 'APPPATH\\Views\\updatefilm.php', 15)
 2 SYSTEMPATH\View\View.php(213): include('APPPATH\\Views\\updatefilm.php')
 3 SYSTEMPATH\View\View.php(216): CodeIgniter\View\View->CodeIgniter\View\{closure}()
 4 SYSTEMPATH\Common.php(1135): CodeIgniter\View\View->render('updatefilm', [], true)
 5 APPPATH\Controllers\Update.php(9): view('updatefilm')
 6 SYSTEMPATH\CodeIgniter.php(898): App\Controllers\Update->index()
 7 SYSTEMPATH\CodeIgniter.php(468): CodeIgniter\CodeIgniter->runController(Object(App\Controllers\Update))
 8 SYSTEMPATH\CodeIgniter.php(351): CodeIgniter\CodeIgniter->handleRequest(null, Object(Config\Cache), false)
 9 FCPATH\index.php(55): CodeIgniter\CodeIgniter->run()
10 SYSTEMPATH\Commands\Server\rewrite.php(43): require_once('FCPATH\\index.php')
CRITICAL - 2022-06-23 09:38:27 --> Undefined variable $film
in APPPATH\Views\updatefilm.php on line 15.
 1 APPPATH\Views\updatefilm.php(15): CodeIgniter\Debug\Exceptions->errorHandler(2, 'Undefined variable $film', 'APPPATH\\Views\\updatefilm.php', 15)
 2 SYSTEMPATH\View\View.php(213): include('APPPATH\\Views\\updatefilm.php')
 3 SYSTEMPATH\View\View.php(216): CodeIgniter\View\View->CodeIgniter\View\{closure}()
 4 SYSTEMPATH\Common.php(1135): CodeIgniter\View\View->render('updatefilm', [], true)
 5 APPPATH\Controllers\Update.php(9): view('updatefilm')
 6 SYSTEMPATH\CodeIgniter.php(898): App\Controllers\Update->index()
 7 SYSTEMPATH\CodeIgniter.php(468): CodeIgniter\CodeIgniter->runController(Object(App\Controllers\Update))
 8 SYSTEMPATH\CodeIgniter.php(351): CodeIgniter\CodeIgniter->handleRequest(null, Object(Config\Cache), false)
 9 FCPATH\index.php(55): CodeIgniter\CodeIgniter->run()
10 SYSTEMPATH\Commands\Server\rewrite.php(43): require_once('FCPATH\\index.php')
CRITICAL - 2022-06-23 09:38:27 --> Undefined variable $film
in APPPATH\Views\updatefilm.php on line 15.
 1 APPPATH\Views\updatefilm.php(15): CodeIgniter\Debug\Exceptions->errorHandler(2, 'Undefined variable $film', 'APPPATH\\Views\\updatefilm.php', 15)
 2 SYSTEMPATH\View\View.php(213): include('APPPATH\\Views\\updatefilm.php')
 3 SYSTEMPATH\View\View.php(216): CodeIgniter\View\View->CodeIgniter\View\{closure}()
 4 SYSTEMPATH\Common.php(1135): CodeIgniter\View\View->render('updatefilm', [], true)
 5 APPPATH\Controllers\Update.php(9): view('updatefilm')
 6 SYSTEMPATH\CodeIgniter.php(898): App\Controllers\Update->index()
 7 SYSTEMPATH\CodeIgniter.php(468): CodeIgniter\CodeIgniter->runController(Object(App\Controllers\Update))
 8 SYSTEMPATH\CodeIgniter.php(351): CodeIgniter\CodeIgniter->handleRequest(null, Object(Config\Cache), false)
 9 FCPATH\index.php(55): CodeIgniter\CodeIgniter->run()
10 SYSTEMPATH\Commands\Server\rewrite.php(43): require_once('FCPATH\\index.php')
CRITICAL - 2022-06-23 09:38:28 --> Undefined variable $film
in APPPATH\Views\updatefilm.php on line 15.
 1 APPPATH\Views\updatefilm.php(15): CodeIgniter\Debug\Exceptions->errorHandler(2, 'Undefined variable $film', 'APPPATH\\Views\\updatefilm.php', 15)
 2 SYSTEMPATH\View\View.php(213): include('APPPATH\\Views\\updatefilm.php')
 3 SYSTEMPATH\View\View.php(216): CodeIgniter\View\View->CodeIgniter\View\{closure}()
 4 SYSTEMPATH\Common.php(1135): CodeIgniter\View\View->render('updatefilm', [], true)
 5 APPPATH\Controllers\Update.php(9): view('updatefilm')
 6 SYSTEMPATH\CodeIgniter.php(898): App\Controllers\Update->index()
 7 SYSTEMPATH\CodeIgniter.php(468): CodeIgniter\CodeIgniter->runController(Object(App\Controllers\Update))
 8 SYSTEMPATH\CodeIgniter.php(351): CodeIgniter\CodeIgniter->handleRequest(null, Object(Config\Cache), false)
 9 FCPATH\index.php(55): CodeIgniter\CodeIgniter->run()
10 SYSTEMPATH\Commands\Server\rewrite.php(43): require_once('FCPATH\\index.php')
CRITICAL - 2022-06-23 20:57:24 --> syntax error, unexpected identifier "dd"
in APPPATH\Controllers\Tambah.php on line 26.
 1 SYSTEMPATH\Autoloader\Autoloader.php(261): CodeIgniter\Autoloader\Autoloader->includeFile('APPPATH\\Controllers\\Tambah.php')
 2 SYSTEMPATH\Autoloader\Autoloader.php(239): CodeIgniter\Autoloader\Autoloader->loadInNamespace('App\\Controllers\\Tambah')
 3 [internal function]: CodeIgniter\Autoloader\Autoloader->loadClass('App\\Controllers\\Tambah')
 4 SYSTEMPATH\CodeIgniter.php(848): class_exists('\\App\\Controllers\\Tambah', true)
 5 SYSTEMPATH\CodeIgniter.php(455): CodeIgniter\CodeIgniter->startController()
 6 SYSTEMPATH\CodeIgniter.php(351): CodeIgniter\CodeIgniter->handleRequest(null, Object(Config\Cache), false)
 7 FCPATH\index.php(55): CodeIgniter\CodeIgniter->run()
 8 SYSTEMPATH\Commands\Server\rewrite.php(43): require_once('FCPATH\\index.php')
CRITICAL - 2022-06-23 20:57:36 --> syntax error, unexpected variable "$data"
in APPPATH\Controllers\Tambah.php on line 28.
 1 SYSTEMPATH\Autoloader\Autoloader.php(261): CodeIgniter\Autoloader\Autoloader->includeFile('APPPATH\\Controllers\\Tambah.php')
 2 SYSTEMPATH\Autoloader\Autoloader.php(239): CodeIgniter\Autoloader\Autoloader->loadInNamespace('App\\Controllers\\Tambah')
 3 [internal function]: CodeIgniter\Autoloader\Autoloader->loadClass('App\\Controllers\\Tambah')
 4 SYSTEMPATH\CodeIgniter.php(848): class_exists('\\App\\Controllers\\Tambah', true)
 5 SYSTEMPATH\CodeIgniter.php(455): CodeIgniter\CodeIgniter->startController()
 6 SYSTEMPATH\CodeIgniter.php(351): CodeIgniter\CodeIgniter->handleRequest(null, Object(Config\Cache), false)
 7 FCPATH\index.php(55): CodeIgniter\CodeIgniter->run()
 8 SYSTEMPATH\Commands\Server\rewrite.php(43): require_once('FCPATH\\index.php')
CRITICAL - 2022-06-23 21:16:53 --> syntax error, unexpected token "=>"
in APPPATH\Controllers\Tambah.php on line 32.
 1 SYSTEMPATH\Autoloader\Autoloader.php(261): CodeIgniter\Autoloader\Autoloader->includeFile('APPPATH\\Controllers\\Tambah.php')
 2 SYSTEMPATH\Autoloader\Autoloader.php(239): CodeIgniter\Autoloader\Autoloader->loadInNamespace('App\\Controllers\\Tambah')
 3 [internal function]: CodeIgniter\Autoloader\Autoloader->loadClass('App\\Controllers\\Tambah')
 4 SYSTEMPATH\CodeIgniter.php(848): class_exists('\\App\\Controllers\\Tambah', true)
 5 SYSTEMPATH\CodeIgniter.php(455): CodeIgniter\CodeIgniter->startController()
 6 SYSTEMPATH\CodeIgniter.php(351): CodeIgniter\CodeIgniter->handleRequest(null, Object(Config\Cache), false)
 7 FCPATH\index.php(55): CodeIgniter\CodeIgniter->run()
 8 SYSTEMPATH\Commands\Server\rewrite.php(43): require_once('FCPATH\\index.php')
CRITICAL - 2022-06-23 21:17:15 --> Constant expression contains invalid operations
in APPPATH\Models\FilmModel.php on line 11.
 1 [internal function]: CodeIgniter\Debug\Exceptions->shutdownHandler()
CRITICAL - 2022-06-23 22:19:56 --> syntax error, unexpected token ";", expecting "]"
in APPPATH\Controllers\Tambah.php on line 32.
 1 SYSTEMPATH\Autoloader\Autoloader.php(261): CodeIgniter\Autoloader\Autoloader->includeFile('APPPATH\\Controllers\\Tambah.php')
 2 SYSTEMPATH\Autoloader\Autoloader.php(239): CodeIgniter\Autoloader\Autoloader->loadInNamespace('App\\Controllers\\Tambah')
 3 [internal function]: CodeIgniter\Autoloader\Autoloader->loadClass('App\\Controllers\\Tambah')
 4 SYSTEMPATH\CodeIgniter.php(848): class_exists('\\App\\Controllers\\Tambah', true)
 5 SYSTEMPATH\CodeIgniter.php(455): CodeIgniter\CodeIgniter->startController()
 6 SYSTEMPATH\CodeIgniter.php(351): CodeIgniter\CodeIgniter->handleRequest(null, Object(Config\Cache), false)
 7 FCPATH\index.php(55): CodeIgniter\CodeIgniter->run()
 8 SYSTEMPATH\Commands\Server\rewrite.php(43): require_once('FCPATH\\index.php')
CRITICAL - 2022-06-23 22:23:03 --> syntax error, unexpected identifier "cover", expecting ")"
in APPPATH\Views\tambahfilm.php on line 31.
 1 SYSTEMPATH\View\View.php(216): CodeIgniter\View\View->CodeIgniter\View\{closure}()
 2 SYSTEMPATH\Common.php(1135): CodeIgniter\View\View->render('tambahfilm', [], true)
 3 APPPATH\Controllers\Tambah.php(20): view('tambahfilm', [...])
 4 SYSTEMPATH\CodeIgniter.php(898): App\Controllers\Tambah->index()
 5 SYSTEMPATH\CodeIgniter.php(468): CodeIgniter\CodeIgniter->runController(Object(App\Controllers\Tambah))
 6 SYSTEMPATH\CodeIgniter.php(351): CodeIgniter\CodeIgniter->handleRequest(null, Object(Config\Cache), false)
 7 FCPATH\index.php(55): CodeIgniter\CodeIgniter->run()
 8 SYSTEMPATH\Commands\Server\rewrite.php(43): require_once('FCPATH\\index.php')
CRITICAL - 2022-06-23 22:23:25 --> syntax error, unexpected string content "", expecting "-" or identifier or variable or number
in APPPATH\Views\tambahfilm.php on line 31.
 1 SYSTEMPATH\View\View.php(216): CodeIgniter\View\View->CodeIgniter\View\{closure}()
 2 SYSTEMPATH\Common.php(1135): CodeIgniter\View\View->render('tambahfilm', [], true)
 3 APPPATH\Controllers\Tambah.php(20): view('tambahfilm', [...])
 4 SYSTEMPATH\CodeIgniter.php(898): App\Controllers\Tambah->index()
 5 SYSTEMPATH\CodeIgniter.php(468): CodeIgniter\CodeIgniter->runController(Object(App\Controllers\Tambah))
 6 SYSTEMPATH\CodeIgniter.php(351): CodeIgniter\CodeIgniter->handleRequest(null, Object(Config\Cache), false)
 7 FCPATH\index.php(55): CodeIgniter\CodeIgniter->run()
 8 SYSTEMPATH\Commands\Server\rewrite.php(43): require_once('FCPATH\\index.php')
CRITICAL - 2022-06-23 22:24:08 --> syntax error, unexpected string content "", expecting "-" or identifier or variable or number
in APPPATH\Views\tambahfilm.php on line 31.
 1 SYSTEMPATH\View\View.php(216): CodeIgniter\View\View->CodeIgniter\View\{closure}()
 2 SYSTEMPATH\Common.php(1135): CodeIgniter\View\View->render('tambahfilm', [], true)
 3 APPPATH\Controllers\Tambah.php(20): view('tambahfilm', [...])
 4 SYSTEMPATH\CodeIgniter.php(898): App\Controllers\Tambah->index()
 5 SYSTEMPATH\CodeIgniter.php(468): CodeIgniter\CodeIgniter->runController(Object(App\Controllers\Tambah))
 6 SYSTEMPATH\CodeIgniter.php(351): CodeIgniter\CodeIgniter->handleRequest(null, Object(Config\Cache), false)
 7 FCPATH\index.php(55): CodeIgniter\CodeIgniter->run()
 8 SYSTEMPATH\Commands\Server\rewrite.php(43): require_once('FCPATH\\index.php')
CRITICAL - 2022-06-23 22:36:04 --> Invalid file: updateview.php
in SYSTEMPATH\Exceptions\FrameworkException.php on line 33.
 1 SYSTEMPATH\View\View.php(201): CodeIgniter\Exceptions\FrameworkException::forInvalidFile('updateview.php')
 2 SYSTEMPATH\Common.php(1135): CodeIgniter\View\View->render('updateview', [], true)
 3 APPPATH\Controllers\Tambah.php(30): view('updateview', [...])
 4 SYSTEMPATH\CodeIgniter.php(898): App\Controllers\Tambah->vupdate('22')
 5 SYSTEMPATH\CodeIgniter.php(468): CodeIgniter\CodeIgniter->runController(Object(App\Controllers\Tambah))
 6 SYSTEMPATH\CodeIgniter.php(351): CodeIgniter\CodeIgniter->handleRequest(null, Object(Config\Cache), false)
 7 FCPATH\index.php(55): CodeIgniter\CodeIgniter->run()
 8 SYSTEMPATH\Commands\Server\rewrite.php(43): require_once('FCPATH\\index.php')
CRITICAL - 2022-06-23 22:54:41 --> Class "codeigniter\exception\PageNotfoundException" not found
in APPPATH\Controllers\Tambah.php on line 35.
 1 SYSTEMPATH\CodeIgniter.php(898): App\Controllers\Tambah->vupdate('2')
 2 SYSTEMPATH\CodeIgniter.php(468): CodeIgniter\CodeIgniter->runController(Object(App\Controllers\Tambah))
 3 SYSTEMPATH\CodeIgniter.php(351): CodeIgniter\CodeIgniter->handleRequest(null, Object(Config\Cache), false)
 4 FCPATH\index.php(55): CodeIgniter\CodeIgniter->run()
 5 SYSTEMPATH\Commands\Server\rewrite.php(43): require_once('FCPATH\\index.php')
CRITICAL - 2022-06-23 23:01:24 --> Class "Codeigniter\Exception\PageNotfoundException" not found
in APPPATH\Controllers\Tambah.php on line 35.
 1 SYSTEMPATH\CodeIgniter.php(898): App\Controllers\Tambah->vupdate('22')
 2 SYSTEMPATH\CodeIgniter.php(468): CodeIgniter\CodeIgniter->runController(Object(App\Controllers\Tambah))
 3 SYSTEMPATH\CodeIgniter.php(351): CodeIgniter\CodeIgniter->handleRequest(null, Object(Config\Cache), false)
 4 FCPATH\index.php(55): CodeIgniter\CodeIgniter->run()
 5 SYSTEMPATH\Commands\Server\rewrite.php(43): require_once('FCPATH\\index.php')
CRITICAL - 2022-06-23 23:06:06 --> Undefined variable $group
in APPPATH\Controllers\Tambah.php on line 29.
 1 APPPATH\Controllers\Tambah.php(29): CodeIgniter\Debug\Exceptions->errorHandler(2, 'Undefined variable $group', 'APPPATH\\Controllers\\Tambah.php', 29)
 2 SYSTEMPATH\CodeIgniter.php(898): App\Controllers\Tambah->vupdate('22')
 3 SYSTEMPATH\CodeIgniter.php(468): CodeIgniter\CodeIgniter->runController(Object(App\Controllers\Tambah))
 4 SYSTEMPATH\CodeIgniter.php(351): CodeIgniter\CodeIgniter->handleRequest(null, Object(Config\Cache), false)
 5 FCPATH\index.php(55): CodeIgniter\CodeIgniter->run()
 6 SYSTEMPATH\Commands\Server\rewrite.php(43): require_once('FCPATH\\index.php')
CRITICAL - 2022-06-23 23:06:45 --> Attempt to read property "judul" on string
in APPPATH\Views\updatefilm.php on line 19.
 1 APPPATH\Views\updatefilm.php(19): CodeIgniter\Debug\Exceptions->errorHandler(2, 'Attempt to read property "judul" on string', 'APPPATH\\Views\\updatefilm.php', 19)
 2 SYSTEMPATH\View\View.php(213): include('APPPATH\\Views\\updatefilm.php')
 3 SYSTEMPATH\View\View.php(216): CodeIgniter\View\View->CodeIgniter\View\{closure}()
 4 SYSTEMPATH\Common.php(1135): CodeIgniter\View\View->render('updatefilm', [], true)
 5 APPPATH\Controllers\Tambah.php(30): view('updatefilm', [...])
 6 SYSTEMPATH\CodeIgniter.php(898): App\Controllers\Tambah->vupdate('22')
 7 SYSTEMPATH\CodeIgniter.php(468): CodeIgniter\CodeIgniter->runController(Object(App\Controllers\Tambah))
 8 SYSTEMPATH\CodeIgniter.php(351): CodeIgniter\CodeIgniter->handleRequest(null, Object(Config\Cache), false)
 9 FCPATH\index.php(55): CodeIgniter\CodeIgniter->run()
10 SYSTEMPATH\Commands\Server\rewrite.php(43): require_once('FCPATH\\index.php')
CRITICAL - 2022-06-23 23:10:58 --> Cannot access offset of type string on string
in APPPATH\Views\updatefilm.php on line 19.
 1 SYSTEMPATH\View\View.php(213): include()
 2 SYSTEMPATH\View\View.php(216): CodeIgniter\View\View->CodeIgniter\View\{closure}()
 3 SYSTEMPATH\Common.php(1135): CodeIgniter\View\View->render('updatefilm', [], true)
 4 APPPATH\Controllers\Tambah.php(30): view('updatefilm', [...])
 5 SYSTEMPATH\CodeIgniter.php(898): App\Controllers\Tambah->vupdate('22')
 6 SYSTEMPATH\CodeIgniter.php(468): CodeIgniter\CodeIgniter->runController(Object(App\Controllers\Tambah))
 7 SYSTEMPATH\CodeIgniter.php(351): CodeIgniter\CodeIgniter->handleRequest(null, Object(Config\Cache), false)
 8 FCPATH\index.php(55): CodeIgniter\CodeIgniter->run()
 9 SYSTEMPATH\Commands\Server\rewrite.php(43): require_once('FCPATH\\index.php')
CRITICAL - 2022-06-23 23:12:37 --> Cannot access offset of type string on string
in APPPATH\Views\updatefilm.php on line 19.
 1 SYSTEMPATH\View\View.php(213): include()
 2 SYSTEMPATH\View\View.php(216): CodeIgniter\View\View->CodeIgniter\View\{closure}()
 3 SYSTEMPATH\Common.php(1135): CodeIgniter\View\View->render('updatefilm', [], true)
 4 APPPATH\Controllers\Tambah.php(30): view('updatefilm', [...])
 5 SYSTEMPATH\CodeIgniter.php(898): App\Controllers\Tambah->vupdate('22')
 6 SYSTEMPATH\CodeIgniter.php(468): CodeIgniter\CodeIgniter->runController(Object(App\Controllers\Tambah))
 7 SYSTEMPATH\CodeIgniter.php(351): CodeIgniter\CodeIgniter->handleRequest(null, Object(Config\Cache), false)
 8 FCPATH\index.php(55): CodeIgniter\CodeIgniter->run()
 9 SYSTEMPATH\Commands\Server\rewrite.php(43): require_once('FCPATH\\index.php')
CRITICAL - 2022-06-23 23:13:00 --> Cannot access offset of type string on string
in APPPATH\Views\updatefilm.php on line 19.
 1 SYSTEMPATH\View\View.php(213): include()
 2 SYSTEMPATH\View\View.php(216): CodeIgniter\View\View->CodeIgniter\View\{closure}()
 3 SYSTEMPATH\Common.php(1135): CodeIgniter\View\View->render('updatefilm', [], true)
 4 APPPATH\Controllers\Tambah.php(30): view('updatefilm', [...])
 5 SYSTEMPATH\CodeIgniter.php(898): App\Controllers\Tambah->vupdate('22')
 6 SYSTEMPATH\CodeIgniter.php(468): CodeIgniter\CodeIgniter->runController(Object(App\Controllers\Tambah))
 7 SYSTEMPATH\CodeIgniter.php(351): CodeIgniter\CodeIgniter->handleRequest(null, Object(Config\Cache), false)
 8 FCPATH\index.php(55): CodeIgniter\CodeIgniter->run()
 9 SYSTEMPATH\Commands\Server\rewrite.php(43): require_once('FCPATH\\index.php')
CRITICAL - 2022-06-23 23:13:41 --> syntax error, unexpected token "endforeach", expecting end of file
in APPPATH\Views\updatefilm.php on line 67.
 1 SYSTEMPATH\View\View.php(216): CodeIgniter\View\View->CodeIgniter\View\{closure}()
 2 SYSTEMPATH\Common.php(1135): CodeIgniter\View\View->render('updatefilm', [], true)
 3 APPPATH\Controllers\Tambah.php(30): view('updatefilm', [...])
 4 SYSTEMPATH\CodeIgniter.php(898): App\Controllers\Tambah->vupdate('22')
 5 SYSTEMPATH\CodeIgniter.php(468): CodeIgniter\CodeIgniter->runController(Object(App\Controllers\Tambah))
 6 SYSTEMPATH\CodeIgniter.php(351): CodeIgniter\CodeIgniter->handleRequest(null, Object(Config\Cache), false)
 7 FCPATH\index.php(55): CodeIgniter\CodeIgniter->run()
 8 SYSTEMPATH\Commands\Server\rewrite.php(43): require_once('FCPATH\\index.php')
CRITICAL - 2022-06-23 23:14:08 --> syntax error, unexpected token "endforeach", expecting end of file
in APPPATH\Views\updatefilm.php on line 66.
 1 SYSTEMPATH\View\View.php(216): CodeIgniter\View\View->CodeIgniter\View\{closure}()
 2 SYSTEMPATH\Common.php(1135): CodeIgniter\View\View->render('updatefilm', [], true)
 3 APPPATH\Controllers\Tambah.php(30): view('updatefilm', [...])
 4 SYSTEMPATH\CodeIgniter.php(898): App\Controllers\Tambah->vupdate('22')
 5 SYSTEMPATH\CodeIgniter.php(468): CodeIgniter\CodeIgniter->runController(Object(App\Controllers\Tambah))
 6 SYSTEMPATH\CodeIgniter.php(351): CodeIgniter\CodeIgniter->handleRequest(null, Object(Config\Cache), false)
 7 FCPATH\index.php(55): CodeIgniter\CodeIgniter->run()
 8 SYSTEMPATH\Commands\Server\rewrite.php(43): require_once('FCPATH\\index.php')
CRITICAL - 2022-06-23 23:15:59 --> syntax error, unexpected token "endforeach", expecting end of file
in APPPATH\Views\updatefilm.php on line 65.
 1 SYSTEMPATH\View\View.php(216): CodeIgniter\View\View->CodeIgniter\View\{closure}()
 2 SYSTEMPATH\Common.php(1135): CodeIgniter\View\View->render('updatefilm', [], true)
 3 APPPATH\Controllers\Tambah.php(30): view('updatefilm', [...])
 4 SYSTEMPATH\CodeIgniter.php(898): App\Controllers\Tambah->vupdate('22')
 5 SYSTEMPATH\CodeIgniter.php(468): CodeIgniter\CodeIgniter->runController(Object(App\Controllers\Tambah))
 6 SYSTEMPATH\CodeIgniter.php(351): CodeIgniter\CodeIgniter->handleRequest(null, Object(Config\Cache), false)
 7 FCPATH\index.php(55): CodeIgniter\CodeIgniter->run()
 8 SYSTEMPATH\Commands\Server\rewrite.php(43): require_once('FCPATH\\index.php')
CRITICAL - 2022-06-23 23:19:27 --> Undefined variable $value
in APPPATH\Views\updatefilm.php on line 48.
 1 APPPATH\Views\updatefilm.php(48): CodeIgniter\Debug\Exceptions->errorHandler(2, 'Undefined variable $value', 'APPPATH\\Views\\updatefilm.php', 48)
 2 SYSTEMPATH\View\View.php(213): include('APPPATH\\Views\\updatefilm.php')
 3 SYSTEMPATH\View\View.php(216): CodeIgniter\View\View->CodeIgniter\View\{closure}()
 4 SYSTEMPATH\Common.php(1135): CodeIgniter\View\View->render('updatefilm', [], true)
 5 APPPATH\Controllers\Tambah.php(30): view('updatefilm', [...])
 6 SYSTEMPATH\CodeIgniter.php(898): App\Controllers\Tambah->vupdate('22')
 7 SYSTEMPATH\CodeIgniter.php(468): CodeIgniter\CodeIgniter->runController(Object(App\Controllers\Tambah))
 8 SYSTEMPATH\CodeIgniter.php(351): CodeIgniter\CodeIgniter->handleRequest(null, Object(Config\Cache), false)
 9 FCPATH\index.php(55): CodeIgniter\CodeIgniter->run()
10 SYSTEMPATH\Commands\Server\rewrite.php(43): require_once('FCPATH\\index.php')
CRITICAL - 2022-06-23 23:33:08 --> syntax error, unexpected string content "", expecting "-" or identifier or variable or number
in APPPATH\Views\updatefilm.php on line 46.
 1 SYSTEMPATH\View\View.php(216): CodeIgniter\View\View->CodeIgniter\View\{closure}()
 2 SYSTEMPATH\Common.php(1135): CodeIgniter\View\View->render('updatefilm', [], true)
 3 APPPATH\Controllers\Tambah.php(30): view('updatefilm', [...])
 4 SYSTEMPATH\CodeIgniter.php(898): App\Controllers\Tambah->vupdate('22')
 5 SYSTEMPATH\CodeIgniter.php(468): CodeIgniter\CodeIgniter->runController(Object(App\Controllers\Tambah))
 6 SYSTEMPATH\CodeIgniter.php(351): CodeIgniter\CodeIgniter->handleRequest(null, Object(Config\Cache), false)
 7 FCPATH\index.php(55): CodeIgniter\CodeIgniter->run()
 8 SYSTEMPATH\Commands\Server\rewrite.php(43): require_once('FCPATH\\index.php')
CRITICAL - 2022-06-23 23:33:50 --> syntax error, unexpected identifier "cover", expecting ")"
in APPPATH\Views\updatefilm.php on line 46.
 1 SYSTEMPATH\View\View.php(216): CodeIgniter\View\View->CodeIgniter\View\{closure}()
 2 SYSTEMPATH\Common.php(1135): CodeIgniter\View\View->render('updatefilm', [], true)
 3 APPPATH\Controllers\Tambah.php(30): view('updatefilm', [...])
 4 SYSTEMPATH\CodeIgniter.php(898): App\Controllers\Tambah->vupdate('22')
 5 SYSTEMPATH\CodeIgniter.php(468): CodeIgniter\CodeIgniter->runController(Object(App\Controllers\Tambah))
 6 SYSTEMPATH\CodeIgniter.php(351): CodeIgniter\CodeIgniter->handleRequest(null, Object(Config\Cache), false)
 7 FCPATH\index.php(55): CodeIgniter\CodeIgniter->run()
 8 SYSTEMPATH\Commands\Server\rewrite.php(43): require_once('FCPATH\\index.php')
CRITICAL - 2022-06-23 23:42:22 --> Undefined variable $value
in APPPATH\Views\updatefilm.php on line 58.
 1 APPPATH\Views\updatefilm.php(58): CodeIgniter\Debug\Exceptions->errorHandler(2, 'Undefined variable $value', 'APPPATH\\Views\\updatefilm.php', 58)
 2 SYSTEMPATH\View\View.php(213): include('APPPATH\\Views\\updatefilm.php')
 3 SYSTEMPATH\View\View.php(216): CodeIgniter\View\View->CodeIgniter\View\{closure}()
 4 SYSTEMPATH\Common.php(1135): CodeIgniter\View\View->render('updatefilm', [], true)
 5 APPPATH\Controllers\Tambah.php(30): view('updatefilm', [...])
 6 SYSTEMPATH\CodeIgniter.php(898): App\Controllers\Tambah->vupdate('22')
 7 SYSTEMPATH\CodeIgniter.php(468): CodeIgniter\CodeIgniter->runController(Object(App\Controllers\Tambah))
 8 SYSTEMPATH\CodeIgniter.php(351): CodeIgniter\CodeIgniter->handleRequest(null, Object(Config\Cache), false)
 9 FCPATH\index.php(55): CodeIgniter\CodeIgniter->run()
10 SYSTEMPATH\Commands\Server\rewrite.php(43): require_once('FCPATH\\index.php')
CRITICAL - 2022-06-23 23:44:36 --> Call to undefined method CodeIgniter\Database\MySQLi\Connection::get_where()
in APPPATH\Models\FilmModel.php on line 15.
 1 APPPATH\Controllers\Tambah.php(65): App\Models\FilmModel->edit_data([...], 'movie')
 2 SYSTEMPATH\CodeIgniter.php(898): App\Controllers\Tambah->update('22')
 3 SYSTEMPATH\CodeIgniter.php(468): CodeIgniter\CodeIgniter->runController(Object(App\Controllers\Tambah))
 4 SYSTEMPATH\CodeIgniter.php(351): CodeIgniter\CodeIgniter->handleRequest(null, Object(Config\Cache), false)
 5 FCPATH\index.php(55): CodeIgniter\CodeIgniter->run()
 6 SYSTEMPATH\Commands\Server\rewrite.php(43): require_once('FCPATH\\index.php')
CRITICAL - 2022-06-23 23:45:27 --> There is no data to update.
in SYSTEMPATH\BaseModel.php on line 1576.
 1 SYSTEMPATH\BaseModel.php(1576): CodeIgniter\Database\Exceptions\DataException::forEmptyDataset('update')
 2 SYSTEMPATH\BaseModel.php(832): CodeIgniter\BaseModel->transformDataToArray(null, 'update')
 3 SYSTEMPATH\Model.php(692): CodeIgniter\BaseModel->update([...], null)
 4 APPPATH\Controllers\Tambah.php(66): CodeIgniter\Model->update([...])
 5 SYSTEMPATH\CodeIgniter.php(898): App\Controllers\Tambah->update('22')
 6 SYSTEMPATH\CodeIgniter.php(468): CodeIgniter\CodeIgniter->runController(Object(App\Controllers\Tambah))
 7 SYSTEMPATH\CodeIgniter.php(351): CodeIgniter\CodeIgniter->handleRequest(null, Object(Config\Cache), false)
 8 FCPATH\index.php(55): CodeIgniter\CodeIgniter->run()
 9 SYSTEMPATH\Commands\Server\rewrite.php(43): require_once('FCPATH\\index.php')
CRITICAL - 2022-06-23 23:46:24 --> There is no data to update.
in SYSTEMPATH\BaseModel.php on line 1576.
 1 SYSTEMPATH\BaseModel.php(1576): CodeIgniter\Database\Exceptions\DataException::forEmptyDataset('update')
 2 SYSTEMPATH\BaseModel.php(832): CodeIgniter\BaseModel->transformDataToArray(null, 'update')
 3 SYSTEMPATH\Model.php(692): CodeIgniter\BaseModel->update([...], null)
 4 APPPATH\Controllers\Tambah.php(65): CodeIgniter\Model->update([...])
 5 SYSTEMPATH\CodeIgniter.php(898): App\Controllers\Tambah->update('22')
 6 SYSTEMPATH\CodeIgniter.php(468): CodeIgniter\CodeIgniter->runController(Object(App\Controllers\Tambah))
 7 SYSTEMPATH\CodeIgniter.php(351): CodeIgniter\CodeIgniter->handleRequest(null, Object(Config\Cache), false)
 8 FCPATH\index.php(55): CodeIgniter\CodeIgniter->run()
 9 SYSTEMPATH\Commands\Server\rewrite.php(43): require_once('FCPATH\\index.php')
CRITICAL - 2022-06-23 23:54:17 --> There is no data to update.
in SYSTEMPATH\BaseModel.php on line 1576.
 1 SYSTEMPATH\BaseModel.php(1576): CodeIgniter\Database\Exceptions\DataException::forEmptyDataset('update')
 2 SYSTEMPATH\BaseModel.php(832): CodeIgniter\BaseModel->transformDataToArray(null, 'update')
 3 SYSTEMPATH\Model.php(692): CodeIgniter\BaseModel->update([...], null)
 4 APPPATH\Controllers\Tambah.php(65): CodeIgniter\Model->update([...])
 5 SYSTEMPATH\CodeIgniter.php(898): App\Controllers\Tambah->update('22')
 6 SYSTEMPATH\CodeIgniter.php(468): CodeIgniter\CodeIgniter->runController(Object(App\Controllers\Tambah))
 7 SYSTEMPATH\CodeIgniter.php(351): CodeIgniter\CodeIgniter->handleRequest(null, Object(Config\Cache), false)
 8 FCPATH\index.php(55): CodeIgniter\CodeIgniter->run()
 9 SYSTEMPATH\Commands\Server\rewrite.php(43): require_once('FCPATH\\index.php')
