CRITICAL - 2022-06-19 01:41:44 --> syntax error, unexpected token "/"
in APPPATH\Views\login.php on line 25.
 1 SYSTEMPATH\View\View.php(216): CodeIgniter\View\View->CodeIgniter\View\{closure}()
 2 SYSTEMPATH\Common.php(1135): CodeIgniter\View\View->render('App\\Views\\login', [], true)
 3 VENDORPATH\myth\auth\src\Controllers\AuthController.php(429): view('App\\Views\\login', [...])
 4 VENDORPATH\myth\auth\src\Controllers\AuthController.php(57): Myth\Auth\Controllers\AuthController->_render('App\\Views\\login', [...])
 5 SYSTEMPATH\CodeIgniter.php(898): Myth\Auth\Controllers\AuthController->login()
 6 SYSTEMPATH\CodeIgniter.php(468): CodeIgniter\CodeIgniter->runController(Object(Myth\Auth\Controllers\AuthController))
 7 SYSTEMPATH\CodeIgniter.php(351): CodeIgniter\CodeIgniter->handleRequest(null, Object(Config\Cache), false)
 8 FCPATH\index.php(55): CodeIgniter\CodeIgniter->run()
 9 SYSTEMPATH\Commands\Server\rewrite.php(43): require_once('FCPATH\\index.php')
CRITICAL - 2022-06-19 01:41:51 --> syntax error, unexpected token "/"
in APPPATH\Views\login.php on line 25.
 1 SYSTEMPATH\View\View.php(216): CodeIgniter\View\View->CodeIgniter\View\{closure}()
 2 SYSTEMPATH\Common.php(1135): CodeIgniter\View\View->render('App\\Views\\login', [], true)
 3 VENDORPATH\myth\auth\src\Controllers\AuthController.php(429): view('App\\Views\\login', [...])
 4 VENDORPATH\myth\auth\src\Controllers\AuthController.php(57): Myth\Auth\Controllers\AuthController->_render('App\\Views\\login', [...])
 5 SYSTEMPATH\CodeIgniter.php(898): Myth\Auth\Controllers\AuthController->login()
 6 SYSTEMPATH\CodeIgniter.php(468): CodeIgniter\CodeIgniter->runController(Object(Myth\Auth\Controllers\AuthController))
 7 SYSTEMPATH\CodeIgniter.php(351): CodeIgniter\CodeIgniter->handleRequest(null, Object(Config\Cache), false)
 8 FCPATH\index.php(55): CodeIgniter\CodeIgniter->run()
 9 SYSTEMPATH\Commands\Server\rewrite.php(43): require_once('FCPATH\\index.php')
CRITICAL - 2022-06-19 02:00:49 --> Invalid file: App\Views\login.php
in SYSTEMPATH\Exceptions\FrameworkException.php on line 33.
 1 SYSTEMPATH\View\View.php(201): CodeIgniter\Exceptions\FrameworkException::forInvalidFile('App\\Views\\login.php')
 2 SYSTEMPATH\Common.php(1135): CodeIgniter\View\View->render('App\\Views\\login', [], true)
 3 VENDORPATH\myth\auth\src\Controllers\AuthController.php(429): view('App\\Views\\login', [...])
 4 VENDORPATH\myth\auth\src\Controllers\AuthController.php(57): Myth\Auth\Controllers\AuthController->_render('App\\Views\\login', [...])
 5 SYSTEMPATH\CodeIgniter.php(898): Myth\Auth\Controllers\AuthController->login()
 6 SYSTEMPATH\CodeIgniter.php(468): CodeIgniter\CodeIgniter->runController(Object(Myth\Auth\Controllers\AuthController))
 7 SYSTEMPATH\CodeIgniter.php(351): CodeIgniter\CodeIgniter->handleRequest(null, Object(Config\Cache), false)
 8 FCPATH\index.php(55): CodeIgniter\CodeIgniter->run()
 9 SYSTEMPATH\Commands\Server\rewrite.php(43): require_once('FCPATH\\index.php')
CRITICAL - 2022-06-19 02:01:36 --> Invalid file: layout.php
in SYSTEMPATH\Exceptions\FrameworkException.php on line 33.
 1 SYSTEMPATH\View\View.php(201): CodeIgniter\Exceptions\FrameworkException::forInvalidFile('layout.php')
 2 SYSTEMPATH\View\View.php(229): CodeIgniter\View\View->render('layout', [], true)
 3 SYSTEMPATH\Common.php(1135): CodeIgniter\View\View->render('App\\Views\\auth\\login', [], true)
 4 VENDORPATH\myth\auth\src\Controllers\AuthController.php(429): view('App\\Views\\auth\\login', [...])
 5 VENDORPATH\myth\auth\src\Controllers\AuthController.php(57): Myth\Auth\Controllers\AuthController->_render('App\\Views\\auth\\login', [...])
 6 SYSTEMPATH\CodeIgniter.php(898): Myth\Auth\Controllers\AuthController->login()
 7 SYSTEMPATH\CodeIgniter.php(468): CodeIgniter\CodeIgniter->runController(Object(Myth\Auth\Controllers\AuthController))
 8 SYSTEMPATH\CodeIgniter.php(351): CodeIgniter\CodeIgniter->handleRequest(null, Object(Config\Cache), false)
 9 FCPATH\index.php(55): CodeIgniter\CodeIgniter->run()
10 SYSTEMPATH\Commands\Server\rewrite.php(43): require_once('FCPATH\\index.php')
CRITICAL - 2022-06-19 02:01:38 --> Invalid file: layout.php
in SYSTEMPATH\Exceptions\FrameworkException.php on line 33.
 1 SYSTEMPATH\View\View.php(201): CodeIgniter\Exceptions\FrameworkException::forInvalidFile('layout.php')
 2 SYSTEMPATH\View\View.php(229): CodeIgniter\View\View->render('layout', [], true)
 3 SYSTEMPATH\Common.php(1135): CodeIgniter\View\View->render('App\\Views\\auth\\login', [], true)
 4 VENDORPATH\myth\auth\src\Controllers\AuthController.php(429): view('App\\Views\\auth\\login', [...])
 5 VENDORPATH\myth\auth\src\Controllers\AuthController.php(57): Myth\Auth\Controllers\AuthController->_render('App\\Views\\auth\\login', [...])
 6 SYSTEMPATH\CodeIgniter.php(898): Myth\Auth\Controllers\AuthController->login()
 7 SYSTEMPATH\CodeIgniter.php(468): CodeIgniter\CodeIgniter->runController(Object(Myth\Auth\Controllers\AuthController))
 8 SYSTEMPATH\CodeIgniter.php(351): CodeIgniter\CodeIgniter->handleRequest(null, Object(Config\Cache), false)
 9 FCPATH\index.php(55): CodeIgniter\CodeIgniter->run()
10 SYSTEMPATH\Commands\Server\rewrite.php(43): require_once('FCPATH\\index.php')
CRITICAL - 2022-06-19 02:19:17 --> syntax error, unexpected end of file, expecting "elseif" or "else" or "endif"
in APPPATH\Views\auth\register.php on line 43.
 1 SYSTEMPATH\View\View.php(216): CodeIgniter\View\View->CodeIgniter\View\{closure}()
 2 SYSTEMPATH\Common.php(1135): CodeIgniter\View\View->render('App\\Views\\auth\\register', [], true)
 3 VENDORPATH\myth\auth\src\Controllers\AuthController.php(429): view('App\\Views\\auth\\register', [...])
 4 VENDORPATH\myth\auth\src\Controllers\AuthController.php(139): Myth\Auth\Controllers\AuthController->_render('App\\Views\\auth\\register', [...])
 5 SYSTEMPATH\CodeIgniter.php(898): Myth\Auth\Controllers\AuthController->register()
 6 SYSTEMPATH\CodeIgniter.php(468): CodeIgniter\CodeIgniter->runController(Object(Myth\Auth\Controllers\AuthController))
 7 SYSTEMPATH\CodeIgniter.php(351): CodeIgniter\CodeIgniter->handleRequest(null, Object(Config\Cache), false)
 8 FCPATH\index.php(55): CodeIgniter\CodeIgniter->run()
 9 SYSTEMPATH\Commands\Server\rewrite.php(43): require_once('FCPATH\\index.php')
CRITICAL - 2022-06-19 03:18:58 --> syntax error, unexpected token "<", expecting end of file
in APPPATH\Views\template.php on line 86.
 1 SYSTEMPATH\View\View.php(216): CodeIgniter\View\View->CodeIgniter\View\{closure}()
 2 SYSTEMPATH\View\View.php(229): CodeIgniter\View\View->render('template', [], true)
 3 SYSTEMPATH\Common.php(1135): CodeIgniter\View\View->render('body', [], true)
 4 APPPATH\Controllers\Home.php(9): view('body')
 5 SYSTEMPATH\CodeIgniter.php(898): App\Controllers\Home->index()
 6 SYSTEMPATH\CodeIgniter.php(468): CodeIgniter\CodeIgniter->runController(Object(App\Controllers\Home))
 7 SYSTEMPATH\CodeIgniter.php(351): CodeIgniter\CodeIgniter->handleRequest(null, Object(Config\Cache), false)
 8 FCPATH\index.php(55): CodeIgniter\CodeIgniter->run()
 9 SYSTEMPATH\Commands\Server\rewrite.php(43): require_once('FCPATH\\index.php')
CRITICAL - 2022-06-19 09:05:24 --> Undefined variable $product
in APPPATH\Views\tambahfilm.php on line 405.
 1 APPPATH\Views\tambahfilm.php(405): CodeIgniter\Debug\Exceptions->errorHandler(2, 'Undefined variable $product', 'APPPATH\\Views\\tambahfilm.php', 405)
 2 SYSTEMPATH\View\View.php(213): include('APPPATH\\Views\\tambahfilm.php')
 3 SYSTEMPATH\View\View.php(216): CodeIgniter\View\View->CodeIgniter\View\{closure}()
 4 SYSTEMPATH\Common.php(1135): CodeIgniter\View\View->render('tambahfilm', [], true)
 5 APPPATH\Controllers\Tambah.php(9): view('tambahfilm')
 6 SYSTEMPATH\CodeIgniter.php(898): App\Controllers\Tambah->index()
 7 SYSTEMPATH\CodeIgniter.php(468): CodeIgniter\CodeIgniter->runController(Object(App\Controllers\Tambah))
 8 SYSTEMPATH\CodeIgniter.php(351): CodeIgniter\CodeIgniter->handleRequest(null, Object(Config\Cache), false)
 9 FCPATH\index.php(55): CodeIgniter\CodeIgniter->run()
10 SYSTEMPATH\Commands\Server\rewrite.php(43): require_once('FCPATH\\index.php')
CRITICAL - 2022-06-19 09:55:26 --> Undefined variable $Film
in APPPATH\Views\tambahfilm.php on line 23.
 1 APPPATH\Views\tambahfilm.php(23): CodeIgniter\Debug\Exceptions->errorHandler(2, 'Undefined variable $Film', 'APPPATH\\Views\\tambahfilm.php', 23)
 2 SYSTEMPATH\View\View.php(213): include('APPPATH\\Views\\tambahfilm.php')
 3 SYSTEMPATH\View\View.php(216): CodeIgniter\View\View->CodeIgniter\View\{closure}()
 4 SYSTEMPATH\Common.php(1135): CodeIgniter\View\View->render('tambahfilm', [], true)
 5 APPPATH\Controllers\Tambah.php(9): view('tambahfilm')
 6 SYSTEMPATH\CodeIgniter.php(898): App\Controllers\Tambah->index()
 7 SYSTEMPATH\CodeIgniter.php(468): CodeIgniter\CodeIgniter->runController(Object(App\Controllers\Tambah))
 8 SYSTEMPATH\CodeIgniter.php(351): CodeIgniter\CodeIgniter->handleRequest(null, Object(Config\Cache), false)
 9 FCPATH\index.php(55): CodeIgniter\CodeIgniter->run()
10 SYSTEMPATH\Commands\Server\rewrite.php(43): require_once('FCPATH\\index.php')
CRITICAL - 2022-06-19 09:56:04 --> Undefined variable $film
in APPPATH\Views\tambahfilm.php on line 23.
 1 APPPATH\Views\tambahfilm.php(23): CodeIgniter\Debug\Exceptions->errorHandler(2, 'Undefined variable $film', 'APPPATH\\Views\\tambahfilm.php', 23)
 2 SYSTEMPATH\View\View.php(213): include('APPPATH\\Views\\tambahfilm.php')
 3 SYSTEMPATH\View\View.php(216): CodeIgniter\View\View->CodeIgniter\View\{closure}()
 4 SYSTEMPATH\Common.php(1135): CodeIgniter\View\View->render('tambahfilm', [], true)
 5 APPPATH\Controllers\Tambah.php(9): view('tambahfilm')
 6 SYSTEMPATH\CodeIgniter.php(898): App\Controllers\Tambah->index()
 7 SYSTEMPATH\CodeIgniter.php(468): CodeIgniter\CodeIgniter->runController(Object(App\Controllers\Tambah))
 8 SYSTEMPATH\CodeIgniter.php(351): CodeIgniter\CodeIgniter->handleRequest(null, Object(Config\Cache), false)
 9 FCPATH\index.php(55): CodeIgniter\CodeIgniter->run()
10 SYSTEMPATH\Commands\Server\rewrite.php(43): require_once('FCPATH\\index.php')
CRITICAL - 2022-06-19 09:56:05 --> Undefined variable $film
in APPPATH\Views\tambahfilm.php on line 23.
 1 APPPATH\Views\tambahfilm.php(23): CodeIgniter\Debug\Exceptions->errorHandler(2, 'Undefined variable $film', 'APPPATH\\Views\\tambahfilm.php', 23)
 2 SYSTEMPATH\View\View.php(213): include('APPPATH\\Views\\tambahfilm.php')
 3 SYSTEMPATH\View\View.php(216): CodeIgniter\View\View->CodeIgniter\View\{closure}()
 4 SYSTEMPATH\Common.php(1135): CodeIgniter\View\View->render('tambahfilm', [], true)
 5 APPPATH\Controllers\Tambah.php(9): view('tambahfilm')
 6 SYSTEMPATH\CodeIgniter.php(898): App\Controllers\Tambah->index()
 7 SYSTEMPATH\CodeIgniter.php(468): CodeIgniter\CodeIgniter->runController(Object(App\Controllers\Tambah))
 8 SYSTEMPATH\CodeIgniter.php(351): CodeIgniter\CodeIgniter->handleRequest(null, Object(Config\Cache), false)
 9 FCPATH\index.php(55): CodeIgniter\CodeIgniter->run()
10 SYSTEMPATH\Commands\Server\rewrite.php(43): require_once('FCPATH\\index.php')
CRITICAL - 2022-06-19 09:58:14 --> Undefined variable $film
in APPPATH\Views\tambahfilm.php on line 23.
 1 APPPATH\Views\tambahfilm.php(23): CodeIgniter\Debug\Exceptions->errorHandler(2, 'Undefined variable $film', 'APPPATH\\Views\\tambahfilm.php', 23)
 2 SYSTEMPATH\View\View.php(213): include('APPPATH\\Views\\tambahfilm.php')
 3 SYSTEMPATH\View\View.php(216): CodeIgniter\View\View->CodeIgniter\View\{closure}()
 4 SYSTEMPATH\Common.php(1135): CodeIgniter\View\View->render('tambahfilm', [], true)
 5 APPPATH\Controllers\Tambah.php(9): view('tambahfilm')
 6 SYSTEMPATH\CodeIgniter.php(898): App\Controllers\Tambah->index()
 7 SYSTEMPATH\CodeIgniter.php(468): CodeIgniter\CodeIgniter->runController(Object(App\Controllers\Tambah))
 8 SYSTEMPATH\CodeIgniter.php(351): CodeIgniter\CodeIgniter->handleRequest(null, Object(Config\Cache), false)
 9 FCPATH\index.php(55): CodeIgniter\CodeIgniter->run()
10 SYSTEMPATH\Commands\Server\rewrite.php(43): require_once('FCPATH\\index.php')
CRITICAL - 2022-06-19 09:59:43 --> Undefined variable $Film
in APPPATH\Views\tambahfilm.php on line 23.
 1 APPPATH\Views\tambahfilm.php(23): CodeIgniter\Debug\Exceptions->errorHandler(2, 'Undefined variable $Film', 'APPPATH\\Views\\tambahfilm.php', 23)
 2 SYSTEMPATH\View\View.php(213): include('APPPATH\\Views\\tambahfilm.php')
 3 SYSTEMPATH\View\View.php(216): CodeIgniter\View\View->CodeIgniter\View\{closure}()
 4 SYSTEMPATH\Common.php(1135): CodeIgniter\View\View->render('tambahfilm', [], true)
 5 APPPATH\Controllers\Tambah.php(9): view('tambahfilm')
 6 SYSTEMPATH\CodeIgniter.php(898): App\Controllers\Tambah->index()
 7 SYSTEMPATH\CodeIgniter.php(468): CodeIgniter\CodeIgniter->runController(Object(App\Controllers\Tambah))
 8 SYSTEMPATH\CodeIgniter.php(351): CodeIgniter\CodeIgniter->handleRequest(null, Object(Config\Cache), false)
 9 FCPATH\index.php(55): CodeIgniter\CodeIgniter->run()
10 SYSTEMPATH\Commands\Server\rewrite.php(43): require_once('FCPATH\\index.php')
CRITICAL - 2022-06-19 10:04:51 --> Undefined variable $Movie
in APPPATH\Views\tambahfilm.php on line 23.
 1 APPPATH\Views\tambahfilm.php(23): CodeIgniter\Debug\Exceptions->errorHandler(2, 'Undefined variable $Movie', 'APPPATH\\Views\\tambahfilm.php', 23)
 2 SYSTEMPATH\View\View.php(213): include('APPPATH\\Views\\tambahfilm.php')
 3 SYSTEMPATH\View\View.php(216): CodeIgniter\View\View->CodeIgniter\View\{closure}()
 4 SYSTEMPATH\Common.php(1135): CodeIgniter\View\View->render('tambahfilm', [], true)
 5 APPPATH\Controllers\Tambah.php(9): view('tambahfilm')
 6 SYSTEMPATH\CodeIgniter.php(898): App\Controllers\Tambah->index()
 7 SYSTEMPATH\CodeIgniter.php(468): CodeIgniter\CodeIgniter->runController(Object(App\Controllers\Tambah))
 8 SYSTEMPATH\CodeIgniter.php(351): CodeIgniter\CodeIgniter->handleRequest(null, Object(Config\Cache), false)
 9 FCPATH\index.php(55): CodeIgniter\CodeIgniter->run()
10 SYSTEMPATH\Commands\Server\rewrite.php(43): require_once('FCPATH\\index.php')
CRITICAL - 2022-06-19 10:11:57 --> Undefined variable $Movie
in APPPATH\Views\tambahfilm.php on line 23.
 1 APPPATH\Views\tambahfilm.php(23): CodeIgniter\Debug\Exceptions->errorHandler(2, 'Undefined variable $Movie', 'APPPATH\\Views\\tambahfilm.php', 23)
 2 SYSTEMPATH\View\View.php(213): include('APPPATH\\Views\\tambahfilm.php')
 3 SYSTEMPATH\View\View.php(216): CodeIgniter\View\View->CodeIgniter\View\{closure}()
 4 SYSTEMPATH\Common.php(1135): CodeIgniter\View\View->render('tambahfilm', [], true)
 5 APPPATH\Controllers\Tambah.php(9): view('tambahfilm')
 6 SYSTEMPATH\CodeIgniter.php(898): App\Controllers\Tambah->index()
 7 SYSTEMPATH\CodeIgniter.php(468): CodeIgniter\CodeIgniter->runController(Object(App\Controllers\Tambah))
 8 SYSTEMPATH\CodeIgniter.php(351): CodeIgniter\CodeIgniter->handleRequest(null, Object(Config\Cache), false)
 9 FCPATH\index.php(55): CodeIgniter\CodeIgniter->run()
10 SYSTEMPATH\Commands\Server\rewrite.php(43): require_once('FCPATH\\index.php')
CRITICAL - 2022-06-19 10:13:11 --> Undefined variable $Movie
in APPPATH\Views\tambahfilm.php on line 23.
 1 APPPATH\Views\tambahfilm.php(23): CodeIgniter\Debug\Exceptions->errorHandler(2, 'Undefined variable $Movie', 'APPPATH\\Views\\tambahfilm.php', 23)
 2 SYSTEMPATH\View\View.php(213): include('APPPATH\\Views\\tambahfilm.php')
 3 SYSTEMPATH\View\View.php(216): CodeIgniter\View\View->CodeIgniter\View\{closure}()
 4 SYSTEMPATH\Common.php(1135): CodeIgniter\View\View->render('tambahfilm', [], true)
 5 APPPATH\Controllers\Tambah.php(9): view('tambahfilm')
 6 SYSTEMPATH\CodeIgniter.php(898): App\Controllers\Tambah->index()
 7 SYSTEMPATH\CodeIgniter.php(468): CodeIgniter\CodeIgniter->runController(Object(App\Controllers\Tambah))
 8 SYSTEMPATH\CodeIgniter.php(351): CodeIgniter\CodeIgniter->handleRequest(null, Object(Config\Cache), false)
 9 FCPATH\index.php(55): CodeIgniter\CodeIgniter->run()
10 SYSTEMPATH\Commands\Server\rewrite.php(43): require_once('FCPATH\\index.php')
CRITICAL - 2022-06-19 10:13:12 --> Undefined variable $Movie
in APPPATH\Views\tambahfilm.php on line 23.
 1 APPPATH\Views\tambahfilm.php(23): CodeIgniter\Debug\Exceptions->errorHandler(2, 'Undefined variable $Movie', 'APPPATH\\Views\\tambahfilm.php', 23)
 2 SYSTEMPATH\View\View.php(213): include('APPPATH\\Views\\tambahfilm.php')
 3 SYSTEMPATH\View\View.php(216): CodeIgniter\View\View->CodeIgniter\View\{closure}()
 4 SYSTEMPATH\Common.php(1135): CodeIgniter\View\View->render('tambahfilm', [], true)
 5 APPPATH\Controllers\Tambah.php(9): view('tambahfilm')
 6 SYSTEMPATH\CodeIgniter.php(898): App\Controllers\Tambah->index()
 7 SYSTEMPATH\CodeIgniter.php(468): CodeIgniter\CodeIgniter->runController(Object(App\Controllers\Tambah))
 8 SYSTEMPATH\CodeIgniter.php(351): CodeIgniter\CodeIgniter->handleRequest(null, Object(Config\Cache), false)
 9 FCPATH\index.php(55): CodeIgniter\CodeIgniter->run()
10 SYSTEMPATH\Commands\Server\rewrite.php(43): require_once('FCPATH\\index.php')
CRITICAL - 2022-06-19 10:13:13 --> Undefined variable $Movie
in APPPATH\Views\tambahfilm.php on line 23.
 1 APPPATH\Views\tambahfilm.php(23): CodeIgniter\Debug\Exceptions->errorHandler(2, 'Undefined variable $Movie', 'APPPATH\\Views\\tambahfilm.php', 23)
 2 SYSTEMPATH\View\View.php(213): include('APPPATH\\Views\\tambahfilm.php')
 3 SYSTEMPATH\View\View.php(216): CodeIgniter\View\View->CodeIgniter\View\{closure}()
 4 SYSTEMPATH\Common.php(1135): CodeIgniter\View\View->render('tambahfilm', [], true)
 5 APPPATH\Controllers\Tambah.php(9): view('tambahfilm')
 6 SYSTEMPATH\CodeIgniter.php(898): App\Controllers\Tambah->index()
 7 SYSTEMPATH\CodeIgniter.php(468): CodeIgniter\CodeIgniter->runController(Object(App\Controllers\Tambah))
 8 SYSTEMPATH\CodeIgniter.php(351): CodeIgniter\CodeIgniter->handleRequest(null, Object(Config\Cache), false)
 9 FCPATH\index.php(55): CodeIgniter\CodeIgniter->run()
10 SYSTEMPATH\Commands\Server\rewrite.php(43): require_once('FCPATH\\index.php')
CRITICAL - 2022-06-19 10:13:49 --> Undefined variable $Movie
in APPPATH\Views\tambahfilm.php on line 23.
 1 APPPATH\Views\tambahfilm.php(23): CodeIgniter\Debug\Exceptions->errorHandler(2, 'Undefined variable $Movie', 'APPPATH\\Views\\tambahfilm.php', 23)
 2 SYSTEMPATH\View\View.php(213): include('APPPATH\\Views\\tambahfilm.php')
 3 SYSTEMPATH\View\View.php(216): CodeIgniter\View\View->CodeIgniter\View\{closure}()
 4 SYSTEMPATH\Common.php(1135): CodeIgniter\View\View->render('tambahfilm', [], true)
 5 APPPATH\Controllers\Tambah.php(9): view('tambahfilm')
 6 SYSTEMPATH\CodeIgniter.php(898): App\Controllers\Tambah->index()
 7 SYSTEMPATH\CodeIgniter.php(468): CodeIgniter\CodeIgniter->runController(Object(App\Controllers\Tambah))
 8 SYSTEMPATH\CodeIgniter.php(351): CodeIgniter\CodeIgniter->handleRequest(null, Object(Config\Cache), false)
 9 FCPATH\index.php(55): CodeIgniter\CodeIgniter->run()
10 SYSTEMPATH\Commands\Server\rewrite.php(43): require_once('FCPATH\\index.php')
CRITICAL - 2022-06-19 19:52:28 --> Undefined variable $Movie
in APPPATH\Views\tambahfilm.php on line 23.
 1 APPPATH\Views\tambahfilm.php(23): CodeIgniter\Debug\Exceptions->errorHandler(2, 'Undefined variable $Movie', 'APPPATH\\Views\\tambahfilm.php', 23)
 2 SYSTEMPATH\View\View.php(213): include('APPPATH\\Views\\tambahfilm.php')
 3 SYSTEMPATH\View\View.php(216): CodeIgniter\View\View->CodeIgniter\View\{closure}()
 4 SYSTEMPATH\Common.php(1135): CodeIgniter\View\View->render('tambahfilm', [], true)
 5 APPPATH\Controllers\Tambah.php(9): view('tambahfilm')
 6 SYSTEMPATH\CodeIgniter.php(898): App\Controllers\Tambah->index()
 7 SYSTEMPATH\CodeIgniter.php(468): CodeIgniter\CodeIgniter->runController(Object(App\Controllers\Tambah))
 8 SYSTEMPATH\CodeIgniter.php(351): CodeIgniter\CodeIgniter->handleRequest(null, Object(Config\Cache), false)
 9 FCPATH\index.php(55): CodeIgniter\CodeIgniter->run()
10 SYSTEMPATH\Commands\Server\rewrite.php(43): require_once('FCPATH\\index.php')
CRITICAL - 2022-06-19 19:55:07 --> Undefined variable $film
in APPPATH\Views\tambahfilm.php on line 23.
 1 APPPATH\Views\tambahfilm.php(23): CodeIgniter\Debug\Exceptions->errorHandler(2, 'Undefined variable $film', 'APPPATH\\Views\\tambahfilm.php', 23)
 2 SYSTEMPATH\View\View.php(213): include('APPPATH\\Views\\tambahfilm.php')
 3 SYSTEMPATH\View\View.php(216): CodeIgniter\View\View->CodeIgniter\View\{closure}()
 4 SYSTEMPATH\Common.php(1135): CodeIgniter\View\View->render('tambahfilm', [], true)
 5 APPPATH\Controllers\Tambah.php(9): view('tambahfilm')
 6 SYSTEMPATH\CodeIgniter.php(898): App\Controllers\Tambah->index()
 7 SYSTEMPATH\CodeIgniter.php(468): CodeIgniter\CodeIgniter->runController(Object(App\Controllers\Tambah))
 8 SYSTEMPATH\CodeIgniter.php(351): CodeIgniter\CodeIgniter->handleRequest(null, Object(Config\Cache), false)
 9 FCPATH\index.php(55): CodeIgniter\CodeIgniter->run()
10 SYSTEMPATH\Commands\Server\rewrite.php(43): require_once('FCPATH\\index.php')
CRITICAL - 2022-06-19 19:55:51 --> Undefined variable $film
in APPPATH\Views\tambahfilm.php on line 22.
 1 APPPATH\Views\tambahfilm.php(22): CodeIgniter\Debug\Exceptions->errorHandler(2, 'Undefined variable $film', 'APPPATH\\Views\\tambahfilm.php', 22)
 2 SYSTEMPATH\View\View.php(213): include('APPPATH\\Views\\tambahfilm.php')
 3 SYSTEMPATH\View\View.php(216): CodeIgniter\View\View->CodeIgniter\View\{closure}()
 4 SYSTEMPATH\Common.php(1135): CodeIgniter\View\View->render('tambahfilm', [], true)
 5 APPPATH\Controllers\Tambah.php(9): view('tambahfilm')
 6 SYSTEMPATH\CodeIgniter.php(898): App\Controllers\Tambah->index()
 7 SYSTEMPATH\CodeIgniter.php(468): CodeIgniter\CodeIgniter->runController(Object(App\Controllers\Tambah))
 8 SYSTEMPATH\CodeIgniter.php(351): CodeIgniter\CodeIgniter->handleRequest(null, Object(Config\Cache), false)
 9 FCPATH\index.php(55): CodeIgniter\CodeIgniter->run()
10 SYSTEMPATH\Commands\Server\rewrite.php(43): require_once('FCPATH\\index.php')
CRITICAL - 2022-06-19 19:55:54 --> Undefined variable $film
in APPPATH\Views\tambahfilm.php on line 22.
 1 APPPATH\Views\tambahfilm.php(22): CodeIgniter\Debug\Exceptions->errorHandler(2, 'Undefined variable $film', 'APPPATH\\Views\\tambahfilm.php', 22)
 2 SYSTEMPATH\View\View.php(213): include('APPPATH\\Views\\tambahfilm.php')
 3 SYSTEMPATH\View\View.php(216): CodeIgniter\View\View->CodeIgniter\View\{closure}()
 4 SYSTEMPATH\Common.php(1135): CodeIgniter\View\View->render('tambahfilm', [], true)
 5 APPPATH\Controllers\Tambah.php(9): view('tambahfilm')
 6 SYSTEMPATH\CodeIgniter.php(898): App\Controllers\Tambah->index()
 7 SYSTEMPATH\CodeIgniter.php(468): CodeIgniter\CodeIgniter->runController(Object(App\Controllers\Tambah))
 8 SYSTEMPATH\CodeIgniter.php(351): CodeIgniter\CodeIgniter->handleRequest(null, Object(Config\Cache), false)
 9 FCPATH\index.php(55): CodeIgniter\CodeIgniter->run()
10 SYSTEMPATH\Commands\Server\rewrite.php(43): require_once('FCPATH\\index.php')
CRITICAL - 2022-06-19 19:58:51 --> Undefined variable $admin
in APPPATH\Views\tambahfilm.php on line 22.
 1 APPPATH\Views\tambahfilm.php(22): CodeIgniter\Debug\Exceptions->errorHandler(2, 'Undefined variable $admin', 'APPPATH\\Views\\tambahfilm.php', 22)
 2 SYSTEMPATH\View\View.php(213): include('APPPATH\\Views\\tambahfilm.php')
 3 SYSTEMPATH\View\View.php(216): CodeIgniter\View\View->CodeIgniter\View\{closure}()
 4 SYSTEMPATH\Common.php(1135): CodeIgniter\View\View->render('tambahfilm', [], true)
 5 APPPATH\Controllers\Tambah.php(9): view('tambahfilm')
 6 SYSTEMPATH\CodeIgniter.php(898): App\Controllers\Tambah->index()
 7 SYSTEMPATH\CodeIgniter.php(468): CodeIgniter\CodeIgniter->runController(Object(App\Controllers\Tambah))
 8 SYSTEMPATH\CodeIgniter.php(351): CodeIgniter\CodeIgniter->handleRequest(null, Object(Config\Cache), false)
 9 FCPATH\index.php(55): CodeIgniter\CodeIgniter->run()
10 SYSTEMPATH\Commands\Server\rewrite.php(43): require_once('FCPATH\\index.php')
CRITICAL - 2022-06-19 19:59:01 --> Undefined variable $Admin
in APPPATH\Views\tambahfilm.php on line 22.
 1 APPPATH\Views\tambahfilm.php(22): CodeIgniter\Debug\Exceptions->errorHandler(2, 'Undefined variable $Admin', 'APPPATH\\Views\\tambahfilm.php', 22)
 2 SYSTEMPATH\View\View.php(213): include('APPPATH\\Views\\tambahfilm.php')
 3 SYSTEMPATH\View\View.php(216): CodeIgniter\View\View->CodeIgniter\View\{closure}()
 4 SYSTEMPATH\Common.php(1135): CodeIgniter\View\View->render('tambahfilm', [], true)
 5 APPPATH\Controllers\Tambah.php(9): view('tambahfilm')
 6 SYSTEMPATH\CodeIgniter.php(898): App\Controllers\Tambah->index()
 7 SYSTEMPATH\CodeIgniter.php(468): CodeIgniter\CodeIgniter->runController(Object(App\Controllers\Tambah))
 8 SYSTEMPATH\CodeIgniter.php(351): CodeIgniter\CodeIgniter->handleRequest(null, Object(Config\Cache), false)
 9 FCPATH\index.php(55): CodeIgniter\CodeIgniter->run()
10 SYSTEMPATH\Commands\Server\rewrite.php(43): require_once('FCPATH\\index.php')
CRITICAL - 2022-06-19 20:04:52 --> Undefined variable $komik
in APPPATH\Views\tambahfilm.php on line 22.
 1 APPPATH\Views\tambahfilm.php(22): CodeIgniter\Debug\Exceptions->errorHandler(2, 'Undefined variable $komik', 'APPPATH\\Views\\tambahfilm.php', 22)
 2 SYSTEMPATH\View\View.php(213): include('APPPATH\\Views\\tambahfilm.php')
 3 SYSTEMPATH\View\View.php(216): CodeIgniter\View\View->CodeIgniter\View\{closure}()
 4 SYSTEMPATH\Common.php(1135): CodeIgniter\View\View->render('tambahfilm', [], true)
 5 APPPATH\Controllers\Tambah.php(9): view('tambahfilm')
 6 SYSTEMPATH\CodeIgniter.php(898): App\Controllers\Tambah->index()
 7 SYSTEMPATH\CodeIgniter.php(468): CodeIgniter\CodeIgniter->runController(Object(App\Controllers\Tambah))
 8 SYSTEMPATH\CodeIgniter.php(351): CodeIgniter\CodeIgniter->handleRequest(null, Object(Config\Cache), false)
 9 FCPATH\index.php(55): CodeIgniter\CodeIgniter->run()
10 SYSTEMPATH\Commands\Server\rewrite.php(43): require_once('FCPATH\\index.php')
CRITICAL - 2022-06-19 20:06:34 --> Undefined variable $komik
in APPPATH\Views\tambahfilm.php on line 22.
 1 APPPATH\Views\tambahfilm.php(22): CodeIgniter\Debug\Exceptions->errorHandler(2, 'Undefined variable $komik', 'APPPATH\\Views\\tambahfilm.php', 22)
 2 SYSTEMPATH\View\View.php(213): include('APPPATH\\Views\\tambahfilm.php')
 3 SYSTEMPATH\View\View.php(216): CodeIgniter\View\View->CodeIgniter\View\{closure}()
 4 SYSTEMPATH\Common.php(1135): CodeIgniter\View\View->render('tambahfilm', [], true)
 5 APPPATH\Controllers\Tambah.php(9): view('tambahfilm')
 6 SYSTEMPATH\CodeIgniter.php(898): App\Controllers\Tambah->index()
 7 SYSTEMPATH\CodeIgniter.php(468): CodeIgniter\CodeIgniter->runController(Object(App\Controllers\Tambah))
 8 SYSTEMPATH\CodeIgniter.php(351): CodeIgniter\CodeIgniter->handleRequest(null, Object(Config\Cache), false)
 9 FCPATH\index.php(55): CodeIgniter\CodeIgniter->run()
10 SYSTEMPATH\Commands\Server\rewrite.php(43): require_once('FCPATH\\index.php')
CRITICAL - 2022-06-19 20:06:35 --> Undefined variable $komik
in APPPATH\Views\tambahfilm.php on line 22.
 1 APPPATH\Views\tambahfilm.php(22): CodeIgniter\Debug\Exceptions->errorHandler(2, 'Undefined variable $komik', 'APPPATH\\Views\\tambahfilm.php', 22)
 2 SYSTEMPATH\View\View.php(213): include('APPPATH\\Views\\tambahfilm.php')
 3 SYSTEMPATH\View\View.php(216): CodeIgniter\View\View->CodeIgniter\View\{closure}()
 4 SYSTEMPATH\Common.php(1135): CodeIgniter\View\View->render('tambahfilm', [], true)
 5 APPPATH\Controllers\Tambah.php(9): view('tambahfilm')
 6 SYSTEMPATH\CodeIgniter.php(898): App\Controllers\Tambah->index()
 7 SYSTEMPATH\CodeIgniter.php(468): CodeIgniter\CodeIgniter->runController(Object(App\Controllers\Tambah))
 8 SYSTEMPATH\CodeIgniter.php(351): CodeIgniter\CodeIgniter->handleRequest(null, Object(Config\Cache), false)
 9 FCPATH\index.php(55): CodeIgniter\CodeIgniter->run()
10 SYSTEMPATH\Commands\Server\rewrite.php(43): require_once('FCPATH\\index.php')
CRITICAL - 2022-06-19 20:07:11 --> Undefined variable $film
in APPPATH\Views\tambahfilm.php on line 22.
 1 APPPATH\Views\tambahfilm.php(22): CodeIgniter\Debug\Exceptions->errorHandler(2, 'Undefined variable $film', 'APPPATH\\Views\\tambahfilm.php', 22)
 2 SYSTEMPATH\View\View.php(213): include('APPPATH\\Views\\tambahfilm.php')
 3 SYSTEMPATH\View\View.php(216): CodeIgniter\View\View->CodeIgniter\View\{closure}()
 4 SYSTEMPATH\Common.php(1135): CodeIgniter\View\View->render('tambahfilm', [], true)
 5 APPPATH\Controllers\Tambah.php(9): view('tambahfilm')
 6 SYSTEMPATH\CodeIgniter.php(898): App\Controllers\Tambah->index()
 7 SYSTEMPATH\CodeIgniter.php(468): CodeIgniter\CodeIgniter->runController(Object(App\Controllers\Tambah))
 8 SYSTEMPATH\CodeIgniter.php(351): CodeIgniter\CodeIgniter->handleRequest(null, Object(Config\Cache), false)
 9 FCPATH\index.php(55): CodeIgniter\CodeIgniter->run()
10 SYSTEMPATH\Commands\Server\rewrite.php(43): require_once('FCPATH\\index.php')
CRITICAL - 2022-06-19 20:07:13 --> Undefined variable $film
in APPPATH\Views\tambahfilm.php on line 22.
 1 APPPATH\Views\tambahfilm.php(22): CodeIgniter\Debug\Exceptions->errorHandler(2, 'Undefined variable $film', 'APPPATH\\Views\\tambahfilm.php', 22)
 2 SYSTEMPATH\View\View.php(213): include('APPPATH\\Views\\tambahfilm.php')
 3 SYSTEMPATH\View\View.php(216): CodeIgniter\View\View->CodeIgniter\View\{closure}()
 4 SYSTEMPATH\Common.php(1135): CodeIgniter\View\View->render('tambahfilm', [], true)
 5 APPPATH\Controllers\Tambah.php(9): view('tambahfilm')
 6 SYSTEMPATH\CodeIgniter.php(898): App\Controllers\Tambah->index()
 7 SYSTEMPATH\CodeIgniter.php(468): CodeIgniter\CodeIgniter->runController(Object(App\Controllers\Tambah))
 8 SYSTEMPATH\CodeIgniter.php(351): CodeIgniter\CodeIgniter->handleRequest(null, Object(Config\Cache), false)
 9 FCPATH\index.php(55): CodeIgniter\CodeIgniter->run()
10 SYSTEMPATH\Commands\Server\rewrite.php(43): require_once('FCPATH\\index.php')
CRITICAL - 2022-06-19 20:07:14 --> Undefined variable $film
in APPPATH\Views\tambahfilm.php on line 22.
 1 APPPATH\Views\tambahfilm.php(22): CodeIgniter\Debug\Exceptions->errorHandler(2, 'Undefined variable $film', 'APPPATH\\Views\\tambahfilm.php', 22)
 2 SYSTEMPATH\View\View.php(213): include('APPPATH\\Views\\tambahfilm.php')
 3 SYSTEMPATH\View\View.php(216): CodeIgniter\View\View->CodeIgniter\View\{closure}()
 4 SYSTEMPATH\Common.php(1135): CodeIgniter\View\View->render('tambahfilm', [], true)
 5 APPPATH\Controllers\Tambah.php(9): view('tambahfilm')
 6 SYSTEMPATH\CodeIgniter.php(898): App\Controllers\Tambah->index()
 7 SYSTEMPATH\CodeIgniter.php(468): CodeIgniter\CodeIgniter->runController(Object(App\Controllers\Tambah))
 8 SYSTEMPATH\CodeIgniter.php(351): CodeIgniter\CodeIgniter->handleRequest(null, Object(Config\Cache), false)
 9 FCPATH\index.php(55): CodeIgniter\CodeIgniter->run()
10 SYSTEMPATH\Commands\Server\rewrite.php(43): require_once('FCPATH\\index.php')
CRITICAL - 2022-06-19 20:09:31 --> Undefined variable $film
in APPPATH\Views\tambahfilm.php on line 22.
 1 APPPATH\Views\tambahfilm.php(22): CodeIgniter\Debug\Exceptions->errorHandler(2, 'Undefined variable $film', 'APPPATH\\Views\\tambahfilm.php', 22)
 2 SYSTEMPATH\View\View.php(213): include('APPPATH\\Views\\tambahfilm.php')
 3 SYSTEMPATH\View\View.php(216): CodeIgniter\View\View->CodeIgniter\View\{closure}()
 4 SYSTEMPATH\Common.php(1135): CodeIgniter\View\View->render('tambahfilm', [], true)
 5 APPPATH\Controllers\Tambah.php(9): view('tambahfilm')
 6 SYSTEMPATH\CodeIgniter.php(898): App\Controllers\Tambah->index()
 7 SYSTEMPATH\CodeIgniter.php(468): CodeIgniter\CodeIgniter->runController(Object(App\Controllers\Tambah))
 8 SYSTEMPATH\CodeIgniter.php(351): CodeIgniter\CodeIgniter->handleRequest(null, Object(Config\Cache), false)
 9 FCPATH\index.php(55): CodeIgniter\CodeIgniter->run()
10 SYSTEMPATH\Commands\Server\rewrite.php(43): require_once('FCPATH\\index.php')
CRITICAL - 2022-06-19 20:09:32 --> Undefined variable $film
in APPPATH\Views\tambahfilm.php on line 22.
 1 APPPATH\Views\tambahfilm.php(22): CodeIgniter\Debug\Exceptions->errorHandler(2, 'Undefined variable $film', 'APPPATH\\Views\\tambahfilm.php', 22)
 2 SYSTEMPATH\View\View.php(213): include('APPPATH\\Views\\tambahfilm.php')
 3 SYSTEMPATH\View\View.php(216): CodeIgniter\View\View->CodeIgniter\View\{closure}()
 4 SYSTEMPATH\Common.php(1135): CodeIgniter\View\View->render('tambahfilm', [], true)
 5 APPPATH\Controllers\Tambah.php(9): view('tambahfilm')
 6 SYSTEMPATH\CodeIgniter.php(898): App\Controllers\Tambah->index()
 7 SYSTEMPATH\CodeIgniter.php(468): CodeIgniter\CodeIgniter->runController(Object(App\Controllers\Tambah))
 8 SYSTEMPATH\CodeIgniter.php(351): CodeIgniter\CodeIgniter->handleRequest(null, Object(Config\Cache), false)
 9 FCPATH\index.php(55): CodeIgniter\CodeIgniter->run()
10 SYSTEMPATH\Commands\Server\rewrite.php(43): require_once('FCPATH\\index.php')
CRITICAL - 2022-06-19 20:09:33 --> Undefined variable $film
in APPPATH\Views\tambahfilm.php on line 22.
 1 APPPATH\Views\tambahfilm.php(22): CodeIgniter\Debug\Exceptions->errorHandler(2, 'Undefined variable $film', 'APPPATH\\Views\\tambahfilm.php', 22)
 2 SYSTEMPATH\View\View.php(213): include('APPPATH\\Views\\tambahfilm.php')
 3 SYSTEMPATH\View\View.php(216): CodeIgniter\View\View->CodeIgniter\View\{closure}()
 4 SYSTEMPATH\Common.php(1135): CodeIgniter\View\View->render('tambahfilm', [], true)
 5 APPPATH\Controllers\Tambah.php(9): view('tambahfilm')
 6 SYSTEMPATH\CodeIgniter.php(898): App\Controllers\Tambah->index()
 7 SYSTEMPATH\CodeIgniter.php(468): CodeIgniter\CodeIgniter->runController(Object(App\Controllers\Tambah))
 8 SYSTEMPATH\CodeIgniter.php(351): CodeIgniter\CodeIgniter->handleRequest(null, Object(Config\Cache), false)
 9 FCPATH\index.php(55): CodeIgniter\CodeIgniter->run()
10 SYSTEMPATH\Commands\Server\rewrite.php(43): require_once('FCPATH\\index.php')
CRITICAL - 2022-06-19 20:09:39 --> Undefined variable $film
in APPPATH\Views\tambahfilm.php on line 22.
 1 APPPATH\Views\tambahfilm.php(22): CodeIgniter\Debug\Exceptions->errorHandler(2, 'Undefined variable $film', 'APPPATH\\Views\\tambahfilm.php', 22)
 2 SYSTEMPATH\View\View.php(213): include('APPPATH\\Views\\tambahfilm.php')
 3 SYSTEMPATH\View\View.php(216): CodeIgniter\View\View->CodeIgniter\View\{closure}()
 4 SYSTEMPATH\Common.php(1135): CodeIgniter\View\View->render('tambahfilm', [], true)
 5 APPPATH\Controllers\Tambah.php(9): view('tambahfilm')
 6 SYSTEMPATH\CodeIgniter.php(898): App\Controllers\Tambah->index()
 7 SYSTEMPATH\CodeIgniter.php(468): CodeIgniter\CodeIgniter->runController(Object(App\Controllers\Tambah))
 8 SYSTEMPATH\CodeIgniter.php(351): CodeIgniter\CodeIgniter->handleRequest(null, Object(Config\Cache), false)
 9 FCPATH\index.php(55): CodeIgniter\CodeIgniter->run()
10 SYSTEMPATH\Commands\Server\rewrite.php(43): require_once('FCPATH\\index.php')
CRITICAL - 2022-06-19 20:14:11 --> Undefined variable $Admin
in APPPATH\Views\tambahfilm.php on line 22.
 1 APPPATH\Views\tambahfilm.php(22): CodeIgniter\Debug\Exceptions->errorHandler(2, 'Undefined variable $Admin', 'APPPATH\\Views\\tambahfilm.php', 22)
 2 SYSTEMPATH\View\View.php(213): include('APPPATH\\Views\\tambahfilm.php')
 3 SYSTEMPATH\View\View.php(216): CodeIgniter\View\View->CodeIgniter\View\{closure}()
 4 SYSTEMPATH\Common.php(1135): CodeIgniter\View\View->render('tambahfilm', [], true)
 5 APPPATH\Controllers\Tambah.php(9): view('tambahfilm')
 6 SYSTEMPATH\CodeIgniter.php(898): App\Controllers\Tambah->index()
 7 SYSTEMPATH\CodeIgniter.php(468): CodeIgniter\CodeIgniter->runController(Object(App\Controllers\Tambah))
 8 SYSTEMPATH\CodeIgniter.php(351): CodeIgniter\CodeIgniter->handleRequest(null, Object(Config\Cache), false)
 9 FCPATH\index.php(55): CodeIgniter\CodeIgniter->run()
10 SYSTEMPATH\Commands\Server\rewrite.php(43): require_once('FCPATH\\index.php')
CRITICAL - 2022-06-19 20:14:13 --> Undefined variable $Admin
in APPPATH\Views\tambahfilm.php on line 22.
 1 APPPATH\Views\tambahfilm.php(22): CodeIgniter\Debug\Exceptions->errorHandler(2, 'Undefined variable $Admin', 'APPPATH\\Views\\tambahfilm.php', 22)
 2 SYSTEMPATH\View\View.php(213): include('APPPATH\\Views\\tambahfilm.php')
 3 SYSTEMPATH\View\View.php(216): CodeIgniter\View\View->CodeIgniter\View\{closure}()
 4 SYSTEMPATH\Common.php(1135): CodeIgniter\View\View->render('tambahfilm', [], true)
 5 APPPATH\Controllers\Tambah.php(9): view('tambahfilm')
 6 SYSTEMPATH\CodeIgniter.php(898): App\Controllers\Tambah->index()
 7 SYSTEMPATH\CodeIgniter.php(468): CodeIgniter\CodeIgniter->runController(Object(App\Controllers\Tambah))
 8 SYSTEMPATH\CodeIgniter.php(351): CodeIgniter\CodeIgniter->handleRequest(null, Object(Config\Cache), false)
 9 FCPATH\index.php(55): CodeIgniter\CodeIgniter->run()
10 SYSTEMPATH\Commands\Server\rewrite.php(43): require_once('FCPATH\\index.php')
CRITICAL - 2022-06-19 20:41:16 --> Undefined variable $Admin
in APPPATH\Views\tambahfilm.php on line 22.
 1 APPPATH\Views\tambahfilm.php(22): CodeIgniter\Debug\Exceptions->errorHandler(2, 'Undefined variable $Admin', 'APPPATH\\Views\\tambahfilm.php', 22)
 2 SYSTEMPATH\View\View.php(213): include('APPPATH\\Views\\tambahfilm.php')
 3 SYSTEMPATH\View\View.php(216): CodeIgniter\View\View->CodeIgniter\View\{closure}()
 4 SYSTEMPATH\Common.php(1135): CodeIgniter\View\View->render('tambahfilm', [], true)
 5 APPPATH\Controllers\Tambah.php(9): view('tambahfilm')
 6 SYSTEMPATH\CodeIgniter.php(898): App\Controllers\Tambah->index()
 7 SYSTEMPATH\CodeIgniter.php(468): CodeIgniter\CodeIgniter->runController(Object(App\Controllers\Tambah))
 8 SYSTEMPATH\CodeIgniter.php(351): CodeIgniter\CodeIgniter->handleRequest(null, Object(Config\Cache), false)
 9 FCPATH\index.php(55): CodeIgniter\CodeIgniter->run()
10 SYSTEMPATH\Commands\Server\rewrite.php(43): require_once('FCPATH\\index.php')
CRITICAL - 2022-06-19 20:41:23 --> Undefined variable $Admin
in APPPATH\Views\tambahfilm.php on line 22.
 1 APPPATH\Views\tambahfilm.php(22): CodeIgniter\Debug\Exceptions->errorHandler(2, 'Undefined variable $Admin', 'APPPATH\\Views\\tambahfilm.php', 22)
 2 SYSTEMPATH\View\View.php(213): include('APPPATH\\Views\\tambahfilm.php')
 3 SYSTEMPATH\View\View.php(216): CodeIgniter\View\View->CodeIgniter\View\{closure}()
 4 SYSTEMPATH\Common.php(1135): CodeIgniter\View\View->render('tambahfilm', [], true)
 5 APPPATH\Controllers\Tambah.php(9): view('tambahfilm')
 6 SYSTEMPATH\CodeIgniter.php(898): App\Controllers\Tambah->index()
 7 SYSTEMPATH\CodeIgniter.php(468): CodeIgniter\CodeIgniter->runController(Object(App\Controllers\Tambah))
 8 SYSTEMPATH\CodeIgniter.php(351): CodeIgniter\CodeIgniter->handleRequest(null, Object(Config\Cache), false)
 9 FCPATH\index.php(55): CodeIgniter\CodeIgniter->run()
10 SYSTEMPATH\Commands\Server\rewrite.php(43): require_once('FCPATH\\index.php')
