CRITICAL - 2022-06-22 00:01:23 --> There is no data to insert.
in SYSTEMPATH\BaseModel.php on line 1576.
 1 SYSTEMPATH\BaseModel.php(1576): CodeIgniter\Database\Exceptions\DataException::forEmptyDataset('insert')
 2 SYSTEMPATH\BaseModel.php(704): CodeIgniter\BaseModel->transformDataToArray([], 'insert')
 3 SYSTEMPATH\Model.php(666): CodeIgniter\BaseModel->insert([], true)
 4 APPPATH\Controllers\Tambah.php(35): CodeIgniter\Model->insert([])
 5 SYSTEMPATH\CodeIgniter.php(898): App\Controllers\Tambah->insert_data()
 6 SYSTEMPATH\CodeIgniter.php(468): CodeIgniter\CodeIgniter->runController(Object(App\Controllers\Tambah))
 7 SYSTEMPATH\CodeIgniter.php(351): CodeIgniter\CodeIgniter->handleRequest(null, Object(Config\Cache), false)
 8 FCPATH\index.php(55): CodeIgniter\CodeIgniter->run()
 9 SYSTEMPATH\Commands\Server\rewrite.php(43): require_once('FCPATH\\index.php')
CRITICAL - 2022-06-22 00:03:29 --> Cannot use object of type stdClass as array
in APPPATH\Views\tambahfilm.php on line 26.
 1 SYSTEMPATH\View\View.php(213): include()
 2 SYSTEMPATH\View\View.php(216): CodeIgniter\View\View->CodeIgniter\View\{closure}()
 3 SYSTEMPATH\Common.php(1135): CodeIgniter\View\View->render('tambahfilm', [], true)
 4 APPPATH\Controllers\Tambah.php(20): view('tambahfilm', [...])
 5 SYSTEMPATH\CodeIgniter.php(898): App\Controllers\Tambah->index()
 6 SYSTEMPATH\CodeIgniter.php(468): CodeIgniter\CodeIgniter->runController(Object(App\Controllers\Tambah))
 7 SYSTEMPATH\CodeIgniter.php(351): CodeIgniter\CodeIgniter->handleRequest(null, Object(Config\Cache), false)
 8 FCPATH\index.php(55): CodeIgniter\CodeIgniter->run()
 9 SYSTEMPATH\Commands\Server\rewrite.php(43): require_once('FCPATH\\index.php')
CRITICAL - 2022-06-22 00:03:32 --> Cannot use object of type stdClass as array
in APPPATH\Views\tambahfilm.php on line 26.
 1 SYSTEMPATH\View\View.php(213): include()
 2 SYSTEMPATH\View\View.php(216): CodeIgniter\View\View->CodeIgniter\View\{closure}()
 3 SYSTEMPATH\Common.php(1135): CodeIgniter\View\View->render('tambahfilm', [], true)
 4 APPPATH\Controllers\Tambah.php(20): view('tambahfilm', [...])
 5 SYSTEMPATH\CodeIgniter.php(898): App\Controllers\Tambah->index()
 6 SYSTEMPATH\CodeIgniter.php(468): CodeIgniter\CodeIgniter->runController(Object(App\Controllers\Tambah))
 7 SYSTEMPATH\CodeIgniter.php(351): CodeIgniter\CodeIgniter->handleRequest(null, Object(Config\Cache), false)
 8 FCPATH\index.php(55): CodeIgniter\CodeIgniter->run()
 9 SYSTEMPATH\Commands\Server\rewrite.php(43): require_once('FCPATH\\index.php')
CRITICAL - 2022-06-22 00:04:21 --> Cannot use object of type stdClass as array
in APPPATH\Views\tambahfilm.php on line 26.
 1 SYSTEMPATH\View\View.php(213): include()
 2 SYSTEMPATH\View\View.php(216): CodeIgniter\View\View->CodeIgniter\View\{closure}()
 3 SYSTEMPATH\Common.php(1135): CodeIgniter\View\View->render('tambahfilm', [], true)
 4 APPPATH\Controllers\Tambah.php(20): view('tambahfilm', [...])
 5 SYSTEMPATH\CodeIgniter.php(898): App\Controllers\Tambah->index()
 6 SYSTEMPATH\CodeIgniter.php(468): CodeIgniter\CodeIgniter->runController(Object(App\Controllers\Tambah))
 7 SYSTEMPATH\CodeIgniter.php(351): CodeIgniter\CodeIgniter->handleRequest(null, Object(Config\Cache), false)
 8 FCPATH\index.php(55): CodeIgniter\CodeIgniter->run()
 9 SYSTEMPATH\Commands\Server\rewrite.php(43): require_once('FCPATH\\index.php')
CRITICAL - 2022-06-22 00:04:26 --> Cannot use object of type stdClass as array
in APPPATH\Views\tambahfilm.php on line 26.
 1 SYSTEMPATH\View\View.php(213): include()
 2 SYSTEMPATH\View\View.php(216): CodeIgniter\View\View->CodeIgniter\View\{closure}()
 3 SYSTEMPATH\Common.php(1135): CodeIgniter\View\View->render('tambahfilm', [], true)
 4 APPPATH\Controllers\Tambah.php(20): view('tambahfilm', [...])
 5 SYSTEMPATH\CodeIgniter.php(898): App\Controllers\Tambah->index()
 6 SYSTEMPATH\CodeIgniter.php(468): CodeIgniter\CodeIgniter->runController(Object(App\Controllers\Tambah))
 7 SYSTEMPATH\CodeIgniter.php(351): CodeIgniter\CodeIgniter->handleRequest(null, Object(Config\Cache), false)
 8 FCPATH\index.php(55): CodeIgniter\CodeIgniter->run()
 9 SYSTEMPATH\Commands\Server\rewrite.php(43): require_once('FCPATH\\index.php')
CRITICAL - 2022-06-22 00:11:40 --> Undefined variable $film
in APPPATH\Views\tambahfilm.php on line 24.
 1 APPPATH\Views\tambahfilm.php(24): CodeIgniter\Debug\Exceptions->errorHandler(2, 'Undefined variable $film', 'APPPATH\\Views\\tambahfilm.php', 24)
 2 SYSTEMPATH\View\View.php(213): include('APPPATH\\Views\\tambahfilm.php')
 3 SYSTEMPATH\View\View.php(216): CodeIgniter\View\View->CodeIgniter\View\{closure}()
 4 SYSTEMPATH\Common.php(1135): CodeIgniter\View\View->render('tambahfilm', [], true)
 5 APPPATH\Controllers\Tambah.php(37): view('tambahfilm', [...])
 6 SYSTEMPATH\CodeIgniter.php(898): App\Controllers\Tambah->insert()
 7 SYSTEMPATH\CodeIgniter.php(468): CodeIgniter\CodeIgniter->runController(Object(App\Controllers\Tambah))
 8 SYSTEMPATH\CodeIgniter.php(351): CodeIgniter\CodeIgniter->handleRequest(null, Object(Config\Cache), false)
 9 FCPATH\index.php(55): CodeIgniter\CodeIgniter->run()
10 SYSTEMPATH\Commands\Server\rewrite.php(43): require_once('FCPATH\\index.php')
CRITICAL - 2022-06-22 00:30:10 --> syntax error, unexpected token "endforeach", expecting end of file
in APPPATH\Views\tambahfilm.php on line 29.
 1 SYSTEMPATH\View\View.php(216): CodeIgniter\View\View->CodeIgniter\View\{closure}()
 2 SYSTEMPATH\Common.php(1135): CodeIgniter\View\View->render('tambahfilm', [], true)
 3 APPPATH\Controllers\Tambah.php(20): view('tambahfilm', [...])
 4 SYSTEMPATH\CodeIgniter.php(898): App\Controllers\Tambah->index()
 5 SYSTEMPATH\CodeIgniter.php(468): CodeIgniter\CodeIgniter->runController(Object(App\Controllers\Tambah))
 6 SYSTEMPATH\CodeIgniter.php(351): CodeIgniter\CodeIgniter->handleRequest(null, Object(Config\Cache), false)
 7 FCPATH\index.php(55): CodeIgniter\CodeIgniter->run()
 8 SYSTEMPATH\Commands\Server\rewrite.php(43): require_once('FCPATH\\index.php')
CRITICAL - 2022-06-22 00:45:12 --> syntax error, unexpected token "<"
in APPPATH\Views\tambahfilm.php on line 28.
 1 SYSTEMPATH\View\View.php(216): CodeIgniter\View\View->CodeIgniter\View\{closure}()
 2 SYSTEMPATH\Common.php(1135): CodeIgniter\View\View->render('tambahfilm', [], true)
 3 APPPATH\Controllers\Tambah.php(20): view('tambahfilm', [...])
 4 SYSTEMPATH\CodeIgniter.php(898): App\Controllers\Tambah->index()
 5 SYSTEMPATH\CodeIgniter.php(468): CodeIgniter\CodeIgniter->runController(Object(App\Controllers\Tambah))
 6 SYSTEMPATH\CodeIgniter.php(351): CodeIgniter\CodeIgniter->handleRequest(null, Object(Config\Cache), false)
 7 FCPATH\index.php(55): CodeIgniter\CodeIgniter->run()
 8 SYSTEMPATH\Commands\Server\rewrite.php(43): require_once('FCPATH\\index.php')
CRITICAL - 2022-06-22 00:45:29 --> Undefined variable $row
in APPPATH\Views\tambahfilm.php on line 29.
 1 APPPATH\Views\tambahfilm.php(29): CodeIgniter\Debug\Exceptions->errorHandler(2, 'Undefined variable $row', 'APPPATH\\Views\\tambahfilm.php', 29)
 2 SYSTEMPATH\View\View.php(213): include('APPPATH\\Views\\tambahfilm.php')
 3 SYSTEMPATH\View\View.php(216): CodeIgniter\View\View->CodeIgniter\View\{closure}()
 4 SYSTEMPATH\Common.php(1135): CodeIgniter\View\View->render('tambahfilm', [], true)
 5 APPPATH\Controllers\Tambah.php(20): view('tambahfilm', [...])
 6 SYSTEMPATH\CodeIgniter.php(898): App\Controllers\Tambah->index()
 7 SYSTEMPATH\CodeIgniter.php(468): CodeIgniter\CodeIgniter->runController(Object(App\Controllers\Tambah))
 8 SYSTEMPATH\CodeIgniter.php(351): CodeIgniter\CodeIgniter->handleRequest(null, Object(Config\Cache), false)
 9 FCPATH\index.php(55): CodeIgniter\CodeIgniter->run()
10 SYSTEMPATH\Commands\Server\rewrite.php(43): require_once('FCPATH\\index.php')
CRITICAL - 2022-06-22 00:48:41 --> Undefined array key "aksi"
in APPPATH\Views\tambahfilm.php on line 37.
 1 APPPATH\Views\tambahfilm.php(37): CodeIgniter\Debug\Exceptions->errorHandler(2, 'Undefined array key "aksi"', 'APPPATH\\Views\\tambahfilm.php', 37)
 2 SYSTEMPATH\View\View.php(213): include('APPPATH\\Views\\tambahfilm.php')
 3 SYSTEMPATH\View\View.php(216): CodeIgniter\View\View->CodeIgniter\View\{closure}()
 4 SYSTEMPATH\Common.php(1135): CodeIgniter\View\View->render('tambahfilm', [], true)
 5 APPPATH\Controllers\Tambah.php(20): view('tambahfilm', [...])
 6 SYSTEMPATH\CodeIgniter.php(898): App\Controllers\Tambah->index()
 7 SYSTEMPATH\CodeIgniter.php(468): CodeIgniter\CodeIgniter->runController(Object(App\Controllers\Tambah))
 8 SYSTEMPATH\CodeIgniter.php(351): CodeIgniter\CodeIgniter->handleRequest(null, Object(Config\Cache), false)
 9 FCPATH\index.php(55): CodeIgniter\CodeIgniter->run()
10 SYSTEMPATH\Commands\Server\rewrite.php(43): require_once('FCPATH\\index.php')
CRITICAL - 2022-06-22 01:03:09 --> syntax error, unexpected identifier "id", expecting ")"
in APPPATH\Views\tambahfilm.php on line 39.
 1 SYSTEMPATH\View\View.php(216): CodeIgniter\View\View->CodeIgniter\View\{closure}()
 2 SYSTEMPATH\Common.php(1135): CodeIgniter\View\View->render('tambahfilm', [], true)
 3 APPPATH\Controllers\Tambah.php(20): view('tambahfilm', [...])
 4 SYSTEMPATH\CodeIgniter.php(898): App\Controllers\Tambah->index()
 5 SYSTEMPATH\CodeIgniter.php(468): CodeIgniter\CodeIgniter->runController(Object(App\Controllers\Tambah))
 6 SYSTEMPATH\CodeIgniter.php(351): CodeIgniter\CodeIgniter->handleRequest(null, Object(Config\Cache), false)
 7 FCPATH\index.php(55): CodeIgniter\CodeIgniter->run()
 8 SYSTEMPATH\Commands\Server\rewrite.php(43): require_once('FCPATH\\index.php')
CRITICAL - 2022-06-22 01:03:55 --> syntax error, unexpected string content "", expecting "-" or identifier or variable or number
in APPPATH\Views\tambahfilm.php on line 39.
 1 SYSTEMPATH\View\View.php(216): CodeIgniter\View\View->CodeIgniter\View\{closure}()
 2 SYSTEMPATH\Common.php(1135): CodeIgniter\View\View->render('tambahfilm', [], true)
 3 APPPATH\Controllers\Tambah.php(20): view('tambahfilm', [...])
 4 SYSTEMPATH\CodeIgniter.php(898): App\Controllers\Tambah->index()
 5 SYSTEMPATH\CodeIgniter.php(468): CodeIgniter\CodeIgniter->runController(Object(App\Controllers\Tambah))
 6 SYSTEMPATH\CodeIgniter.php(351): CodeIgniter\CodeIgniter->handleRequest(null, Object(Config\Cache), false)
 7 FCPATH\index.php(55): CodeIgniter\CodeIgniter->run()
 8 SYSTEMPATH\Commands\Server\rewrite.php(43): require_once('FCPATH\\index.php')
CRITICAL - 2022-06-22 01:04:30 --> syntax error, unexpected string content "", expecting "-" or identifier or variable or number
in APPPATH\Views\tambahfilm.php on line 39.
 1 SYSTEMPATH\View\View.php(216): CodeIgniter\View\View->CodeIgniter\View\{closure}()
 2 SYSTEMPATH\Common.php(1135): CodeIgniter\View\View->render('tambahfilm', [], true)
 3 APPPATH\Controllers\Tambah.php(20): view('tambahfilm', [...])
 4 SYSTEMPATH\CodeIgniter.php(898): App\Controllers\Tambah->index()
 5 SYSTEMPATH\CodeIgniter.php(468): CodeIgniter\CodeIgniter->runController(Object(App\Controllers\Tambah))
 6 SYSTEMPATH\CodeIgniter.php(351): CodeIgniter\CodeIgniter->handleRequest(null, Object(Config\Cache), false)
 7 FCPATH\index.php(55): CodeIgniter\CodeIgniter->run()
 8 SYSTEMPATH\Commands\Server\rewrite.php(43): require_once('FCPATH\\index.php')
CRITICAL - 2022-06-22 01:05:14 --> syntax error, unexpected identifier "id", expecting ")"
in APPPATH\Views\tambahfilm.php on line 39.
 1 SYSTEMPATH\View\View.php(216): CodeIgniter\View\View->CodeIgniter\View\{closure}()
 2 SYSTEMPATH\Common.php(1135): CodeIgniter\View\View->render('tambahfilm', [], true)
 3 APPPATH\Controllers\Tambah.php(20): view('tambahfilm', [...])
 4 SYSTEMPATH\CodeIgniter.php(898): App\Controllers\Tambah->index()
 5 SYSTEMPATH\CodeIgniter.php(468): CodeIgniter\CodeIgniter->runController(Object(App\Controllers\Tambah))
 6 SYSTEMPATH\CodeIgniter.php(351): CodeIgniter\CodeIgniter->handleRequest(null, Object(Config\Cache), false)
 7 FCPATH\index.php(55): CodeIgniter\CodeIgniter->run()
 8 SYSTEMPATH\Commands\Server\rewrite.php(43): require_once('FCPATH\\index.php')
CRITICAL - 2022-06-22 01:06:34 --> syntax error, unexpected token "=>", expecting ")"
in APPPATH\Views\tambahfilm.php on line 39.
 1 SYSTEMPATH\View\View.php(216): CodeIgniter\View\View->CodeIgniter\View\{closure}()
 2 SYSTEMPATH\Common.php(1135): CodeIgniter\View\View->render('tambahfilm', [], true)
 3 APPPATH\Controllers\Tambah.php(20): view('tambahfilm', [...])
 4 SYSTEMPATH\CodeIgniter.php(898): App\Controllers\Tambah->index()
 5 SYSTEMPATH\CodeIgniter.php(468): CodeIgniter\CodeIgniter->runController(Object(App\Controllers\Tambah))
 6 SYSTEMPATH\CodeIgniter.php(351): CodeIgniter\CodeIgniter->handleRequest(null, Object(Config\Cache), false)
 7 FCPATH\index.php(55): CodeIgniter\CodeIgniter->run()
 8 SYSTEMPATH\Commands\Server\rewrite.php(43): require_once('FCPATH\\index.php')
CRITICAL - 2022-06-22 01:06:59 --> syntax error, unexpected double-quoted string ">delete</a>", expecting "," or ";"
in APPPATH\Views\tambahfilm.php on line 40.
 1 SYSTEMPATH\View\View.php(216): CodeIgniter\View\View->CodeIgniter\View\{closure}()
 2 SYSTEMPATH\Common.php(1135): CodeIgniter\View\View->render('tambahfilm', [], true)
 3 APPPATH\Controllers\Tambah.php(20): view('tambahfilm', [...])
 4 SYSTEMPATH\CodeIgniter.php(898): App\Controllers\Tambah->index()
 5 SYSTEMPATH\CodeIgniter.php(468): CodeIgniter\CodeIgniter->runController(Object(App\Controllers\Tambah))
 6 SYSTEMPATH\CodeIgniter.php(351): CodeIgniter\CodeIgniter->handleRequest(null, Object(Config\Cache), false)
 7 FCPATH\index.php(55): CodeIgniter\CodeIgniter->run()
 8 SYSTEMPATH\Commands\Server\rewrite.php(43): require_once('FCPATH\\index.php')
CRITICAL - 2022-06-22 01:07:22 --> syntax error, unexpected token "=>", expecting ")"
in APPPATH\Views\tambahfilm.php on line 39.
 1 SYSTEMPATH\View\View.php(216): CodeIgniter\View\View->CodeIgniter\View\{closure}()
 2 SYSTEMPATH\Common.php(1135): CodeIgniter\View\View->render('tambahfilm', [], true)
 3 APPPATH\Controllers\Tambah.php(20): view('tambahfilm', [...])
 4 SYSTEMPATH\CodeIgniter.php(898): App\Controllers\Tambah->index()
 5 SYSTEMPATH\CodeIgniter.php(468): CodeIgniter\CodeIgniter->runController(Object(App\Controllers\Tambah))
 6 SYSTEMPATH\CodeIgniter.php(351): CodeIgniter\CodeIgniter->handleRequest(null, Object(Config\Cache), false)
 7 FCPATH\index.php(55): CodeIgniter\CodeIgniter->run()
 8 SYSTEMPATH\Commands\Server\rewrite.php(43): require_once('FCPATH\\index.php')
CRITICAL - 2022-06-22 01:07:47 --> Undefined variable $values
in APPPATH\Views\tambahfilm.php on line 39.
 1 APPPATH\Views\tambahfilm.php(39): CodeIgniter\Debug\Exceptions->errorHandler(2, 'Undefined variable $values', 'APPPATH\\Views\\tambahfilm.php', 39)
 2 SYSTEMPATH\View\View.php(213): include('APPPATH\\Views\\tambahfilm.php')
 3 SYSTEMPATH\View\View.php(216): CodeIgniter\View\View->CodeIgniter\View\{closure}()
 4 SYSTEMPATH\Common.php(1135): CodeIgniter\View\View->render('tambahfilm', [], true)
 5 APPPATH\Controllers\Tambah.php(20): view('tambahfilm', [...])
 6 SYSTEMPATH\CodeIgniter.php(898): App\Controllers\Tambah->index()
 7 SYSTEMPATH\CodeIgniter.php(468): CodeIgniter\CodeIgniter->runController(Object(App\Controllers\Tambah))
 8 SYSTEMPATH\CodeIgniter.php(351): CodeIgniter\CodeIgniter->handleRequest(null, Object(Config\Cache), false)
 9 FCPATH\index.php(55): CodeIgniter\CodeIgniter->run()
10 SYSTEMPATH\Commands\Server\rewrite.php(43): require_once('FCPATH\\index.php')
CRITICAL - 2022-06-22 01:08:05 --> Undefined variable $values
in APPPATH\Views\tambahfilm.php on line 39.
 1 APPPATH\Views\tambahfilm.php(39): CodeIgniter\Debug\Exceptions->errorHandler(2, 'Undefined variable $values', 'APPPATH\\Views\\tambahfilm.php', 39)
 2 SYSTEMPATH\View\View.php(213): include('APPPATH\\Views\\tambahfilm.php')
 3 SYSTEMPATH\View\View.php(216): CodeIgniter\View\View->CodeIgniter\View\{closure}()
 4 SYSTEMPATH\Common.php(1135): CodeIgniter\View\View->render('tambahfilm', [], true)
 5 APPPATH\Controllers\Tambah.php(20): view('tambahfilm', [...])
 6 SYSTEMPATH\CodeIgniter.php(898): App\Controllers\Tambah->index()
 7 SYSTEMPATH\CodeIgniter.php(468): CodeIgniter\CodeIgniter->runController(Object(App\Controllers\Tambah))
 8 SYSTEMPATH\CodeIgniter.php(351): CodeIgniter\CodeIgniter->handleRequest(null, Object(Config\Cache), false)
 9 FCPATH\index.php(55): CodeIgniter\CodeIgniter->run()
10 SYSTEMPATH\Commands\Server\rewrite.php(43): require_once('FCPATH\\index.php')
CRITICAL - 2022-06-22 03:23:44 --> Undefined variable $value
in APPPATH\Views\tambahfilm.php on line 63.
 1 APPPATH\Views\tambahfilm.php(63): CodeIgniter\Debug\Exceptions->errorHandler(2, 'Undefined variable $value', 'APPPATH\\Views\\tambahfilm.php', 63)
 2 SYSTEMPATH\View\View.php(213): include('APPPATH\\Views\\tambahfilm.php')
 3 SYSTEMPATH\View\View.php(216): CodeIgniter\View\View->CodeIgniter\View\{closure}()
 4 SYSTEMPATH\Common.php(1135): CodeIgniter\View\View->render('tambahfilm', [], true)
 5 APPPATH\Controllers\Tambah.php(20): view('tambahfilm', [...])
 6 SYSTEMPATH\CodeIgniter.php(898): App\Controllers\Tambah->index()
 7 SYSTEMPATH\CodeIgniter.php(468): CodeIgniter\CodeIgniter->runController(Object(App\Controllers\Tambah))
 8 SYSTEMPATH\CodeIgniter.php(351): CodeIgniter\CodeIgniter->handleRequest(null, Object(Config\Cache), false)
 9 FCPATH\index.php(55): CodeIgniter\CodeIgniter->run()
10 SYSTEMPATH\Commands\Server\rewrite.php(43): require_once('FCPATH\\index.php')
CRITICAL - 2022-06-22 03:41:57 --> syntax error, unexpected token "endforeach", expecting end of file
in APPPATH\Views\tambahfilm.php on line 75.
 1 SYSTEMPATH\View\View.php(216): CodeIgniter\View\View->CodeIgniter\View\{closure}()
 2 SYSTEMPATH\Common.php(1135): CodeIgniter\View\View->render('tambahfilm', [], true)
 3 APPPATH\Controllers\Tambah.php(20): view('tambahfilm', [...])
 4 SYSTEMPATH\CodeIgniter.php(898): App\Controllers\Tambah->index()
 5 SYSTEMPATH\CodeIgniter.php(468): CodeIgniter\CodeIgniter->runController(Object(App\Controllers\Tambah))
 6 SYSTEMPATH\CodeIgniter.php(351): CodeIgniter\CodeIgniter->handleRequest(null, Object(Config\Cache), false)
 7 FCPATH\index.php(55): CodeIgniter\CodeIgniter->run()
 8 SYSTEMPATH\Commands\Server\rewrite.php(43): require_once('FCPATH\\index.php')
CRITICAL - 2022-06-22 03:42:18 --> Undefined variable $value
in APPPATH\Views\tambahfilm.php on line 74.
 1 APPPATH\Views\tambahfilm.php(74): CodeIgniter\Debug\Exceptions->errorHandler(2, 'Undefined variable $value', 'APPPATH\\Views\\tambahfilm.php', 74)
 2 SYSTEMPATH\View\View.php(213): include('APPPATH\\Views\\tambahfilm.php')
 3 SYSTEMPATH\View\View.php(216): CodeIgniter\View\View->CodeIgniter\View\{closure}()
 4 SYSTEMPATH\Common.php(1135): CodeIgniter\View\View->render('tambahfilm', [], true)
 5 APPPATH\Controllers\Tambah.php(20): view('tambahfilm', [...])
 6 SYSTEMPATH\CodeIgniter.php(898): App\Controllers\Tambah->index()
 7 SYSTEMPATH\CodeIgniter.php(468): CodeIgniter\CodeIgniter->runController(Object(App\Controllers\Tambah))
 8 SYSTEMPATH\CodeIgniter.php(351): CodeIgniter\CodeIgniter->handleRequest(null, Object(Config\Cache), false)
 9 FCPATH\index.php(55): CodeIgniter\CodeIgniter->run()
10 SYSTEMPATH\Commands\Server\rewrite.php(43): require_once('FCPATH\\index.php')
CRITICAL - 2022-06-22 04:34:35 --> Undefined variable $row
in APPPATH\Views\tambahfilm.php on line 43.
 1 APPPATH\Views\tambahfilm.php(43): CodeIgniter\Debug\Exceptions->errorHandler(2, 'Undefined variable $row', 'APPPATH\\Views\\tambahfilm.php', 43)
 2 SYSTEMPATH\View\View.php(213): include('APPPATH\\Views\\tambahfilm.php')
 3 SYSTEMPATH\View\View.php(216): CodeIgniter\View\View->CodeIgniter\View\{closure}()
 4 SYSTEMPATH\Common.php(1135): CodeIgniter\View\View->render('tambahfilm', [], true)
 5 APPPATH\Controllers\Tambah.php(20): view('tambahfilm', [...])
 6 SYSTEMPATH\CodeIgniter.php(898): App\Controllers\Tambah->index()
 7 SYSTEMPATH\CodeIgniter.php(468): CodeIgniter\CodeIgniter->runController(Object(App\Controllers\Tambah))
 8 SYSTEMPATH\CodeIgniter.php(351): CodeIgniter\CodeIgniter->handleRequest(null, Object(Config\Cache), false)
 9 FCPATH\index.php(55): CodeIgniter\CodeIgniter->run()
10 SYSTEMPATH\Commands\Server\rewrite.php(43): require_once('FCPATH\\index.php')
CRITICAL - 2022-06-22 04:35:29 --> Undefined array key "traier"
in APPPATH\Views\tambahfilm.php on line 47.
 1 APPPATH\Views\tambahfilm.php(47): CodeIgniter\Debug\Exceptions->errorHandler(2, 'Undefined array key "traier"', 'APPPATH\\Views\\tambahfilm.php', 47)
 2 SYSTEMPATH\View\View.php(213): include('APPPATH\\Views\\tambahfilm.php')
 3 SYSTEMPATH\View\View.php(216): CodeIgniter\View\View->CodeIgniter\View\{closure}()
 4 SYSTEMPATH\Common.php(1135): CodeIgniter\View\View->render('tambahfilm', [], true)
 5 APPPATH\Controllers\Tambah.php(20): view('tambahfilm', [...])
 6 SYSTEMPATH\CodeIgniter.php(898): App\Controllers\Tambah->index()
 7 SYSTEMPATH\CodeIgniter.php(468): CodeIgniter\CodeIgniter->runController(Object(App\Controllers\Tambah))
 8 SYSTEMPATH\CodeIgniter.php(351): CodeIgniter\CodeIgniter->handleRequest(null, Object(Config\Cache), false)
 9 FCPATH\index.php(55): CodeIgniter\CodeIgniter->run()
10 SYSTEMPATH\Commands\Server\rewrite.php(43): require_once('FCPATH\\index.php')
CRITICAL - 2022-06-22 04:35:55 --> Undefined array key "product_img"
in APPPATH\Views\tambahfilm.php on line 50.
 1 APPPATH\Views\tambahfilm.php(50): CodeIgniter\Debug\Exceptions->errorHandler(2, 'Undefined array key "product_img"', 'APPPATH\\Views\\tambahfilm.php', 50)
 2 SYSTEMPATH\View\View.php(213): include('APPPATH\\Views\\tambahfilm.php')
 3 SYSTEMPATH\View\View.php(216): CodeIgniter\View\View->CodeIgniter\View\{closure}()
 4 SYSTEMPATH\Common.php(1135): CodeIgniter\View\View->render('tambahfilm', [], true)
 5 APPPATH\Controllers\Tambah.php(20): view('tambahfilm', [...])
 6 SYSTEMPATH\CodeIgniter.php(898): App\Controllers\Tambah->index()
 7 SYSTEMPATH\CodeIgniter.php(468): CodeIgniter\CodeIgniter->runController(Object(App\Controllers\Tambah))
 8 SYSTEMPATH\CodeIgniter.php(351): CodeIgniter\CodeIgniter->handleRequest(null, Object(Config\Cache), false)
 9 FCPATH\index.php(55): CodeIgniter\CodeIgniter->run()
10 SYSTEMPATH\Commands\Server\rewrite.php(43): require_once('FCPATH\\index.php')
CRITICAL - 2022-06-22 04:36:20 --> Undefined array key "product_img"
in APPPATH\Views\tambahfilm.php on line 50.
 1 APPPATH\Views\tambahfilm.php(50): CodeIgniter\Debug\Exceptions->errorHandler(2, 'Undefined array key "product_img"', 'APPPATH\\Views\\tambahfilm.php', 50)
 2 SYSTEMPATH\View\View.php(213): include('APPPATH\\Views\\tambahfilm.php')
 3 SYSTEMPATH\View\View.php(216): CodeIgniter\View\View->CodeIgniter\View\{closure}()
 4 SYSTEMPATH\Common.php(1135): CodeIgniter\View\View->render('tambahfilm', [], true)
 5 APPPATH\Controllers\Tambah.php(20): view('tambahfilm', [...])
 6 SYSTEMPATH\CodeIgniter.php(898): App\Controllers\Tambah->index()
 7 SYSTEMPATH\CodeIgniter.php(468): CodeIgniter\CodeIgniter->runController(Object(App\Controllers\Tambah))
 8 SYSTEMPATH\CodeIgniter.php(351): CodeIgniter\CodeIgniter->handleRequest(null, Object(Config\Cache), false)
 9 FCPATH\index.php(55): CodeIgniter\CodeIgniter->run()
10 SYSTEMPATH\Commands\Server\rewrite.php(43): require_once('FCPATH\\index.php')
CRITICAL - 2022-06-22 04:36:23 --> Undefined array key "product_img"
in APPPATH\Views\tambahfilm.php on line 50.
 1 APPPATH\Views\tambahfilm.php(50): CodeIgniter\Debug\Exceptions->errorHandler(2, 'Undefined array key "product_img"', 'APPPATH\\Views\\tambahfilm.php', 50)
 2 SYSTEMPATH\View\View.php(213): include('APPPATH\\Views\\tambahfilm.php')
 3 SYSTEMPATH\View\View.php(216): CodeIgniter\View\View->CodeIgniter\View\{closure}()
 4 SYSTEMPATH\Common.php(1135): CodeIgniter\View\View->render('tambahfilm', [], true)
 5 APPPATH\Controllers\Tambah.php(20): view('tambahfilm', [...])
 6 SYSTEMPATH\CodeIgniter.php(898): App\Controllers\Tambah->index()
 7 SYSTEMPATH\CodeIgniter.php(468): CodeIgniter\CodeIgniter->runController(Object(App\Controllers\Tambah))
 8 SYSTEMPATH\CodeIgniter.php(351): CodeIgniter\CodeIgniter->handleRequest(null, Object(Config\Cache), false)
 9 FCPATH\index.php(55): CodeIgniter\CodeIgniter->run()
10 SYSTEMPATH\Commands\Server\rewrite.php(43): require_once('FCPATH\\index.php')
