CRITICAL - 2022-06-17 22:17:21 --> syntax error, unexpected token ":", expecting "," or ";"
in APPPATH\Config\Email.php on line 12.
 1 SYSTEMPATH\Autoloader\Autoloader.php(261): CodeIgniter\Autoloader\Autoloader->includeFile('APPPATH\\Config\\Email.php')
 2 SYSTEMPATH\Autoloader\Autoloader.php(239): CodeIgniter\Autoloader\Autoloader->loadInNamespace('Config\\Email')
 3 [internal function]: CodeIgniter\Autoloader\Autoloader->loadClass('Config\\Email')
 4 SYSTEMPATH\Config\Factories.php(152): class_exists('Config\\Email')
 5 SYSTEMPATH\Config\Factories.php(122): CodeIgniter\Config\Factories::locateClass([...], 'Email')
 6 SYSTEMPATH\Common.php(198): CodeIgniter\Config\Factories::__callStatic('config', [])
 7 SYSTEMPATH\Config\Services.php(215): config('Email')
 8 SYSTEMPATH\Config\BaseService.php(251): CodeIgniter\Config\Services::email(null, false)
 9 SYSTEMPATH\Config\BaseService.php(192): CodeIgniter\Config\BaseService::__callStatic('email', [...])
10 SYSTEMPATH\Config\Services.php(211): CodeIgniter\Config\BaseService::getSharedInstance('email', null)
11 SYSTEMPATH\Config\BaseService.php(251): CodeIgniter\Config\Services::email()
12 SYSTEMPATH\Common.php(960): CodeIgniter\Config\BaseService::__callStatic('email', [])
13 VENDORPATH\myth\auth\src\Authentication\Activators\EmailActivator.php(24): service('email')
14 VENDORPATH\myth\auth\src\Controllers\AuthController.php(196): Myth\Auth\Authentication\Activators\EmailActivator->send(Object(Myth\Auth\Entities\User))
15 SYSTEMPATH\CodeIgniter.php(898): Myth\Auth\Controllers\AuthController->attemptRegister()
16 SYSTEMPATH\CodeIgniter.php(468): CodeIgniter\CodeIgniter->runController(Object(Myth\Auth\Controllers\AuthController))
17 SYSTEMPATH\CodeIgniter.php(351): CodeIgniter\CodeIgniter->handleRequest(null, Object(Config\Cache), false)
18 FCPATH\index.php(55): CodeIgniter\CodeIgniter->run()
19 SYSTEMPATH\Commands\Server\rewrite.php(43): require_once('FCPATH\\index.php')
CRITICAL - 2022-06-17 22:33:49 --> Call to undefined function App\Controllers\views()
in APPPATH\Controllers\Home.php on line 9.
 1 SYSTEMPATH\CodeIgniter.php(898): App\Controllers\Home->index()
 2 SYSTEMPATH\CodeIgniter.php(468): CodeIgniter\CodeIgniter->runController(Object(App\Controllers\Home))
 3 SYSTEMPATH\CodeIgniter.php(351): CodeIgniter\CodeIgniter->handleRequest(null, Object(Config\Cache), false)
 4 FCPATH\index.php(55): CodeIgniter\CodeIgniter->run()
 5 SYSTEMPATH\Commands\Server\rewrite.php(43): require_once('FCPATH\\index.php')
CRITICAL - 2022-06-17 22:34:15 --> Invalid file: layouts/template.php
in SYSTEMPATH\Exceptions\FrameworkException.php on line 33.
 1 SYSTEMPATH\View\View.php(201): CodeIgniter\Exceptions\FrameworkException::forInvalidFile('layouts/template.php')
 2 SYSTEMPATH\View\View.php(229): CodeIgniter\View\View->render('layouts/template', [], true)
 3 SYSTEMPATH\Common.php(1135): CodeIgniter\View\View->render('body', [], true)
 4 APPPATH\Controllers\Home.php(9): view('body')
 5 SYSTEMPATH\CodeIgniter.php(898): App\Controllers\Home->index()
 6 SYSTEMPATH\CodeIgniter.php(468): CodeIgniter\CodeIgniter->runController(Object(App\Controllers\Home))
 7 SYSTEMPATH\CodeIgniter.php(351): CodeIgniter\CodeIgniter->handleRequest(null, Object(Config\Cache), false)
 8 FCPATH\index.php(55): CodeIgniter\CodeIgniter->run()
 9 SYSTEMPATH\Commands\Server\rewrite.php(43): require_once('FCPATH\\index.php')
CRITICAL - 2022-06-17 22:34:16 --> Invalid file: layouts/template.php
in SYSTEMPATH\Exceptions\FrameworkException.php on line 33.
 1 SYSTEMPATH\View\View.php(201): CodeIgniter\Exceptions\FrameworkException::forInvalidFile('layouts/template.php')
 2 SYSTEMPATH\View\View.php(229): CodeIgniter\View\View->render('layouts/template', [], true)
 3 SYSTEMPATH\Common.php(1135): CodeIgniter\View\View->render('body', [], true)
 4 APPPATH\Controllers\Home.php(9): view('body')
 5 SYSTEMPATH\CodeIgniter.php(898): App\Controllers\Home->index()
 6 SYSTEMPATH\CodeIgniter.php(468): CodeIgniter\CodeIgniter->runController(Object(App\Controllers\Home))
 7 SYSTEMPATH\CodeIgniter.php(351): CodeIgniter\CodeIgniter->handleRequest(null, Object(Config\Cache), false)
 8 FCPATH\index.php(55): CodeIgniter\CodeIgniter->run()
 9 SYSTEMPATH\Commands\Server\rewrite.php(43): require_once('FCPATH\\index.php')
CRITICAL - 2022-06-17 22:53:58 --> Invalid file: public/assets/template.php
in SYSTEMPATH\Exceptions\FrameworkException.php on line 33.
 1 SYSTEMPATH\View\View.php(201): CodeIgniter\Exceptions\FrameworkException::forInvalidFile('public/assets/template.php')
 2 SYSTEMPATH\View\View.php(229): CodeIgniter\View\View->render('public/assets/template', [], true)
 3 SYSTEMPATH\Common.php(1135): CodeIgniter\View\View->render('body', [], true)
 4 APPPATH\Controllers\Home.php(9): view('body')
 5 SYSTEMPATH\CodeIgniter.php(898): App\Controllers\Home->index()
 6 SYSTEMPATH\CodeIgniter.php(468): CodeIgniter\CodeIgniter->runController(Object(App\Controllers\Home))
 7 SYSTEMPATH\CodeIgniter.php(351): CodeIgniter\CodeIgniter->handleRequest(null, Object(Config\Cache), false)
 8 FCPATH\index.php(55): CodeIgniter\CodeIgniter->run()
 9 SYSTEMPATH\Commands\Server\rewrite.php(43): require_once('FCPATH\\index.php')
CRITICAL - 2022-06-17 22:54:04 --> Invalid file: public/assets/template.php
in SYSTEMPATH\Exceptions\FrameworkException.php on line 33.
 1 SYSTEMPATH\View\View.php(201): CodeIgniter\Exceptions\FrameworkException::forInvalidFile('public/assets/template.php')
 2 SYSTEMPATH\View\View.php(229): CodeIgniter\View\View->render('public/assets/template', [], true)
 3 SYSTEMPATH\Common.php(1135): CodeIgniter\View\View->render('body', [], true)
 4 APPPATH\Controllers\Home.php(9): view('body')
 5 SYSTEMPATH\CodeIgniter.php(898): App\Controllers\Home->index()
 6 SYSTEMPATH\CodeIgniter.php(468): CodeIgniter\CodeIgniter->runController(Object(App\Controllers\Home))
 7 SYSTEMPATH\CodeIgniter.php(351): CodeIgniter\CodeIgniter->handleRequest(null, Object(Config\Cache), false)
 8 FCPATH\index.php(55): CodeIgniter\CodeIgniter->run()
 9 SYSTEMPATH\Commands\Server\rewrite.php(43): require_once('FCPATH\\index.php')
CRITICAL - 2022-06-17 22:54:54 --> Invalid file: public/assets/template.php
in SYSTEMPATH\Exceptions\FrameworkException.php on line 33.
 1 SYSTEMPATH\View\View.php(201): CodeIgniter\Exceptions\FrameworkException::forInvalidFile('public/assets/template.php')
 2 SYSTEMPATH\View\View.php(229): CodeIgniter\View\View->render('public/assets/template', [], true)
 3 SYSTEMPATH\Common.php(1135): CodeIgniter\View\View->render('body', [], true)
 4 APPPATH\Controllers\Home.php(9): view('body')
 5 SYSTEMPATH\CodeIgniter.php(898): App\Controllers\Home->index()
 6 SYSTEMPATH\CodeIgniter.php(468): CodeIgniter\CodeIgniter->runController(Object(App\Controllers\Home))
 7 SYSTEMPATH\CodeIgniter.php(351): CodeIgniter\CodeIgniter->handleRequest(null, Object(Config\Cache), false)
 8 FCPATH\index.php(55): CodeIgniter\CodeIgniter->run()
 9 SYSTEMPATH\Commands\Server\rewrite.php(43): require_once('FCPATH\\index.php')
CRITICAL - 2022-06-17 22:55:55 --> Invalid file: public/assets/template.php
in SYSTEMPATH\Exceptions\FrameworkException.php on line 33.
 1 SYSTEMPATH\View\View.php(201): CodeIgniter\Exceptions\FrameworkException::forInvalidFile('public/assets/template.php')
 2 SYSTEMPATH\View\View.php(229): CodeIgniter\View\View->render('public/assets/template', [], true)
 3 SYSTEMPATH\Common.php(1135): CodeIgniter\View\View->render('body', [], true)
 4 APPPATH\Controllers\Home.php(9): view('body')
 5 SYSTEMPATH\CodeIgniter.php(898): App\Controllers\Home->index()
 6 SYSTEMPATH\CodeIgniter.php(468): CodeIgniter\CodeIgniter->runController(Object(App\Controllers\Home))
 7 SYSTEMPATH\CodeIgniter.php(351): CodeIgniter\CodeIgniter->handleRequest(null, Object(Config\Cache), false)
 8 FCPATH\index.php(55): CodeIgniter\CodeIgniter->run()
 9 SYSTEMPATH\Commands\Server\rewrite.php(43): require_once('FCPATH\\index.php')
CRITICAL - 2022-06-17 22:56:26 --> Invalid file: public/assets/template.php
in SYSTEMPATH\Exceptions\FrameworkException.php on line 33.
 1 SYSTEMPATH\View\View.php(201): CodeIgniter\Exceptions\FrameworkException::forInvalidFile('public/assets/template.php')
 2 SYSTEMPATH\View\View.php(229): CodeIgniter\View\View->render('public/assets/template', [], true)
 3 SYSTEMPATH\Common.php(1135): CodeIgniter\View\View->render('body', [], true)
 4 APPPATH\Controllers\Home.php(9): view('body')
 5 SYSTEMPATH\CodeIgniter.php(898): App\Controllers\Home->index()
 6 SYSTEMPATH\CodeIgniter.php(468): CodeIgniter\CodeIgniter->runController(Object(App\Controllers\Home))
 7 SYSTEMPATH\CodeIgniter.php(351): CodeIgniter\CodeIgniter->handleRequest(null, Object(Config\Cache), false)
 8 FCPATH\index.php(55): CodeIgniter\CodeIgniter->run()
 9 SYSTEMPATH\Commands\Server\rewrite.php(43): require_once('FCPATH\\index.php')
CRITICAL - 2022-06-17 22:56:28 --> Invalid file: public/assets/template.php
in SYSTEMPATH\Exceptions\FrameworkException.php on line 33.
 1 SYSTEMPATH\View\View.php(201): CodeIgniter\Exceptions\FrameworkException::forInvalidFile('public/assets/template.php')
 2 SYSTEMPATH\View\View.php(229): CodeIgniter\View\View->render('public/assets/template', [], true)
 3 SYSTEMPATH\Common.php(1135): CodeIgniter\View\View->render('body', [], true)
 4 APPPATH\Controllers\Home.php(9): view('body')
 5 SYSTEMPATH\CodeIgniter.php(898): App\Controllers\Home->index()
 6 SYSTEMPATH\CodeIgniter.php(468): CodeIgniter\CodeIgniter->runController(Object(App\Controllers\Home))
 7 SYSTEMPATH\CodeIgniter.php(351): CodeIgniter\CodeIgniter->handleRequest(null, Object(Config\Cache), false)
 8 FCPATH\index.php(55): CodeIgniter\CodeIgniter->run()
 9 SYSTEMPATH\Commands\Server\rewrite.php(43): require_once('FCPATH\\index.php')
CRITICAL - 2022-06-17 22:56:37 --> Invalid file: assets/template.php
in SYSTEMPATH\Exceptions\FrameworkException.php on line 33.
 1 SYSTEMPATH\View\View.php(201): CodeIgniter\Exceptions\FrameworkException::forInvalidFile('FCPATH\\assets\\template.php')
 2 SYSTEMPATH\View\View.php(229): CodeIgniter\View\View->render('assets/template', [], true)
 3 SYSTEMPATH\Common.php(1135): CodeIgniter\View\View->render('body', [], true)
 4 APPPATH\Controllers\Home.php(9): view('body')
 5 SYSTEMPATH\CodeIgniter.php(898): App\Controllers\Home->index()
 6 SYSTEMPATH\CodeIgniter.php(468): CodeIgniter\CodeIgniter->runController(Object(App\Controllers\Home))
 7 SYSTEMPATH\CodeIgniter.php(351): CodeIgniter\CodeIgniter->handleRequest(null, Object(Config\Cache), false)
 8 FCPATH\index.php(55): CodeIgniter\CodeIgniter->run()
 9 SYSTEMPATH\Commands\Server\rewrite.php(43): require_once('FCPATH\\index.php')
CRITICAL - 2022-06-17 22:56:39 --> Invalid file: assets/template.php
in SYSTEMPATH\Exceptions\FrameworkException.php on line 33.
 1 SYSTEMPATH\View\View.php(201): CodeIgniter\Exceptions\FrameworkException::forInvalidFile('FCPATH\\assets\\template.php')
 2 SYSTEMPATH\View\View.php(229): CodeIgniter\View\View->render('assets/template', [], true)
 3 SYSTEMPATH\Common.php(1135): CodeIgniter\View\View->render('body', [], true)
 4 APPPATH\Controllers\Home.php(9): view('body')
 5 SYSTEMPATH\CodeIgniter.php(898): App\Controllers\Home->index()
 6 SYSTEMPATH\CodeIgniter.php(468): CodeIgniter\CodeIgniter->runController(Object(App\Controllers\Home))
 7 SYSTEMPATH\CodeIgniter.php(351): CodeIgniter\CodeIgniter->handleRequest(null, Object(Config\Cache), false)
 8 FCPATH\index.php(55): CodeIgniter\CodeIgniter->run()
 9 SYSTEMPATH\Commands\Server\rewrite.php(43): require_once('FCPATH\\index.php')
CRITICAL - 2022-06-17 22:56:54 --> Invalid file: assets/template.php
in SYSTEMPATH\Exceptions\FrameworkException.php on line 33.
 1 SYSTEMPATH\View\View.php(201): CodeIgniter\Exceptions\FrameworkException::forInvalidFile('FCPATH\\assets\\template.php')
 2 SYSTEMPATH\View\View.php(229): CodeIgniter\View\View->render('FCPATH\\assets\\template.php', [], true)
 3 SYSTEMPATH\Common.php(1135): CodeIgniter\View\View->render('body', [], true)
 4 APPPATH\Controllers\Home.php(9): view('body')
 5 SYSTEMPATH\CodeIgniter.php(898): App\Controllers\Home->index()
 6 SYSTEMPATH\CodeIgniter.php(468): CodeIgniter\CodeIgniter->runController(Object(App\Controllers\Home))
 7 SYSTEMPATH\CodeIgniter.php(351): CodeIgniter\CodeIgniter->handleRequest(null, Object(Config\Cache), false)
 8 FCPATH\index.php(55): CodeIgniter\CodeIgniter->run()
 9 SYSTEMPATH\Commands\Server\rewrite.php(43): require_once('FCPATH\\index.php')
CRITICAL - 2022-06-17 22:57:38 --> Invalid file: assets/layout/template.php
in SYSTEMPATH\Exceptions\FrameworkException.php on line 33.
 1 SYSTEMPATH\View\View.php(201): CodeIgniter\Exceptions\FrameworkException::forInvalidFile('FCPATH\\assets\\layout\\template.php')
 2 SYSTEMPATH\View\View.php(229): CodeIgniter\View\View->render('assets/layout/template', [], true)
 3 SYSTEMPATH\Common.php(1135): CodeIgniter\View\View->render('body', [], true)
 4 APPPATH\Controllers\Home.php(9): view('body')
 5 SYSTEMPATH\CodeIgniter.php(898): App\Controllers\Home->index()
 6 SYSTEMPATH\CodeIgniter.php(468): CodeIgniter\CodeIgniter->runController(Object(App\Controllers\Home))
 7 SYSTEMPATH\CodeIgniter.php(351): CodeIgniter\CodeIgniter->handleRequest(null, Object(Config\Cache), false)
 8 FCPATH\index.php(55): CodeIgniter\CodeIgniter->run()
 9 SYSTEMPATH\Commands\Server\rewrite.php(43): require_once('FCPATH\\index.php')
CRITICAL - 2022-06-17 22:58:59 --> Invalid file: assets/layout/template.php
in SYSTEMPATH\Exceptions\FrameworkException.php on line 33.
 1 SYSTEMPATH\View\View.php(201): CodeIgniter\Exceptions\FrameworkException::forInvalidFile('assets/layout/template.php')
 2 SYSTEMPATH\View\View.php(229): CodeIgniter\View\View->render('assets/layout/template', [], true)
 3 SYSTEMPATH\Common.php(1135): CodeIgniter\View\View->render('body', [], true)
 4 APPPATH\Controllers\Home.php(9): view('body')
 5 SYSTEMPATH\CodeIgniter.php(898): App\Controllers\Home->index()
 6 SYSTEMPATH\CodeIgniter.php(468): CodeIgniter\CodeIgniter->runController(Object(App\Controllers\Home))
 7 SYSTEMPATH\CodeIgniter.php(351): CodeIgniter\CodeIgniter->handleRequest(null, Object(Config\Cache), false)
 8 FCPATH\index.php(55): CodeIgniter\CodeIgniter->run()
 9 SYSTEMPATH\Commands\Server\rewrite.php(43): require_once('FCPATH\\index.php')
CRITICAL - 2022-06-17 22:59:23 --> Invalid file: assets/template.php
in SYSTEMPATH\Exceptions\FrameworkException.php on line 33.
 1 SYSTEMPATH\View\View.php(201): CodeIgniter\Exceptions\FrameworkException::forInvalidFile('FCPATH\\assets\\template.php')
 2 SYSTEMPATH\View\View.php(229): CodeIgniter\View\View->render('assets/template', [], true)
 3 SYSTEMPATH\Common.php(1135): CodeIgniter\View\View->render('body', [], true)
 4 APPPATH\Controllers\Home.php(9): view('body')
 5 SYSTEMPATH\CodeIgniter.php(898): App\Controllers\Home->index()
 6 SYSTEMPATH\CodeIgniter.php(468): CodeIgniter\CodeIgniter->runController(Object(App\Controllers\Home))
 7 SYSTEMPATH\CodeIgniter.php(351): CodeIgniter\CodeIgniter->handleRequest(null, Object(Config\Cache), false)
 8 FCPATH\index.php(55): CodeIgniter\CodeIgniter->run()
 9 SYSTEMPATH\Commands\Server\rewrite.php(43): require_once('FCPATH\\index.php')
CRITICAL - 2022-06-17 22:59:25 --> Invalid file: assets/template.php
in SYSTEMPATH\Exceptions\FrameworkException.php on line 33.
 1 SYSTEMPATH\View\View.php(201): CodeIgniter\Exceptions\FrameworkException::forInvalidFile('FCPATH\\assets\\template.php')
 2 SYSTEMPATH\View\View.php(229): CodeIgniter\View\View->render('assets/template', [], true)
 3 SYSTEMPATH\Common.php(1135): CodeIgniter\View\View->render('body', [], true)
 4 APPPATH\Controllers\Home.php(9): view('body')
 5 SYSTEMPATH\CodeIgniter.php(898): App\Controllers\Home->index()
 6 SYSTEMPATH\CodeIgniter.php(468): CodeIgniter\CodeIgniter->runController(Object(App\Controllers\Home))
 7 SYSTEMPATH\CodeIgniter.php(351): CodeIgniter\CodeIgniter->handleRequest(null, Object(Config\Cache), false)
 8 FCPATH\index.php(55): CodeIgniter\CodeIgniter->run()
 9 SYSTEMPATH\Commands\Server\rewrite.php(43): require_once('FCPATH\\index.php')
CRITICAL - 2022-06-17 23:43:00 --> Invalid file: App\View\login.php
in SYSTEMPATH\Exceptions\FrameworkException.php on line 33.
 1 SYSTEMPATH\View\View.php(201): CodeIgniter\Exceptions\FrameworkException::forInvalidFile('App\\View\\login.php')
 2 SYSTEMPATH\Common.php(1135): CodeIgniter\View\View->render('App\\View\\login', [], true)
 3 VENDORPATH\myth\auth\src\Controllers\AuthController.php(429): view('App\\View\\login', [...])
 4 VENDORPATH\myth\auth\src\Controllers\AuthController.php(57): Myth\Auth\Controllers\AuthController->_render('App\\View\\login', [...])
 5 SYSTEMPATH\CodeIgniter.php(898): Myth\Auth\Controllers\AuthController->login()
 6 SYSTEMPATH\CodeIgniter.php(468): CodeIgniter\CodeIgniter->runController(Object(Myth\Auth\Controllers\AuthController))
 7 SYSTEMPATH\CodeIgniter.php(351): CodeIgniter\CodeIgniter->handleRequest(null, Object(Config\Cache), false)
 8 FCPATH\index.php(55): CodeIgniter\CodeIgniter->run()
 9 SYSTEMPATH\Commands\Server\rewrite.php(43): require_once('FCPATH\\index.php')
CRITICAL - 2022-06-17 23:45:49 --> syntax error, unexpected double-quoted string ">", expecting "," or ";"
in APPPATH\Views\login.php on line 17.
 1 SYSTEMPATH\View\View.php(216): CodeIgniter\View\View->CodeIgniter\View\{closure}()
 2 SYSTEMPATH\Common.php(1135): CodeIgniter\View\View->render('App\\Views\\login', [], true)
 3 VENDORPATH\myth\auth\src\Controllers\AuthController.php(429): view('App\\Views\\login', [...])
 4 VENDORPATH\myth\auth\src\Controllers\AuthController.php(57): Myth\Auth\Controllers\AuthController->_render('App\\Views\\login', [...])
 5 SYSTEMPATH\CodeIgniter.php(898): Myth\Auth\Controllers\AuthController->login()
 6 SYSTEMPATH\CodeIgniter.php(468): CodeIgniter\CodeIgniter->runController(Object(Myth\Auth\Controllers\AuthController))
 7 SYSTEMPATH\CodeIgniter.php(351): CodeIgniter\CodeIgniter->handleRequest(null, Object(Config\Cache), false)
 8 FCPATH\index.php(55): CodeIgniter\CodeIgniter->run()
 9 SYSTEMPATH\Commands\Server\rewrite.php(43): require_once('FCPATH\\index.php')
CRITICAL - 2022-06-17 23:55:33 --> syntax error, unexpected end of file
in APPPATH\Views\login.php on line 58.
 1 SYSTEMPATH\View\View.php(216): CodeIgniter\View\View->CodeIgniter\View\{closure}()
 2 SYSTEMPATH\Common.php(1135): CodeIgniter\View\View->render('App\\Views\\login', [], true)
 3 VENDORPATH\myth\auth\src\Controllers\AuthController.php(429): view('App\\Views\\login', [...])
 4 VENDORPATH\myth\auth\src\Controllers\AuthController.php(57): Myth\Auth\Controllers\AuthController->_render('App\\Views\\login', [...])
 5 SYSTEMPATH\CodeIgniter.php(898): Myth\Auth\Controllers\AuthController->login()
 6 SYSTEMPATH\CodeIgniter.php(468): CodeIgniter\CodeIgniter->runController(Object(Myth\Auth\Controllers\AuthController))
 7 SYSTEMPATH\CodeIgniter.php(351): CodeIgniter\CodeIgniter->handleRequest(null, Object(Config\Cache), false)
 8 FCPATH\index.php(55): CodeIgniter\CodeIgniter->run()
 9 SYSTEMPATH\Commands\Server\rewrite.php(43): require_once('FCPATH\\index.php')
CRITICAL - 2022-06-17 23:56:19 --> syntax error, unexpected end of file
in APPPATH\Views\login.php on line 58.
 1 SYSTEMPATH\View\View.php(216): CodeIgniter\View\View->CodeIgniter\View\{closure}()
 2 SYSTEMPATH\Common.php(1135): CodeIgniter\View\View->render('App\\Views\\login', [], true)
 3 VENDORPATH\myth\auth\src\Controllers\AuthController.php(429): view('App\\Views\\login', [...])
 4 VENDORPATH\myth\auth\src\Controllers\AuthController.php(57): Myth\Auth\Controllers\AuthController->_render('App\\Views\\login', [...])
 5 SYSTEMPATH\CodeIgniter.php(898): Myth\Auth\Controllers\AuthController->login()
 6 SYSTEMPATH\CodeIgniter.php(468): CodeIgniter\CodeIgniter->runController(Object(Myth\Auth\Controllers\AuthController))
 7 SYSTEMPATH\CodeIgniter.php(351): CodeIgniter\CodeIgniter->handleRequest(null, Object(Config\Cache), false)
 8 FCPATH\index.php(55): CodeIgniter\CodeIgniter->run()
 9 SYSTEMPATH\Commands\Server\rewrite.php(43): require_once('FCPATH\\index.php')
CRITICAL - 2022-06-17 23:56:26 --> syntax error, unexpected end of file
in APPPATH\Views\login.php on line 55.
 1 SYSTEMPATH\View\View.php(216): CodeIgniter\View\View->CodeIgniter\View\{closure}()
 2 SYSTEMPATH\Common.php(1135): CodeIgniter\View\View->render('App\\Views\\login', [], true)
 3 VENDORPATH\myth\auth\src\Controllers\AuthController.php(429): view('App\\Views\\login', [...])
 4 VENDORPATH\myth\auth\src\Controllers\AuthController.php(57): Myth\Auth\Controllers\AuthController->_render('App\\Views\\login', [...])
 5 SYSTEMPATH\CodeIgniter.php(898): Myth\Auth\Controllers\AuthController->login()
 6 SYSTEMPATH\CodeIgniter.php(468): CodeIgniter\CodeIgniter->runController(Object(Myth\Auth\Controllers\AuthController))
 7 SYSTEMPATH\CodeIgniter.php(351): CodeIgniter\CodeIgniter->handleRequest(null, Object(Config\Cache), false)
 8 FCPATH\index.php(55): CodeIgniter\CodeIgniter->run()
 9 SYSTEMPATH\Commands\Server\rewrite.php(43): require_once('FCPATH\\index.php')
CRITICAL - 2022-06-17 23:56:41 --> syntax error, unexpected end of file
in APPPATH\Views\login.php on line 55.
 1 SYSTEMPATH\View\View.php(216): CodeIgniter\View\View->CodeIgniter\View\{closure}()
 2 SYSTEMPATH\Common.php(1135): CodeIgniter\View\View->render('App\\Views\\login', [], true)
 3 VENDORPATH\myth\auth\src\Controllers\AuthController.php(429): view('App\\Views\\login', [...])
 4 VENDORPATH\myth\auth\src\Controllers\AuthController.php(57): Myth\Auth\Controllers\AuthController->_render('App\\Views\\login', [...])
 5 SYSTEMPATH\CodeIgniter.php(898): Myth\Auth\Controllers\AuthController->login()
 6 SYSTEMPATH\CodeIgniter.php(468): CodeIgniter\CodeIgniter->runController(Object(Myth\Auth\Controllers\AuthController))
 7 SYSTEMPATH\CodeIgniter.php(351): CodeIgniter\CodeIgniter->handleRequest(null, Object(Config\Cache), false)
 8 FCPATH\index.php(55): CodeIgniter\CodeIgniter->run()
 9 SYSTEMPATH\Commands\Server\rewrite.php(43): require_once('FCPATH\\index.php')
CRITICAL - 2022-06-17 23:56:49 --> syntax error, unexpected end of file, expecting "elseif" or "else" or "endif"
in APPPATH\Views\login.php on line 54.
 1 SYSTEMPATH\View\View.php(216): CodeIgniter\View\View->CodeIgniter\View\{closure}()
 2 SYSTEMPATH\Common.php(1135): CodeIgniter\View\View->render('App\\Views\\login', [], true)
 3 VENDORPATH\myth\auth\src\Controllers\AuthController.php(429): view('App\\Views\\login', [...])
 4 VENDORPATH\myth\auth\src\Controllers\AuthController.php(57): Myth\Auth\Controllers\AuthController->_render('App\\Views\\login', [...])
 5 SYSTEMPATH\CodeIgniter.php(898): Myth\Auth\Controllers\AuthController->login()
 6 SYSTEMPATH\CodeIgniter.php(468): CodeIgniter\CodeIgniter->runController(Object(Myth\Auth\Controllers\AuthController))
 7 SYSTEMPATH\CodeIgniter.php(351): CodeIgniter\CodeIgniter->handleRequest(null, Object(Config\Cache), false)
 8 FCPATH\index.php(55): CodeIgniter\CodeIgniter->run()
 9 SYSTEMPATH\Commands\Server\rewrite.php(43): require_once('FCPATH\\index.php')
