CRITICAL - 2022-06-26 00:00:43 --> Trying to access array offset on value of type null
in APPPATH\Views\moviesingle.php on line 17.
 1 APPPATH\Views\moviesingle.php(17): CodeIgniter\Debug\Exceptions->errorHandler(2, 'Trying to access array offset on value of type null', 'APPPATH\\Views\\moviesingle.php', 17)
 2 SYSTEMPATH\View\View.php(213): include('APPPATH\\Views\\moviesingle.php')
 3 SYSTEMPATH\View\View.php(216): CodeIgniter\View\View->CodeIgniter\View\{closure}()
 4 SYSTEMPATH\Common.php(1135): CodeIgniter\View\View->render('moviesingle', [], true)
 5 APPPATH\Controllers\Detail.php(20): view('moviesingle', [...])
 6 SYSTEMPATH\CodeIgniter.php(898): App\Controllers\Detail->index('FCPATH\\assets', 'images', 'thedoll.jpg')
 7 SYSTEMPATH\CodeIgniter.php(468): CodeIgniter\CodeIgniter->runController(Object(App\Controllers\Detail))
 8 SYSTEMPATH\CodeIgniter.php(351): CodeIgniter\CodeIgniter->handleRequest(null, Object(Config\Cache), false)
 9 FCPATH\index.php(55): CodeIgniter\CodeIgniter->run()
10 SYSTEMPATH\Commands\Server\rewrite.php(43): require_once('FCPATH\\index.php')
CRITICAL - 2022-06-26 00:00:43 --> Trying to access array offset on value of type null
in APPPATH\Views\moviesingle.php on line 17.
 1 APPPATH\Views\moviesingle.php(17): CodeIgniter\Debug\Exceptions->errorHandler(2, 'Trying to access array offset on value of type null', 'APPPATH\\Views\\moviesingle.php', 17)
 2 SYSTEMPATH\View\View.php(213): include('APPPATH\\Views\\moviesingle.php')
 3 SYSTEMPATH\View\View.php(216): CodeIgniter\View\View->CodeIgniter\View\{closure}()
 4 SYSTEMPATH\Common.php(1135): CodeIgniter\View\View->render('moviesingle', [], true)
 5 APPPATH\Controllers\Detail.php(20): view('moviesingle', [...])
 6 SYSTEMPATH\CodeIgniter.php(898): App\Controllers\Detail->index('FCPATH\\assets', 'images', 'logo1.png')
 7 SYSTEMPATH\CodeIgniter.php(468): CodeIgniter\CodeIgniter->runController(Object(App\Controllers\Detail))
 8 SYSTEMPATH\CodeIgniter.php(351): CodeIgniter\CodeIgniter->handleRequest(null, Object(Config\Cache), false)
 9 FCPATH\index.php(55): CodeIgniter\CodeIgniter->run()
10 SYSTEMPATH\Commands\Server\rewrite.php(43): require_once('FCPATH\\index.php')
CRITICAL - 2022-06-26 00:01:27 --> Trying to access array offset on value of type null
in APPPATH\Views\moviesingle.php on line 17.
 1 APPPATH\Views\moviesingle.php(17): CodeIgniter\Debug\Exceptions->errorHandler(2, 'Trying to access array offset on value of type null', 'APPPATH\\Views\\moviesingle.php', 17)
 2 SYSTEMPATH\View\View.php(213): include('APPPATH\\Views\\moviesingle.php')
 3 SYSTEMPATH\View\View.php(216): CodeIgniter\View\View->CodeIgniter\View\{closure}()
 4 SYSTEMPATH\Common.php(1135): CodeIgniter\View\View->render('moviesingle', [], true)
 5 APPPATH\Controllers\Detail.php(20): view('moviesingle', [...])
 6 SYSTEMPATH\CodeIgniter.php(898): App\Controllers\Detail->index('FCPATH\\assets', 'images', 'thedoll.jpg')
 7 SYSTEMPATH\CodeIgniter.php(468): CodeIgniter\CodeIgniter->runController(Object(App\Controllers\Detail))
 8 SYSTEMPATH\CodeIgniter.php(351): CodeIgniter\CodeIgniter->handleRequest(null, Object(Config\Cache), false)
 9 FCPATH\index.php(55): CodeIgniter\CodeIgniter->run()
10 SYSTEMPATH\Commands\Server\rewrite.php(43): require_once('FCPATH\\index.php')
CRITICAL - 2022-06-26 00:01:27 --> Trying to access array offset on value of type null
in APPPATH\Views\moviesingle.php on line 17.
 1 APPPATH\Views\moviesingle.php(17): CodeIgniter\Debug\Exceptions->errorHandler(2, 'Trying to access array offset on value of type null', 'APPPATH\\Views\\moviesingle.php', 17)
 2 SYSTEMPATH\View\View.php(213): include('APPPATH\\Views\\moviesingle.php')
 3 SYSTEMPATH\View\View.php(216): CodeIgniter\View\View->CodeIgniter\View\{closure}()
 4 SYSTEMPATH\Common.php(1135): CodeIgniter\View\View->render('moviesingle', [], true)
 5 APPPATH\Controllers\Detail.php(20): view('moviesingle', [...])
 6 SYSTEMPATH\CodeIgniter.php(898): App\Controllers\Detail->index('FCPATH\\assets', 'images', 'logo1.png')
 7 SYSTEMPATH\CodeIgniter.php(468): CodeIgniter\CodeIgniter->runController(Object(App\Controllers\Detail))
 8 SYSTEMPATH\CodeIgniter.php(351): CodeIgniter\CodeIgniter->handleRequest(null, Object(Config\Cache), false)
 9 FCPATH\index.php(55): CodeIgniter\CodeIgniter->run()
10 SYSTEMPATH\Commands\Server\rewrite.php(43): require_once('FCPATH\\index.php')
CRITICAL - 2022-06-26 00:02:45 --> Trying to access array offset on value of type null
in APPPATH\Views\moviesingle.php on line 17.
 1 APPPATH\Views\moviesingle.php(17): CodeIgniter\Debug\Exceptions->errorHandler(2, 'Trying to access array offset on value of type null', 'APPPATH\\Views\\moviesingle.php', 17)
 2 SYSTEMPATH\View\View.php(213): include('APPPATH\\Views\\moviesingle.php')
 3 SYSTEMPATH\View\View.php(216): CodeIgniter\View\View->CodeIgniter\View\{closure}()
 4 SYSTEMPATH\Common.php(1135): CodeIgniter\View\View->render('moviesingle', [], true)
 5 APPPATH\Controllers\Detail.php(20): view('moviesingle', [...])
 6 SYSTEMPATH\CodeIgniter.php(898): App\Controllers\Detail->index('FCPATH\\assets', 'images', 'gatotkaca.jpg')
 7 SYSTEMPATH\CodeIgniter.php(468): CodeIgniter\CodeIgniter->runController(Object(App\Controllers\Detail))
 8 SYSTEMPATH\CodeIgniter.php(351): CodeIgniter\CodeIgniter->handleRequest(null, Object(Config\Cache), false)
 9 FCPATH\index.php(55): CodeIgniter\CodeIgniter->run()
10 SYSTEMPATH\Commands\Server\rewrite.php(43): require_once('FCPATH\\index.php')
CRITICAL - 2022-06-26 00:02:45 --> Trying to access array offset on value of type null
in APPPATH\Views\moviesingle.php on line 17.
 1 APPPATH\Views\moviesingle.php(17): CodeIgniter\Debug\Exceptions->errorHandler(2, 'Trying to access array offset on value of type null', 'APPPATH\\Views\\moviesingle.php', 17)
 2 SYSTEMPATH\View\View.php(213): include('APPPATH\\Views\\moviesingle.php')
 3 SYSTEMPATH\View\View.php(216): CodeIgniter\View\View->CodeIgniter\View\{closure}()
 4 SYSTEMPATH\Common.php(1135): CodeIgniter\View\View->render('moviesingle', [], true)
 5 APPPATH\Controllers\Detail.php(20): view('moviesingle', [...])
 6 SYSTEMPATH\CodeIgniter.php(898): App\Controllers\Detail->index('FCPATH\\assets', 'images', 'logo1.png')
 7 SYSTEMPATH\CodeIgniter.php(468): CodeIgniter\CodeIgniter->runController(Object(App\Controllers\Detail))
 8 SYSTEMPATH\CodeIgniter.php(351): CodeIgniter\CodeIgniter->handleRequest(null, Object(Config\Cache), false)
 9 FCPATH\index.php(55): CodeIgniter\CodeIgniter->run()
10 SYSTEMPATH\Commands\Server\rewrite.php(43): require_once('FCPATH\\index.php')
CRITICAL - 2022-06-26 00:05:43 --> Trying to access array offset on value of type null
in APPPATH\Views\moviesingle.php on line 17.
 1 APPPATH\Views\moviesingle.php(17): CodeIgniter\Debug\Exceptions->errorHandler(2, 'Trying to access array offset on value of type null', 'APPPATH\\Views\\moviesingle.php', 17)
 2 SYSTEMPATH\View\View.php(213): include('APPPATH\\Views\\moviesingle.php')
 3 SYSTEMPATH\View\View.php(216): CodeIgniter\View\View->CodeIgniter\View\{closure}()
 4 SYSTEMPATH\Common.php(1135): CodeIgniter\View\View->render('moviesingle', [], true)
 5 APPPATH\Controllers\Detail.php(20): view('moviesingle', [...])
 6 SYSTEMPATH\CodeIgniter.php(898): App\Controllers\Detail->index('FCPATH\\assets', 'images', 'logo1.png')
 7 SYSTEMPATH\CodeIgniter.php(468): CodeIgniter\CodeIgniter->runController(Object(App\Controllers\Detail))
 8 SYSTEMPATH\CodeIgniter.php(351): CodeIgniter\CodeIgniter->handleRequest(null, Object(Config\Cache), false)
 9 FCPATH\index.php(55): CodeIgniter\CodeIgniter->run()
10 SYSTEMPATH\Commands\Server\rewrite.php(43): require_once('FCPATH\\index.php')
CRITICAL - 2022-06-26 00:07:07 --> Undefined array key "over"
in APPPATH\Views\moviesingle.php on line 17.
 1 APPPATH\Views\moviesingle.php(17): CodeIgniter\Debug\Exceptions->errorHandler(2, 'Undefined array key "over"', 'APPPATH\\Views\\moviesingle.php', 17)
 2 SYSTEMPATH\View\View.php(213): include('APPPATH\\Views\\moviesingle.php')
 3 SYSTEMPATH\View\View.php(216): CodeIgniter\View\View->CodeIgniter\View\{closure}()
 4 SYSTEMPATH\Common.php(1135): CodeIgniter\View\View->render('moviesingle', [], true)
 5 APPPATH\Controllers\Detail.php(20): view('moviesingle', [...])
 6 SYSTEMPATH\CodeIgniter.php(898): App\Controllers\Detail->index('37')
 7 SYSTEMPATH\CodeIgniter.php(468): CodeIgniter\CodeIgniter->runController(Object(App\Controllers\Detail))
 8 SYSTEMPATH\CodeIgniter.php(351): CodeIgniter\CodeIgniter->handleRequest(null, Object(Config\Cache), false)
 9 FCPATH\index.php(55): CodeIgniter\CodeIgniter->run()
10 SYSTEMPATH\Commands\Server\rewrite.php(43): require_once('FCPATH\\index.php')
CRITICAL - 2022-06-26 00:07:23 --> Trying to access array offset on value of type null
in APPPATH\Views\moviesingle.php on line 17.
 1 APPPATH\Views\moviesingle.php(17): CodeIgniter\Debug\Exceptions->errorHandler(2, 'Trying to access array offset on value of type null', 'APPPATH\\Views\\moviesingle.php', 17)
 2 SYSTEMPATH\View\View.php(213): include('APPPATH\\Views\\moviesingle.php')
 3 SYSTEMPATH\View\View.php(216): CodeIgniter\View\View->CodeIgniter\View\{closure}()
 4 SYSTEMPATH\Common.php(1135): CodeIgniter\View\View->render('moviesingle', [], true)
 5 APPPATH\Controllers\Detail.php(20): view('moviesingle', [...])
 6 SYSTEMPATH\CodeIgniter.php(898): App\Controllers\Detail->index('FCPATH\\assets', 'images', 'logo1.png')
 7 SYSTEMPATH\CodeIgniter.php(468): CodeIgniter\CodeIgniter->runController(Object(App\Controllers\Detail))
 8 SYSTEMPATH\CodeIgniter.php(351): CodeIgniter\CodeIgniter->handleRequest(null, Object(Config\Cache), false)
 9 FCPATH\index.php(55): CodeIgniter\CodeIgniter->run()
10 SYSTEMPATH\Commands\Server\rewrite.php(43): require_once('FCPATH\\index.php')
CRITICAL - 2022-06-26 00:08:14 --> Undefined variable $film
in APPPATH\Views\moviesingle.php on line 17.
 1 APPPATH\Views\moviesingle.php(17): CodeIgniter\Debug\Exceptions->errorHandler(2, 'Undefined variable $film', 'APPPATH\\Views\\moviesingle.php', 17)
 2 SYSTEMPATH\View\View.php(213): include('APPPATH\\Views\\moviesingle.php')
 3 SYSTEMPATH\View\View.php(216): CodeIgniter\View\View->CodeIgniter\View\{closure}()
 4 SYSTEMPATH\Common.php(1135): CodeIgniter\View\View->render('moviesingle', [], true)
 5 APPPATH\Controllers\Detail.php(20): view('moviesingle')
 6 SYSTEMPATH\CodeIgniter.php(898): App\Controllers\Detail->index('37')
 7 SYSTEMPATH\CodeIgniter.php(468): CodeIgniter\CodeIgniter->runController(Object(App\Controllers\Detail))
 8 SYSTEMPATH\CodeIgniter.php(351): CodeIgniter\CodeIgniter->handleRequest(null, Object(Config\Cache), false)
 9 FCPATH\index.php(55): CodeIgniter\CodeIgniter->run()
10 SYSTEMPATH\Commands\Server\rewrite.php(43): require_once('FCPATH\\index.php')
CRITICAL - 2022-06-26 00:09:30 --> Undefined array key "over"
in APPPATH\Views\moviesingle.php on line 17.
 1 APPPATH\Views\moviesingle.php(17): CodeIgniter\Debug\Exceptions->errorHandler(2, 'Undefined array key "over"', 'APPPATH\\Views\\moviesingle.php', 17)
 2 SYSTEMPATH\View\View.php(213): include('APPPATH\\Views\\moviesingle.php')
 3 SYSTEMPATH\View\View.php(216): CodeIgniter\View\View->CodeIgniter\View\{closure}()
 4 SYSTEMPATH\Common.php(1135): CodeIgniter\View\View->render('moviesingle', [], true)
 5 APPPATH\Controllers\Detail.php(20): view('moviesingle', [...])
 6 SYSTEMPATH\CodeIgniter.php(898): App\Controllers\Detail->index('37')
 7 SYSTEMPATH\CodeIgniter.php(468): CodeIgniter\CodeIgniter->runController(Object(App\Controllers\Detail))
 8 SYSTEMPATH\CodeIgniter.php(351): CodeIgniter\CodeIgniter->handleRequest(null, Object(Config\Cache), false)
 9 FCPATH\index.php(55): CodeIgniter\CodeIgniter->run()
10 SYSTEMPATH\Commands\Server\rewrite.php(43): require_once('FCPATH\\index.php')
CRITICAL - 2022-06-26 00:09:38 --> Trying to access array offset on value of type null
in APPPATH\Views\moviesingle.php on line 17.
 1 APPPATH\Views\moviesingle.php(17): CodeIgniter\Debug\Exceptions->errorHandler(2, 'Trying to access array offset on value of type null', 'APPPATH\\Views\\moviesingle.php', 17)
 2 SYSTEMPATH\View\View.php(213): include('APPPATH\\Views\\moviesingle.php')
 3 SYSTEMPATH\View\View.php(216): CodeIgniter\View\View->CodeIgniter\View\{closure}()
 4 SYSTEMPATH\Common.php(1135): CodeIgniter\View\View->render('moviesingle', [], true)
 5 APPPATH\Controllers\Detail.php(20): view('moviesingle', [...])
 6 SYSTEMPATH\CodeIgniter.php(898): App\Controllers\Detail->index('FCPATH\\assets', 'images', 'logo1.png')
 7 SYSTEMPATH\CodeIgniter.php(468): CodeIgniter\CodeIgniter->runController(Object(App\Controllers\Detail))
 8 SYSTEMPATH\CodeIgniter.php(351): CodeIgniter\CodeIgniter->handleRequest(null, Object(Config\Cache), false)
 9 FCPATH\index.php(55): CodeIgniter\CodeIgniter->run()
10 SYSTEMPATH\Commands\Server\rewrite.php(43): require_once('FCPATH\\index.php')
CRITICAL - 2022-06-26 00:23:08 --> Trying to access array offset on value of type null
in APPPATH\Views\moviesingle.php on line 17.
 1 APPPATH\Views\moviesingle.php(17): CodeIgniter\Debug\Exceptions->errorHandler(2, 'Trying to access array offset on value of type null', 'APPPATH\\Views\\moviesingle.php', 17)
 2 SYSTEMPATH\View\View.php(213): include('APPPATH\\Views\\moviesingle.php')
 3 SYSTEMPATH\View\View.php(216): CodeIgniter\View\View->CodeIgniter\View\{closure}()
 4 SYSTEMPATH\Common.php(1135): CodeIgniter\View\View->render('moviesingle', [], true)
 5 APPPATH\Controllers\Detail.php(20): view('moviesingle', [...])
 6 SYSTEMPATH\CodeIgniter.php(898): App\Controllers\Detail->index('FCPATH\\assets', 'images', 'logo1.png')
 7 SYSTEMPATH\CodeIgniter.php(468): CodeIgniter\CodeIgniter->runController(Object(App\Controllers\Detail))
 8 SYSTEMPATH\CodeIgniter.php(351): CodeIgniter\CodeIgniter->handleRequest(null, Object(Config\Cache), false)
 9 FCPATH\index.php(55): CodeIgniter\CodeIgniter->run()
10 SYSTEMPATH\Commands\Server\rewrite.php(43): require_once('FCPATH\\index.php')
CRITICAL - 2022-06-26 00:38:33 --> Trying to access array offset on value of type null
in APPPATH\Views\moviesingle.php on line 17.
 1 APPPATH\Views\moviesingle.php(17): CodeIgniter\Debug\Exceptions->errorHandler(2, 'Trying to access array offset on value of type null', 'APPPATH\\Views\\moviesingle.php', 17)
 2 SYSTEMPATH\View\View.php(213): include('APPPATH\\Views\\moviesingle.php')
 3 SYSTEMPATH\View\View.php(216): CodeIgniter\View\View->CodeIgniter\View\{closure}()
 4 SYSTEMPATH\Common.php(1135): CodeIgniter\View\View->render('moviesingle', [], true)
 5 APPPATH\Controllers\Detail.php(20): view('moviesingle', [...])
 6 SYSTEMPATH\CodeIgniter.php(898): App\Controllers\Detail->index('FCPATH\\assets', 'images', 'logo1.png')
 7 SYSTEMPATH\CodeIgniter.php(468): CodeIgniter\CodeIgniter->runController(Object(App\Controllers\Detail))
 8 SYSTEMPATH\CodeIgniter.php(351): CodeIgniter\CodeIgniter->handleRequest(null, Object(Config\Cache), false)
 9 FCPATH\index.php(55): CodeIgniter\CodeIgniter->run()
10 SYSTEMPATH\Commands\Server\rewrite.php(43): require_once('FCPATH\\index.php')
CRITICAL - 2022-06-26 01:47:06 --> Trying to access array offset on value of type null
in APPPATH\Views\moviesingle.php on line 17.
 1 APPPATH\Views\moviesingle.php(17): CodeIgniter\Debug\Exceptions->errorHandler(2, 'Trying to access array offset on value of type null', 'APPPATH\\Views\\moviesingle.php', 17)
 2 SYSTEMPATH\View\View.php(213): include('APPPATH\\Views\\moviesingle.php')
 3 SYSTEMPATH\View\View.php(216): CodeIgniter\View\View->CodeIgniter\View\{closure}()
 4 SYSTEMPATH\Common.php(1135): CodeIgniter\View\View->render('moviesingle', [], true)
 5 APPPATH\Controllers\Detail.php(20): view('moviesingle', [...])
 6 SYSTEMPATH\CodeIgniter.php(898): App\Controllers\Detail->index('FCPATH\\assets', 'images', 'logo1.png')
 7 SYSTEMPATH\CodeIgniter.php(468): CodeIgniter\CodeIgniter->runController(Object(App\Controllers\Detail))
 8 SYSTEMPATH\CodeIgniter.php(351): CodeIgniter\CodeIgniter->handleRequest(null, Object(Config\Cache), false)
 9 FCPATH\index.php(55): CodeIgniter\CodeIgniter->run()
10 SYSTEMPATH\Commands\Server\rewrite.php(43): require_once('FCPATH\\index.php')
CRITICAL - 2022-06-26 03:17:11 --> You do not have sufficient permissions to access that page.
in VENDORPATH\myth\auth\src\Filters\RoleFilter.php on line 64.
 1 SYSTEMPATH\Filters\Filters.php(173): Myth\Auth\Filters\RoleFilter->before(Object(CodeIgniter\HTTP\IncomingRequest), [...])
 2 SYSTEMPATH\CodeIgniter.php(442): CodeIgniter\Filters\Filters->run('tambahfilm', 'before')
 3 SYSTEMPATH\CodeIgniter.php(351): CodeIgniter\CodeIgniter->handleRequest(null, Object(Config\Cache), false)
 4 FCPATH\index.php(55): CodeIgniter\CodeIgniter->run()
 5 SYSTEMPATH\Commands\Server\rewrite.php(43): require_once('FCPATH\\index.php')
CRITICAL - 2022-06-26 03:45:48 --> Trying to access array offset on value of type null
in APPPATH\Views\moviesingle.php on line 17.
 1 APPPATH\Views\moviesingle.php(17): CodeIgniter\Debug\Exceptions->errorHandler(2, 'Trying to access array offset on value of type null', 'APPPATH\\Views\\moviesingle.php', 17)
 2 SYSTEMPATH\View\View.php(213): include('APPPATH\\Views\\moviesingle.php')
 3 SYSTEMPATH\View\View.php(216): CodeIgniter\View\View->CodeIgniter\View\{closure}()
 4 SYSTEMPATH\Common.php(1135): CodeIgniter\View\View->render('moviesingle', [], true)
 5 APPPATH\Controllers\Detail.php(20): view('moviesingle', [...])
 6 SYSTEMPATH\CodeIgniter.php(898): App\Controllers\Detail->index('FCPATH\\assets', 'images', 'logo1.png')
 7 SYSTEMPATH\CodeIgniter.php(468): CodeIgniter\CodeIgniter->runController(Object(App\Controllers\Detail))
 8 SYSTEMPATH\CodeIgniter.php(351): CodeIgniter\CodeIgniter->handleRequest(null, Object(Config\Cache), false)
 9 FCPATH\index.php(55): CodeIgniter\CodeIgniter->run()
10 SYSTEMPATH\Commands\Server\rewrite.php(43): require_once('FCPATH\\index.php')
CRITICAL - 2022-06-26 03:46:06 --> Trying to access array offset on value of type null
in APPPATH\Views\moviesingle.php on line 17.
 1 APPPATH\Views\moviesingle.php(17): CodeIgniter\Debug\Exceptions->errorHandler(2, 'Trying to access array offset on value of type null', 'APPPATH\\Views\\moviesingle.php', 17)
 2 SYSTEMPATH\View\View.php(213): include('APPPATH\\Views\\moviesingle.php')
 3 SYSTEMPATH\View\View.php(216): CodeIgniter\View\View->CodeIgniter\View\{closure}()
 4 SYSTEMPATH\Common.php(1135): CodeIgniter\View\View->render('moviesingle', [], true)
 5 APPPATH\Controllers\Detail.php(20): view('moviesingle', [...])
 6 SYSTEMPATH\CodeIgniter.php(898): App\Controllers\Detail->index('FCPATH\\assets', 'images', 'logo1.png')
 7 SYSTEMPATH\CodeIgniter.php(468): CodeIgniter\CodeIgniter->runController(Object(App\Controllers\Detail))
 8 SYSTEMPATH\CodeIgniter.php(351): CodeIgniter\CodeIgniter->handleRequest(null, Object(Config\Cache), false)
 9 FCPATH\index.php(55): CodeIgniter\CodeIgniter->run()
10 SYSTEMPATH\Commands\Server\rewrite.php(43): require_once('FCPATH\\index.php')
CRITICAL - 2022-06-26 03:47:15 --> Trying to access array offset on value of type null
in APPPATH\Views\moviesingle.php on line 17.
 1 APPPATH\Views\moviesingle.php(17): CodeIgniter\Debug\Exceptions->errorHandler(2, 'Trying to access array offset on value of type null', 'APPPATH\\Views\\moviesingle.php', 17)
 2 SYSTEMPATH\View\View.php(213): include('APPPATH\\Views\\moviesingle.php')
 3 SYSTEMPATH\View\View.php(216): CodeIgniter\View\View->CodeIgniter\View\{closure}()
 4 SYSTEMPATH\Common.php(1135): CodeIgniter\View\View->render('moviesingle', [], true)
 5 APPPATH\Controllers\Detail.php(20): view('moviesingle', [...])
 6 SYSTEMPATH\CodeIgniter.php(898): App\Controllers\Detail->index('FCPATH\\assets', 'images', 'logo1.png')
 7 SYSTEMPATH\CodeIgniter.php(468): CodeIgniter\CodeIgniter->runController(Object(App\Controllers\Detail))
 8 SYSTEMPATH\CodeIgniter.php(351): CodeIgniter\CodeIgniter->handleRequest(null, Object(Config\Cache), false)
 9 FCPATH\index.php(55): CodeIgniter\CodeIgniter->run()
10 SYSTEMPATH\Commands\Server\rewrite.php(43): require_once('FCPATH\\index.php')
CRITICAL - 2022-06-26 03:47:25 --> Trying to access array offset on value of type null
in APPPATH\Views\moviesingle.php on line 17.
 1 APPPATH\Views\moviesingle.php(17): CodeIgniter\Debug\Exceptions->errorHandler(2, 'Trying to access array offset on value of type null', 'APPPATH\\Views\\moviesingle.php', 17)
 2 SYSTEMPATH\View\View.php(213): include('APPPATH\\Views\\moviesingle.php')
 3 SYSTEMPATH\View\View.php(216): CodeIgniter\View\View->CodeIgniter\View\{closure}()
 4 SYSTEMPATH\Common.php(1135): CodeIgniter\View\View->render('moviesingle', [], true)
 5 APPPATH\Controllers\Detail.php(20): view('moviesingle', [...])
 6 SYSTEMPATH\CodeIgniter.php(898): App\Controllers\Detail->index('FCPATH\\assets', 'images', 'logo1.png')
 7 SYSTEMPATH\CodeIgniter.php(468): CodeIgniter\CodeIgniter->runController(Object(App\Controllers\Detail))
 8 SYSTEMPATH\CodeIgniter.php(351): CodeIgniter\CodeIgniter->handleRequest(null, Object(Config\Cache), false)
 9 FCPATH\index.php(55): CodeIgniter\CodeIgniter->run()
10 SYSTEMPATH\Commands\Server\rewrite.php(43): require_once('FCPATH\\index.php')
CRITICAL - 2022-06-26 03:50:00 --> Trying to access array offset on value of type null
in APPPATH\Views\moviesingle.php on line 17.
 1 APPPATH\Views\moviesingle.php(17): CodeIgniter\Debug\Exceptions->errorHandler(2, 'Trying to access array offset on value of type null', 'APPPATH\\Views\\moviesingle.php', 17)
 2 SYSTEMPATH\View\View.php(213): include('APPPATH\\Views\\moviesingle.php')
 3 SYSTEMPATH\View\View.php(216): CodeIgniter\View\View->CodeIgniter\View\{closure}()
 4 SYSTEMPATH\Common.php(1135): CodeIgniter\View\View->render('moviesingle', [], true)
 5 APPPATH\Controllers\Detail.php(20): view('moviesingle', [...])
 6 SYSTEMPATH\CodeIgniter.php(898): App\Controllers\Detail->index('FCPATH\\assets', 'images', 'logo1.png')
 7 SYSTEMPATH\CodeIgniter.php(468): CodeIgniter\CodeIgniter->runController(Object(App\Controllers\Detail))
 8 SYSTEMPATH\CodeIgniter.php(351): CodeIgniter\CodeIgniter->handleRequest(null, Object(Config\Cache), false)
 9 FCPATH\index.php(55): CodeIgniter\CodeIgniter->run()
10 SYSTEMPATH\Commands\Server\rewrite.php(43): require_once('FCPATH\\index.php')
CRITICAL - 2022-06-26 03:50:16 --> Trying to access array offset on value of type null
in APPPATH\Views\moviesingle.php on line 17.
 1 APPPATH\Views\moviesingle.php(17): CodeIgniter\Debug\Exceptions->errorHandler(2, 'Trying to access array offset on value of type null', 'APPPATH\\Views\\moviesingle.php', 17)
 2 SYSTEMPATH\View\View.php(213): include('APPPATH\\Views\\moviesingle.php')
 3 SYSTEMPATH\View\View.php(216): CodeIgniter\View\View->CodeIgniter\View\{closure}()
 4 SYSTEMPATH\Common.php(1135): CodeIgniter\View\View->render('moviesingle', [], true)
 5 APPPATH\Controllers\Detail.php(20): view('moviesingle', [...])
 6 SYSTEMPATH\CodeIgniter.php(898): App\Controllers\Detail->index('FCPATH\\assets', 'images', 'logo1.png')
 7 SYSTEMPATH\CodeIgniter.php(468): CodeIgniter\CodeIgniter->runController(Object(App\Controllers\Detail))
 8 SYSTEMPATH\CodeIgniter.php(351): CodeIgniter\CodeIgniter->handleRequest(null, Object(Config\Cache), false)
 9 FCPATH\index.php(55): CodeIgniter\CodeIgniter->run()
10 SYSTEMPATH\Commands\Server\rewrite.php(43): require_once('FCPATH\\index.php')
CRITICAL - 2022-06-26 08:02:03 --> syntax error, unexpected identifier "cover", expecting ")"
in APPPATH\Views\moviesingle.php on line 17.
 1 SYSTEMPATH\View\View.php(216): CodeIgniter\View\View->CodeIgniter\View\{closure}()
 2 SYSTEMPATH\Common.php(1135): CodeIgniter\View\View->render('moviesingle', [], true)
 3 APPPATH\Controllers\Detail.php(20): view('moviesingle', [...])
 4 SYSTEMPATH\CodeIgniter.php(898): App\Controllers\Detail->index('31')
 5 SYSTEMPATH\CodeIgniter.php(468): CodeIgniter\CodeIgniter->runController(Object(App\Controllers\Detail))
 6 SYSTEMPATH\CodeIgniter.php(351): CodeIgniter\CodeIgniter->handleRequest(null, Object(Config\Cache), false)
 7 FCPATH\index.php(55): CodeIgniter\CodeIgniter->run()
 8 SYSTEMPATH\Commands\Server\rewrite.php(43): require_once('FCPATH\\index.php')
CRITICAL - 2022-06-26 08:02:11 --> syntax error, unexpected identifier "cover", expecting ")"
in APPPATH\Views\moviesingle.php on line 17.
 1 SYSTEMPATH\View\View.php(216): CodeIgniter\View\View->CodeIgniter\View\{closure}()
 2 SYSTEMPATH\Common.php(1135): CodeIgniter\View\View->render('moviesingle', [], true)
 3 APPPATH\Controllers\Detail.php(20): view('moviesingle', [...])
 4 SYSTEMPATH\CodeIgniter.php(898): App\Controllers\Detail->index('31')
 5 SYSTEMPATH\CodeIgniter.php(468): CodeIgniter\CodeIgniter->runController(Object(App\Controllers\Detail))
 6 SYSTEMPATH\CodeIgniter.php(351): CodeIgniter\CodeIgniter->handleRequest(null, Object(Config\Cache), false)
 7 FCPATH\index.php(55): CodeIgniter\CodeIgniter->run()
 8 SYSTEMPATH\Commands\Server\rewrite.php(43): require_once('FCPATH\\index.php')
CRITICAL - 2022-06-26 08:02:47 --> Trying to access array offset on value of type null
in APPPATH\Views\moviesingle.php on line 17.
 1 APPPATH\Views\moviesingle.php(17): CodeIgniter\Debug\Exceptions->errorHandler(2, 'Trying to access array offset on value of type null', 'APPPATH\\Views\\moviesingle.php', 17)
 2 SYSTEMPATH\View\View.php(213): include('APPPATH\\Views\\moviesingle.php')
 3 SYSTEMPATH\View\View.php(216): CodeIgniter\View\View->CodeIgniter\View\{closure}()
 4 SYSTEMPATH\Common.php(1135): CodeIgniter\View\View->render('moviesingle', [], true)
 5 APPPATH\Controllers\Detail.php(20): view('moviesingle', [...])
 6 SYSTEMPATH\CodeIgniter.php(898): App\Controllers\Detail->index('FCPATH\\assets', 'images', 'spiderman.jpg"')
 7 SYSTEMPATH\CodeIgniter.php(468): CodeIgniter\CodeIgniter->runController(Object(App\Controllers\Detail))
 8 SYSTEMPATH\CodeIgniter.php(351): CodeIgniter\CodeIgniter->handleRequest(null, Object(Config\Cache), false)
 9 FCPATH\index.php(55): CodeIgniter\CodeIgniter->run()
10 SYSTEMPATH\Commands\Server\rewrite.php(43): require_once('FCPATH\\index.php')
CRITICAL - 2022-06-26 08:02:47 --> Trying to access array offset on value of type null
in APPPATH\Views\moviesingle.php on line 17.
 1 APPPATH\Views\moviesingle.php(17): CodeIgniter\Debug\Exceptions->errorHandler(2, 'Trying to access array offset on value of type null', 'APPPATH\\Views\\moviesingle.php', 17)
 2 SYSTEMPATH\View\View.php(213): include('APPPATH\\Views\\moviesingle.php')
 3 SYSTEMPATH\View\View.php(216): CodeIgniter\View\View->CodeIgniter\View\{closure}()
 4 SYSTEMPATH\Common.php(1135): CodeIgniter\View\View->render('moviesingle', [], true)
 5 APPPATH\Controllers\Detail.php(20): view('moviesingle', [...])
 6 SYSTEMPATH\CodeIgniter.php(898): App\Controllers\Detail->index('FCPATH\\assets', 'images', 'logo1.png')
 7 SYSTEMPATH\CodeIgniter.php(468): CodeIgniter\CodeIgniter->runController(Object(App\Controllers\Detail))
 8 SYSTEMPATH\CodeIgniter.php(351): CodeIgniter\CodeIgniter->handleRequest(null, Object(Config\Cache), false)
 9 FCPATH\index.php(55): CodeIgniter\CodeIgniter->run()
10 SYSTEMPATH\Commands\Server\rewrite.php(43): require_once('FCPATH\\index.php')
CRITICAL - 2022-06-26 08:04:14 --> Trying to access array offset on value of type null
in APPPATH\Views\moviesingle.php on line 20.
 1 APPPATH\Views\moviesingle.php(20): CodeIgniter\Debug\Exceptions->errorHandler(2, 'Trying to access array offset on value of type null', 'APPPATH\\Views\\moviesingle.php', 20)
 2 SYSTEMPATH\View\View.php(213): include('APPPATH\\Views\\moviesingle.php')
 3 SYSTEMPATH\View\View.php(216): CodeIgniter\View\View->CodeIgniter\View\{closure}()
 4 SYSTEMPATH\Common.php(1135): CodeIgniter\View\View->render('moviesingle', [], true)
 5 APPPATH\Controllers\Detail.php(20): view('moviesingle', [...])
 6 SYSTEMPATH\CodeIgniter.php(898): App\Controllers\Detail->index('FCPATH\\assets', 'images', 'spiderman.jpg"')
 7 SYSTEMPATH\CodeIgniter.php(468): CodeIgniter\CodeIgniter->runController(Object(App\Controllers\Detail))
 8 SYSTEMPATH\CodeIgniter.php(351): CodeIgniter\CodeIgniter->handleRequest(null, Object(Config\Cache), false)
 9 FCPATH\index.php(55): CodeIgniter\CodeIgniter->run()
10 SYSTEMPATH\Commands\Server\rewrite.php(43): require_once('FCPATH\\index.php')
CRITICAL - 2022-06-26 08:04:15 --> Trying to access array offset on value of type null
in APPPATH\Views\moviesingle.php on line 20.
 1 APPPATH\Views\moviesingle.php(20): CodeIgniter\Debug\Exceptions->errorHandler(2, 'Trying to access array offset on value of type null', 'APPPATH\\Views\\moviesingle.php', 20)
 2 SYSTEMPATH\View\View.php(213): include('APPPATH\\Views\\moviesingle.php')
 3 SYSTEMPATH\View\View.php(216): CodeIgniter\View\View->CodeIgniter\View\{closure}()
 4 SYSTEMPATH\Common.php(1135): CodeIgniter\View\View->render('moviesingle', [], true)
 5 APPPATH\Controllers\Detail.php(20): view('moviesingle', [...])
 6 SYSTEMPATH\CodeIgniter.php(898): App\Controllers\Detail->index('FCPATH\\assets', 'images', 'logo1.png')
 7 SYSTEMPATH\CodeIgniter.php(468): CodeIgniter\CodeIgniter->runController(Object(App\Controllers\Detail))
 8 SYSTEMPATH\CodeIgniter.php(351): CodeIgniter\CodeIgniter->handleRequest(null, Object(Config\Cache), false)
 9 FCPATH\index.php(55): CodeIgniter\CodeIgniter->run()
10 SYSTEMPATH\Commands\Server\rewrite.php(43): require_once('FCPATH\\index.php')
CRITICAL - 2022-06-26 08:04:32 --> Trying to access array offset on value of type null
in APPPATH\Views\moviesingle.php on line 17.
 1 APPPATH\Views\moviesingle.php(17): CodeIgniter\Debug\Exceptions->errorHandler(2, 'Trying to access array offset on value of type null', 'APPPATH\\Views\\moviesingle.php', 17)
 2 SYSTEMPATH\View\View.php(213): include('APPPATH\\Views\\moviesingle.php')
 3 SYSTEMPATH\View\View.php(216): CodeIgniter\View\View->CodeIgniter\View\{closure}()
 4 SYSTEMPATH\Common.php(1135): CodeIgniter\View\View->render('moviesingle', [], true)
 5 APPPATH\Controllers\Detail.php(20): view('moviesingle', [...])
 6 SYSTEMPATH\CodeIgniter.php(898): App\Controllers\Detail->index('FCPATH\\assets', 'images', 'spiderman.jpg')
 7 SYSTEMPATH\CodeIgniter.php(468): CodeIgniter\CodeIgniter->runController(Object(App\Controllers\Detail))
 8 SYSTEMPATH\CodeIgniter.php(351): CodeIgniter\CodeIgniter->handleRequest(null, Object(Config\Cache), false)
 9 FCPATH\index.php(55): CodeIgniter\CodeIgniter->run()
10 SYSTEMPATH\Commands\Server\rewrite.php(43): require_once('FCPATH\\index.php')
CRITICAL - 2022-06-26 08:04:32 --> Trying to access array offset on value of type null
in APPPATH\Views\moviesingle.php on line 17.
 1 APPPATH\Views\moviesingle.php(17): CodeIgniter\Debug\Exceptions->errorHandler(2, 'Trying to access array offset on value of type null', 'APPPATH\\Views\\moviesingle.php', 17)
 2 SYSTEMPATH\View\View.php(213): include('APPPATH\\Views\\moviesingle.php')
 3 SYSTEMPATH\View\View.php(216): CodeIgniter\View\View->CodeIgniter\View\{closure}()
 4 SYSTEMPATH\Common.php(1135): CodeIgniter\View\View->render('moviesingle', [], true)
 5 APPPATH\Controllers\Detail.php(20): view('moviesingle', [...])
 6 SYSTEMPATH\CodeIgniter.php(898): App\Controllers\Detail->index('FCPATH\\assets', 'images', 'logo1.png')
 7 SYSTEMPATH\CodeIgniter.php(468): CodeIgniter\CodeIgniter->runController(Object(App\Controllers\Detail))
 8 SYSTEMPATH\CodeIgniter.php(351): CodeIgniter\CodeIgniter->handleRequest(null, Object(Config\Cache), false)
 9 FCPATH\index.php(55): CodeIgniter\CodeIgniter->run()
10 SYSTEMPATH\Commands\Server\rewrite.php(43): require_once('FCPATH\\index.php')
CRITICAL - 2022-06-26 08:04:49 --> Trying to access array offset on value of type null
in APPPATH\Views\moviesingle.php on line 17.
 1 APPPATH\Views\moviesingle.php(17): CodeIgniter\Debug\Exceptions->errorHandler(2, 'Trying to access array offset on value of type null', 'APPPATH\\Views\\moviesingle.php', 17)
 2 SYSTEMPATH\View\View.php(213): include('APPPATH\\Views\\moviesingle.php')
 3 SYSTEMPATH\View\View.php(216): CodeIgniter\View\View->CodeIgniter\View\{closure}()
 4 SYSTEMPATH\Common.php(1135): CodeIgniter\View\View->render('moviesingle', [], true)
 5 APPPATH\Controllers\Detail.php(20): view('moviesingle', [...])
 6 SYSTEMPATH\CodeIgniter.php(898): App\Controllers\Detail->index('FCPATH\\assets', 'images', 'spiderman.jpg')
 7 SYSTEMPATH\CodeIgniter.php(468): CodeIgniter\CodeIgniter->runController(Object(App\Controllers\Detail))
 8 SYSTEMPATH\CodeIgniter.php(351): CodeIgniter\CodeIgniter->handleRequest(null, Object(Config\Cache), false)
 9 FCPATH\index.php(55): CodeIgniter\CodeIgniter->run()
10 SYSTEMPATH\Commands\Server\rewrite.php(43): require_once('FCPATH\\index.php')
CRITICAL - 2022-06-26 08:04:49 --> Trying to access array offset on value of type null
in APPPATH\Views\moviesingle.php on line 17.
 1 APPPATH\Views\moviesingle.php(17): CodeIgniter\Debug\Exceptions->errorHandler(2, 'Trying to access array offset on value of type null', 'APPPATH\\Views\\moviesingle.php', 17)
 2 SYSTEMPATH\View\View.php(213): include('APPPATH\\Views\\moviesingle.php')
 3 SYSTEMPATH\View\View.php(216): CodeIgniter\View\View->CodeIgniter\View\{closure}()
 4 SYSTEMPATH\Common.php(1135): CodeIgniter\View\View->render('moviesingle', [], true)
 5 APPPATH\Controllers\Detail.php(20): view('moviesingle', [...])
 6 SYSTEMPATH\CodeIgniter.php(898): App\Controllers\Detail->index('FCPATH\\assets', 'images', 'logo1.png')
 7 SYSTEMPATH\CodeIgniter.php(468): CodeIgniter\CodeIgniter->runController(Object(App\Controllers\Detail))
 8 SYSTEMPATH\CodeIgniter.php(351): CodeIgniter\CodeIgniter->handleRequest(null, Object(Config\Cache), false)
 9 FCPATH\index.php(55): CodeIgniter\CodeIgniter->run()
10 SYSTEMPATH\Commands\Server\rewrite.php(43): require_once('FCPATH\\index.php')
CRITICAL - 2022-06-26 08:06:54 --> Trying to access array offset on value of type null
in APPPATH\Views\moviesingle.php on line 17.
 1 APPPATH\Views\moviesingle.php(17): CodeIgniter\Debug\Exceptions->errorHandler(2, 'Trying to access array offset on value of type null', 'APPPATH\\Views\\moviesingle.php', 17)
 2 SYSTEMPATH\View\View.php(213): include('APPPATH\\Views\\moviesingle.php')
 3 SYSTEMPATH\View\View.php(216): CodeIgniter\View\View->CodeIgniter\View\{closure}()
 4 SYSTEMPATH\Common.php(1135): CodeIgniter\View\View->render('moviesingle', [], true)
 5 APPPATH\Controllers\Detail.php(20): view('moviesingle', [...])
 6 SYSTEMPATH\CodeIgniter.php(898): App\Controllers\Detail->index('FCPATH\\assets', 'images', 'spiderman.jpg')
 7 SYSTEMPATH\CodeIgniter.php(468): CodeIgniter\CodeIgniter->runController(Object(App\Controllers\Detail))
 8 SYSTEMPATH\CodeIgniter.php(351): CodeIgniter\CodeIgniter->handleRequest(null, Object(Config\Cache), false)
 9 FCPATH\index.php(55): CodeIgniter\CodeIgniter->run()
10 SYSTEMPATH\Commands\Server\rewrite.php(43): require_once('FCPATH\\index.php')
CRITICAL - 2022-06-26 08:06:54 --> Trying to access array offset on value of type null
in APPPATH\Views\moviesingle.php on line 17.
 1 APPPATH\Views\moviesingle.php(17): CodeIgniter\Debug\Exceptions->errorHandler(2, 'Trying to access array offset on value of type null', 'APPPATH\\Views\\moviesingle.php', 17)
 2 SYSTEMPATH\View\View.php(213): include('APPPATH\\Views\\moviesingle.php')
 3 SYSTEMPATH\View\View.php(216): CodeIgniter\View\View->CodeIgniter\View\{closure}()
 4 SYSTEMPATH\Common.php(1135): CodeIgniter\View\View->render('moviesingle', [], true)
 5 APPPATH\Controllers\Detail.php(20): view('moviesingle', [...])
 6 SYSTEMPATH\CodeIgniter.php(898): App\Controllers\Detail->index('FCPATH\\assets', 'images', 'logo1.png')
 7 SYSTEMPATH\CodeIgniter.php(468): CodeIgniter\CodeIgniter->runController(Object(App\Controllers\Detail))
 8 SYSTEMPATH\CodeIgniter.php(351): CodeIgniter\CodeIgniter->handleRequest(null, Object(Config\Cache), false)
 9 FCPATH\index.php(55): CodeIgniter\CodeIgniter->run()
10 SYSTEMPATH\Commands\Server\rewrite.php(43): require_once('FCPATH\\index.php')
CRITICAL - 2022-06-26 08:07:37 --> Trying to access array offset on value of type null
in APPPATH\Views\moviesingle.php on line 17.
 1 APPPATH\Views\moviesingle.php(17): CodeIgniter\Debug\Exceptions->errorHandler(2, 'Trying to access array offset on value of type null', 'APPPATH\\Views\\moviesingle.php', 17)
 2 SYSTEMPATH\View\View.php(213): include('APPPATH\\Views\\moviesingle.php')
 3 SYSTEMPATH\View\View.php(216): CodeIgniter\View\View->CodeIgniter\View\{closure}()
 4 SYSTEMPATH\Common.php(1135): CodeIgniter\View\View->render('moviesingle', [], true)
 5 APPPATH\Controllers\Detail.php(20): view('moviesingle', [...])
 6 SYSTEMPATH\CodeIgniter.php(898): App\Controllers\Detail->index('FCPATH\\assets', 'images', 'spiderman.jpg')
 7 SYSTEMPATH\CodeIgniter.php(468): CodeIgniter\CodeIgniter->runController(Object(App\Controllers\Detail))
 8 SYSTEMPATH\CodeIgniter.php(351): CodeIgniter\CodeIgniter->handleRequest(null, Object(Config\Cache), false)
 9 FCPATH\index.php(55): CodeIgniter\CodeIgniter->run()
10 SYSTEMPATH\Commands\Server\rewrite.php(43): require_once('FCPATH\\index.php')
CRITICAL - 2022-06-26 08:07:37 --> Trying to access array offset on value of type null
in APPPATH\Views\moviesingle.php on line 17.
 1 APPPATH\Views\moviesingle.php(17): CodeIgniter\Debug\Exceptions->errorHandler(2, 'Trying to access array offset on value of type null', 'APPPATH\\Views\\moviesingle.php', 17)
 2 SYSTEMPATH\View\View.php(213): include('APPPATH\\Views\\moviesingle.php')
 3 SYSTEMPATH\View\View.php(216): CodeIgniter\View\View->CodeIgniter\View\{closure}()
 4 SYSTEMPATH\Common.php(1135): CodeIgniter\View\View->render('moviesingle', [], true)
 5 APPPATH\Controllers\Detail.php(20): view('moviesingle', [...])
 6 SYSTEMPATH\CodeIgniter.php(898): App\Controllers\Detail->index('FCPATH\\assets', 'images', 'logo1.png')
 7 SYSTEMPATH\CodeIgniter.php(468): CodeIgniter\CodeIgniter->runController(Object(App\Controllers\Detail))
 8 SYSTEMPATH\CodeIgniter.php(351): CodeIgniter\CodeIgniter->handleRequest(null, Object(Config\Cache), false)
 9 FCPATH\index.php(55): CodeIgniter\CodeIgniter->run()
10 SYSTEMPATH\Commands\Server\rewrite.php(43): require_once('FCPATH\\index.php')
CRITICAL - 2022-06-26 08:08:30 --> Trying to access array offset on value of type null
in APPPATH\Views\moviesingle.php on line 17.
 1 APPPATH\Views\moviesingle.php(17): CodeIgniter\Debug\Exceptions->errorHandler(2, 'Trying to access array offset on value of type null', 'APPPATH\\Views\\moviesingle.php', 17)
 2 SYSTEMPATH\View\View.php(213): include('APPPATH\\Views\\moviesingle.php')
 3 SYSTEMPATH\View\View.php(216): CodeIgniter\View\View->CodeIgniter\View\{closure}()
 4 SYSTEMPATH\Common.php(1135): CodeIgniter\View\View->render('moviesingle', [], true)
 5 APPPATH\Controllers\Detail.php(20): view('moviesingle', [...])
 6 SYSTEMPATH\CodeIgniter.php(898): App\Controllers\Detail->index('FCPATH\\assets', 'images', 'spiderman.jpg')
 7 SYSTEMPATH\CodeIgniter.php(468): CodeIgniter\CodeIgniter->runController(Object(App\Controllers\Detail))
 8 SYSTEMPATH\CodeIgniter.php(351): CodeIgniter\CodeIgniter->handleRequest(null, Object(Config\Cache), false)
 9 FCPATH\index.php(55): CodeIgniter\CodeIgniter->run()
10 SYSTEMPATH\Commands\Server\rewrite.php(43): require_once('FCPATH\\index.php')
CRITICAL - 2022-06-26 08:08:30 --> Trying to access array offset on value of type null
in APPPATH\Views\moviesingle.php on line 17.
 1 APPPATH\Views\moviesingle.php(17): CodeIgniter\Debug\Exceptions->errorHandler(2, 'Trying to access array offset on value of type null', 'APPPATH\\Views\\moviesingle.php', 17)
 2 SYSTEMPATH\View\View.php(213): include('APPPATH\\Views\\moviesingle.php')
 3 SYSTEMPATH\View\View.php(216): CodeIgniter\View\View->CodeIgniter\View\{closure}()
 4 SYSTEMPATH\Common.php(1135): CodeIgniter\View\View->render('moviesingle', [], true)
 5 APPPATH\Controllers\Detail.php(20): view('moviesingle', [...])
 6 SYSTEMPATH\CodeIgniter.php(898): App\Controllers\Detail->index('FCPATH\\assets', 'images', 'logo1.png')
 7 SYSTEMPATH\CodeIgniter.php(468): CodeIgniter\CodeIgniter->runController(Object(App\Controllers\Detail))
 8 SYSTEMPATH\CodeIgniter.php(351): CodeIgniter\CodeIgniter->handleRequest(null, Object(Config\Cache), false)
 9 FCPATH\index.php(55): CodeIgniter\CodeIgniter->run()
10 SYSTEMPATH\Commands\Server\rewrite.php(43): require_once('FCPATH\\index.php')
CRITICAL - 2022-06-26 08:21:44 --> Unsupported operand types: string + int
in APPPATH\Views\deskripsi.php on line 29.
 1 SYSTEMPATH\View\View.php(213): include()
 2 SYSTEMPATH\View\View.php(216): CodeIgniter\View\View->CodeIgniter\View\{closure}()
 3 SYSTEMPATH\Common.php(1135): CodeIgniter\View\View->render('deskripsi', [], true)
 4 APPPATH\Controllers\Tambah.php(40): view('deskripsi', [...])
 5 SYSTEMPATH\CodeIgniter.php(898): App\Controllers\Tambah->deskripsi('31')
 6 SYSTEMPATH\CodeIgniter.php(468): CodeIgniter\CodeIgniter->runController(Object(App\Controllers\Tambah))
 7 SYSTEMPATH\CodeIgniter.php(351): CodeIgniter\CodeIgniter->handleRequest(null, Object(Config\Cache), false)
 8 FCPATH\index.php(55): CodeIgniter\CodeIgniter->run()
 9 SYSTEMPATH\Commands\Server\rewrite.php(43): require_once('FCPATH\\index.php')
CRITICAL - 2022-06-26 08:37:08 --> Trying to access array offset on value of type null
in APPPATH\Views\moviesingle.php on line 17.
 1 APPPATH\Views\moviesingle.php(17): CodeIgniter\Debug\Exceptions->errorHandler(2, 'Trying to access array offset on value of type null', 'APPPATH\\Views\\moviesingle.php', 17)
 2 SYSTEMPATH\View\View.php(213): include('APPPATH\\Views\\moviesingle.php')
 3 SYSTEMPATH\View\View.php(216): CodeIgniter\View\View->CodeIgniter\View\{closure}()
 4 SYSTEMPATH\Common.php(1135): CodeIgniter\View\View->render('moviesingle', [], true)
 5 APPPATH\Controllers\Detail.php(20): view('moviesingle', [...])
 6 SYSTEMPATH\CodeIgniter.php(898): App\Controllers\Detail->index('FCPATH\\assets', 'images', 'thedoll.jpg')
 7 SYSTEMPATH\CodeIgniter.php(468): CodeIgniter\CodeIgniter->runController(Object(App\Controllers\Detail))
 8 SYSTEMPATH\CodeIgniter.php(351): CodeIgniter\CodeIgniter->handleRequest(null, Object(Config\Cache), false)
 9 FCPATH\index.php(55): CodeIgniter\CodeIgniter->run()
10 SYSTEMPATH\Commands\Server\rewrite.php(43): require_once('FCPATH\\index.php')
CRITICAL - 2022-06-26 08:37:08 --> Trying to access array offset on value of type null
in APPPATH\Views\moviesingle.php on line 17.
 1 APPPATH\Views\moviesingle.php(17): CodeIgniter\Debug\Exceptions->errorHandler(2, 'Trying to access array offset on value of type null', 'APPPATH\\Views\\moviesingle.php', 17)
 2 SYSTEMPATH\View\View.php(213): include('APPPATH\\Views\\moviesingle.php')
 3 SYSTEMPATH\View\View.php(216): CodeIgniter\View\View->CodeIgniter\View\{closure}()
 4 SYSTEMPATH\Common.php(1135): CodeIgniter\View\View->render('moviesingle', [], true)
 5 APPPATH\Controllers\Detail.php(20): view('moviesingle', [...])
 6 SYSTEMPATH\CodeIgniter.php(898): App\Controllers\Detail->index('FCPATH\\assets', 'images', 'logo1.png')
 7 SYSTEMPATH\CodeIgniter.php(468): CodeIgniter\CodeIgniter->runController(Object(App\Controllers\Detail))
 8 SYSTEMPATH\CodeIgniter.php(351): CodeIgniter\CodeIgniter->handleRequest(null, Object(Config\Cache), false)
 9 FCPATH\index.php(55): CodeIgniter\CodeIgniter->run()
10 SYSTEMPATH\Commands\Server\rewrite.php(43): require_once('FCPATH\\index.php')
CRITICAL - 2022-06-26 09:39:55 --> Trying to access array offset on value of type null
in APPPATH\Views\moviesingle.php on line 17.
 1 APPPATH\Views\moviesingle.php(17): CodeIgniter\Debug\Exceptions->errorHandler(2, 'Trying to access array offset on value of type null', 'APPPATH\\Views\\moviesingle.php', 17)
 2 SYSTEMPATH\View\View.php(213): include('APPPATH\\Views\\moviesingle.php')
 3 SYSTEMPATH\View\View.php(216): CodeIgniter\View\View->CodeIgniter\View\{closure}()
 4 SYSTEMPATH\Common.php(1135): CodeIgniter\View\View->render('moviesingle', [], true)
 5 APPPATH\Controllers\Detail.php(20): view('moviesingle', [...])
 6 SYSTEMPATH\CodeIgniter.php(898): App\Controllers\Detail->index('FCPATH\\assets', 'images', 'spiderman.jpg')
 7 SYSTEMPATH\CodeIgniter.php(468): CodeIgniter\CodeIgniter->runController(Object(App\Controllers\Detail))
 8 SYSTEMPATH\CodeIgniter.php(351): CodeIgniter\CodeIgniter->handleRequest(null, Object(Config\Cache), false)
 9 FCPATH\index.php(55): CodeIgniter\CodeIgniter->run()
10 SYSTEMPATH\Commands\Server\rewrite.php(43): require_once('FCPATH\\index.php')
CRITICAL - 2022-06-26 09:39:55 --> Trying to access array offset on value of type null
in APPPATH\Views\moviesingle.php on line 17.
 1 APPPATH\Views\moviesingle.php(17): CodeIgniter\Debug\Exceptions->errorHandler(2, 'Trying to access array offset on value of type null', 'APPPATH\\Views\\moviesingle.php', 17)
 2 SYSTEMPATH\View\View.php(213): include('APPPATH\\Views\\moviesingle.php')
 3 SYSTEMPATH\View\View.php(216): CodeIgniter\View\View->CodeIgniter\View\{closure}()
 4 SYSTEMPATH\Common.php(1135): CodeIgniter\View\View->render('moviesingle', [], true)
 5 APPPATH\Controllers\Detail.php(20): view('moviesingle', [...])
 6 SYSTEMPATH\CodeIgniter.php(898): App\Controllers\Detail->index('FCPATH\\assets', 'images', 'logo1.png')
 7 SYSTEMPATH\CodeIgniter.php(468): CodeIgniter\CodeIgniter->runController(Object(App\Controllers\Detail))
 8 SYSTEMPATH\CodeIgniter.php(351): CodeIgniter\CodeIgniter->handleRequest(null, Object(Config\Cache), false)
 9 FCPATH\index.php(55): CodeIgniter\CodeIgniter->run()
10 SYSTEMPATH\Commands\Server\rewrite.php(43): require_once('FCPATH\\index.php')
CRITICAL - 2022-06-26 09:48:01 --> Trying to access array offset on value of type null
in APPPATH\Views\moviesingle.php on line 17.
 1 APPPATH\Views\moviesingle.php(17): CodeIgniter\Debug\Exceptions->errorHandler(2, 'Trying to access array offset on value of type null', 'APPPATH\\Views\\moviesingle.php', 17)
 2 SYSTEMPATH\View\View.php(213): include('APPPATH\\Views\\moviesingle.php')
 3 SYSTEMPATH\View\View.php(216): CodeIgniter\View\View->CodeIgniter\View\{closure}()
 4 SYSTEMPATH\Common.php(1135): CodeIgniter\View\View->render('moviesingle', [], true)
 5 APPPATH\Controllers\Detail.php(20): view('moviesingle', [...])
 6 SYSTEMPATH\CodeIgniter.php(898): App\Controllers\Detail->index('FCPATH\\assets', 'images', 'spiderman.jpg')
 7 SYSTEMPATH\CodeIgniter.php(468): CodeIgniter\CodeIgniter->runController(Object(App\Controllers\Detail))
 8 SYSTEMPATH\CodeIgniter.php(351): CodeIgniter\CodeIgniter->handleRequest(null, Object(Config\Cache), false)
 9 FCPATH\index.php(55): CodeIgniter\CodeIgniter->run()
10 SYSTEMPATH\Commands\Server\rewrite.php(43): require_once('FCPATH\\index.php')
CRITICAL - 2022-06-26 09:48:01 --> Trying to access array offset on value of type null
in APPPATH\Views\moviesingle.php on line 17.
 1 APPPATH\Views\moviesingle.php(17): CodeIgniter\Debug\Exceptions->errorHandler(2, 'Trying to access array offset on value of type null', 'APPPATH\\Views\\moviesingle.php', 17)
 2 SYSTEMPATH\View\View.php(213): include('APPPATH\\Views\\moviesingle.php')
 3 SYSTEMPATH\View\View.php(216): CodeIgniter\View\View->CodeIgniter\View\{closure}()
 4 SYSTEMPATH\Common.php(1135): CodeIgniter\View\View->render('moviesingle', [], true)
 5 APPPATH\Controllers\Detail.php(20): view('moviesingle', [...])
 6 SYSTEMPATH\CodeIgniter.php(898): App\Controllers\Detail->index('FCPATH\\assets', 'images', 'logo1.png')
 7 SYSTEMPATH\CodeIgniter.php(468): CodeIgniter\CodeIgniter->runController(Object(App\Controllers\Detail))
 8 SYSTEMPATH\CodeIgniter.php(351): CodeIgniter\CodeIgniter->handleRequest(null, Object(Config\Cache), false)
 9 FCPATH\index.php(55): CodeIgniter\CodeIgniter->run()
10 SYSTEMPATH\Commands\Server\rewrite.php(43): require_once('FCPATH\\index.php')
CRITICAL - 2022-06-26 09:48:14 --> Trying to access array offset on value of type null
in APPPATH\Views\moviesingle.php on line 17.
 1 APPPATH\Views\moviesingle.php(17): CodeIgniter\Debug\Exceptions->errorHandler(2, 'Trying to access array offset on value of type null', 'APPPATH\\Views\\moviesingle.php', 17)
 2 SYSTEMPATH\View\View.php(213): include('APPPATH\\Views\\moviesingle.php')
 3 SYSTEMPATH\View\View.php(216): CodeIgniter\View\View->CodeIgniter\View\{closure}()
 4 SYSTEMPATH\Common.php(1135): CodeIgniter\View\View->render('moviesingle', [], true)
 5 APPPATH\Controllers\Detail.php(20): view('moviesingle', [...])
 6 SYSTEMPATH\CodeIgniter.php(898): App\Controllers\Detail->index('FCPATH\\assets', 'images', 'spiderman.jpg')
 7 SYSTEMPATH\CodeIgniter.php(468): CodeIgniter\CodeIgniter->runController(Object(App\Controllers\Detail))
 8 SYSTEMPATH\CodeIgniter.php(351): CodeIgniter\CodeIgniter->handleRequest(null, Object(Config\Cache), false)
 9 FCPATH\index.php(55): CodeIgniter\CodeIgniter->run()
10 SYSTEMPATH\Commands\Server\rewrite.php(43): require_once('FCPATH\\index.php')
CRITICAL - 2022-06-26 09:48:14 --> Trying to access array offset on value of type null
in APPPATH\Views\moviesingle.php on line 17.
 1 APPPATH\Views\moviesingle.php(17): CodeIgniter\Debug\Exceptions->errorHandler(2, 'Trying to access array offset on value of type null', 'APPPATH\\Views\\moviesingle.php', 17)
 2 SYSTEMPATH\View\View.php(213): include('APPPATH\\Views\\moviesingle.php')
 3 SYSTEMPATH\View\View.php(216): CodeIgniter\View\View->CodeIgniter\View\{closure}()
 4 SYSTEMPATH\Common.php(1135): CodeIgniter\View\View->render('moviesingle', [], true)
 5 APPPATH\Controllers\Detail.php(20): view('moviesingle', [...])
 6 SYSTEMPATH\CodeIgniter.php(898): App\Controllers\Detail->index('FCPATH\\assets', 'images', 'logo1.png')
 7 SYSTEMPATH\CodeIgniter.php(468): CodeIgniter\CodeIgniter->runController(Object(App\Controllers\Detail))
 8 SYSTEMPATH\CodeIgniter.php(351): CodeIgniter\CodeIgniter->handleRequest(null, Object(Config\Cache), false)
 9 FCPATH\index.php(55): CodeIgniter\CodeIgniter->run()
10 SYSTEMPATH\Commands\Server\rewrite.php(43): require_once('FCPATH\\index.php')
CRITICAL - 2022-06-26 09:53:45 --> Trying to access array offset on value of type null
in APPPATH\Views\moviesingle.php on line 17.
 1 APPPATH\Views\moviesingle.php(17): CodeIgniter\Debug\Exceptions->errorHandler(2, 'Trying to access array offset on value of type null', 'APPPATH\\Views\\moviesingle.php', 17)
 2 SYSTEMPATH\View\View.php(213): include('APPPATH\\Views\\moviesingle.php')
 3 SYSTEMPATH\View\View.php(216): CodeIgniter\View\View->CodeIgniter\View\{closure}()
 4 SYSTEMPATH\Common.php(1135): CodeIgniter\View\View->render('moviesingle', [], true)
 5 APPPATH\Controllers\Detail.php(20): view('moviesingle', [...])
 6 SYSTEMPATH\CodeIgniter.php(898): App\Controllers\Detail->index('FCPATH\\assets', 'images', 'gatotkaca.jpg')
 7 SYSTEMPATH\CodeIgniter.php(468): CodeIgniter\CodeIgniter->runController(Object(App\Controllers\Detail))
 8 SYSTEMPATH\CodeIgniter.php(351): CodeIgniter\CodeIgniter->handleRequest(null, Object(Config\Cache), false)
 9 FCPATH\index.php(55): CodeIgniter\CodeIgniter->run()
10 SYSTEMPATH\Commands\Server\rewrite.php(43): require_once('FCPATH\\index.php')
CRITICAL - 2022-06-26 09:53:46 --> Trying to access array offset on value of type null
in APPPATH\Views\moviesingle.php on line 17.
 1 APPPATH\Views\moviesingle.php(17): CodeIgniter\Debug\Exceptions->errorHandler(2, 'Trying to access array offset on value of type null', 'APPPATH\\Views\\moviesingle.php', 17)
 2 SYSTEMPATH\View\View.php(213): include('APPPATH\\Views\\moviesingle.php')
 3 SYSTEMPATH\View\View.php(216): CodeIgniter\View\View->CodeIgniter\View\{closure}()
 4 SYSTEMPATH\Common.php(1135): CodeIgniter\View\View->render('moviesingle', [], true)
 5 APPPATH\Controllers\Detail.php(20): view('moviesingle', [...])
 6 SYSTEMPATH\CodeIgniter.php(898): App\Controllers\Detail->index('FCPATH\\assets', 'images', 'logo1.png')
 7 SYSTEMPATH\CodeIgniter.php(468): CodeIgniter\CodeIgniter->runController(Object(App\Controllers\Detail))
 8 SYSTEMPATH\CodeIgniter.php(351): CodeIgniter\CodeIgniter->handleRequest(null, Object(Config\Cache), false)
 9 FCPATH\index.php(55): CodeIgniter\CodeIgniter->run()
10 SYSTEMPATH\Commands\Server\rewrite.php(43): require_once('FCPATH\\index.php')
CRITICAL - 2022-06-26 09:58:47 --> Trying to access array offset on value of type null
in APPPATH\Views\moviesingle.php on line 17.
 1 APPPATH\Views\moviesingle.php(17): CodeIgniter\Debug\Exceptions->errorHandler(2, 'Trying to access array offset on value of type null', 'APPPATH\\Views\\moviesingle.php', 17)
 2 SYSTEMPATH\View\View.php(213): include('APPPATH\\Views\\moviesingle.php')
 3 SYSTEMPATH\View\View.php(216): CodeIgniter\View\View->CodeIgniter\View\{closure}()
 4 SYSTEMPATH\Common.php(1135): CodeIgniter\View\View->render('moviesingle', [], true)
 5 APPPATH\Controllers\Detail.php(20): view('moviesingle', [...])
 6 SYSTEMPATH\CodeIgniter.php(898): App\Controllers\Detail->index('FCPATH\\assets', 'images', 'spiderman.jpg')
 7 SYSTEMPATH\CodeIgniter.php(468): CodeIgniter\CodeIgniter->runController(Object(App\Controllers\Detail))
 8 SYSTEMPATH\CodeIgniter.php(351): CodeIgniter\CodeIgniter->handleRequest(null, Object(Config\Cache), false)
 9 FCPATH\index.php(55): CodeIgniter\CodeIgniter->run()
10 SYSTEMPATH\Commands\Server\rewrite.php(43): require_once('FCPATH\\index.php')
CRITICAL - 2022-06-26 09:58:48 --> Trying to access array offset on value of type null
in APPPATH\Views\moviesingle.php on line 17.
 1 APPPATH\Views\moviesingle.php(17): CodeIgniter\Debug\Exceptions->errorHandler(2, 'Trying to access array offset on value of type null', 'APPPATH\\Views\\moviesingle.php', 17)
 2 SYSTEMPATH\View\View.php(213): include('APPPATH\\Views\\moviesingle.php')
 3 SYSTEMPATH\View\View.php(216): CodeIgniter\View\View->CodeIgniter\View\{closure}()
 4 SYSTEMPATH\Common.php(1135): CodeIgniter\View\View->render('moviesingle', [], true)
 5 APPPATH\Controllers\Detail.php(20): view('moviesingle', [...])
 6 SYSTEMPATH\CodeIgniter.php(898): App\Controllers\Detail->index('FCPATH\\assets', 'images', 'logo1.png')
 7 SYSTEMPATH\CodeIgniter.php(468): CodeIgniter\CodeIgniter->runController(Object(App\Controllers\Detail))
 8 SYSTEMPATH\CodeIgniter.php(351): CodeIgniter\CodeIgniter->handleRequest(null, Object(Config\Cache), false)
 9 FCPATH\index.php(55): CodeIgniter\CodeIgniter->run()
10 SYSTEMPATH\Commands\Server\rewrite.php(43): require_once('FCPATH\\index.php')
CRITICAL - 2022-06-26 09:59:55 --> Undefined variable $film
in APPPATH\Views\body.php on line 113.
 1 APPPATH\Views\body.php(113): CodeIgniter\Debug\Exceptions->errorHandler(2, 'Undefined variable $film', 'APPPATH\\Views\\body.php', 113)
 2 SYSTEMPATH\View\View.php(213): include('APPPATH\\Views\\body.php')
 3 SYSTEMPATH\View\View.php(216): CodeIgniter\View\View->CodeIgniter\View\{closure}()
 4 SYSTEMPATH\Common.php(1135): CodeIgniter\View\View->render('body', [], true)
 5 APPPATH\Controllers\Home.php(24): view('body', [...])
 6 SYSTEMPATH\CodeIgniter.php(898): App\Controllers\Home->index()
 7 SYSTEMPATH\CodeIgniter.php(468): CodeIgniter\CodeIgniter->runController(Object(App\Controllers\Home))
 8 SYSTEMPATH\CodeIgniter.php(351): CodeIgniter\CodeIgniter->handleRequest(null, Object(Config\Cache), false)
 9 FCPATH\index.php(55): CodeIgniter\CodeIgniter->run()
10 SYSTEMPATH\Commands\Server\rewrite.php(43): require_once('FCPATH\\index.php')
CRITICAL - 2022-06-26 10:07:21 --> Too few arguments to function App\Controllers\Detail::index(), 0 passed in C:\laragon\www\moviebi\system\CodeIgniter.php on line 898 and exactly 1 expected
in APPPATH\Controllers\Detail.php on line 13.
 1 SYSTEMPATH\CodeIgniter.php(898): App\Controllers\Detail->index()
 2 SYSTEMPATH\CodeIgniter.php(468): CodeIgniter\CodeIgniter->runController(Object(App\Controllers\Detail))
 3 SYSTEMPATH\CodeIgniter.php(351): CodeIgniter\CodeIgniter->handleRequest(null, Object(Config\Cache), false)
 4 FCPATH\index.php(55): CodeIgniter\CodeIgniter->run()
 5 SYSTEMPATH\Commands\Server\rewrite.php(43): require_once('FCPATH\\index.php')
CRITICAL - 2022-06-26 10:08:06 --> Trying to access array offset on value of type null
in APPPATH\Views\moviesingle.php on line 17.
 1 APPPATH\Views\moviesingle.php(17): CodeIgniter\Debug\Exceptions->errorHandler(2, 'Trying to access array offset on value of type null', 'APPPATH\\Views\\moviesingle.php', 17)
 2 SYSTEMPATH\View\View.php(213): include('APPPATH\\Views\\moviesingle.php')
 3 SYSTEMPATH\View\View.php(216): CodeIgniter\View\View->CodeIgniter\View\{closure}()
 4 SYSTEMPATH\Common.php(1135): CodeIgniter\View\View->render('moviesingle', [], true)
 5 APPPATH\Controllers\Detail.php(20): view('moviesingle', [...])
 6 SYSTEMPATH\CodeIgniter.php(898): App\Controllers\Detail->index('FCPATH\\assets', 'images', 'spiderman.jpg')
 7 SYSTEMPATH\CodeIgniter.php(468): CodeIgniter\CodeIgniter->runController(Object(App\Controllers\Detail))
 8 SYSTEMPATH\CodeIgniter.php(351): CodeIgniter\CodeIgniter->handleRequest(null, Object(Config\Cache), false)
 9 FCPATH\index.php(55): CodeIgniter\CodeIgniter->run()
10 SYSTEMPATH\Commands\Server\rewrite.php(43): require_once('FCPATH\\index.php')
CRITICAL - 2022-06-26 10:08:06 --> Trying to access array offset on value of type null
in APPPATH\Views\moviesingle.php on line 17.
 1 APPPATH\Views\moviesingle.php(17): CodeIgniter\Debug\Exceptions->errorHandler(2, 'Trying to access array offset on value of type null', 'APPPATH\\Views\\moviesingle.php', 17)
 2 SYSTEMPATH\View\View.php(213): include('APPPATH\\Views\\moviesingle.php')
 3 SYSTEMPATH\View\View.php(216): CodeIgniter\View\View->CodeIgniter\View\{closure}()
 4 SYSTEMPATH\Common.php(1135): CodeIgniter\View\View->render('moviesingle', [], true)
 5 APPPATH\Controllers\Detail.php(20): view('moviesingle', [...])
 6 SYSTEMPATH\CodeIgniter.php(898): App\Controllers\Detail->index('FCPATH\\assets', 'images', 'logo1.png')
 7 SYSTEMPATH\CodeIgniter.php(468): CodeIgniter\CodeIgniter->runController(Object(App\Controllers\Detail))
 8 SYSTEMPATH\CodeIgniter.php(351): CodeIgniter\CodeIgniter->handleRequest(null, Object(Config\Cache), false)
 9 FCPATH\index.php(55): CodeIgniter\CodeIgniter->run()
10 SYSTEMPATH\Commands\Server\rewrite.php(43): require_once('FCPATH\\index.php')
CRITICAL - 2022-06-26 10:13:32 --> Trying to access array offset on value of type null
in APPPATH\Views\moviesingle.php on line 17.
 1 APPPATH\Views\moviesingle.php(17): CodeIgniter\Debug\Exceptions->errorHandler(2, 'Trying to access array offset on value of type null', 'APPPATH\\Views\\moviesingle.php', 17)
 2 SYSTEMPATH\View\View.php(213): include('APPPATH\\Views\\moviesingle.php')
 3 SYSTEMPATH\View\View.php(216): CodeIgniter\View\View->CodeIgniter\View\{closure}()
 4 SYSTEMPATH\Common.php(1135): CodeIgniter\View\View->render('moviesingle', [], true)
 5 APPPATH\Controllers\Detail.php(20): view('moviesingle', [...])
 6 SYSTEMPATH\CodeIgniter.php(898): App\Controllers\Detail->index('FCPATH\\assets', 'images', 'logo1.png')
 7 SYSTEMPATH\CodeIgniter.php(468): CodeIgniter\CodeIgniter->runController(Object(App\Controllers\Detail))
 8 SYSTEMPATH\CodeIgniter.php(351): CodeIgniter\CodeIgniter->handleRequest(null, Object(Config\Cache), false)
 9 FCPATH\index.php(55): CodeIgniter\CodeIgniter->run()
10 SYSTEMPATH\Commands\Server\rewrite.php(43): require_once('FCPATH\\index.php')
CRITICAL - 2022-06-26 10:13:32 --> Trying to access array offset on value of type null
in APPPATH\Views\moviesingle.php on line 17.
 1 APPPATH\Views\moviesingle.php(17): CodeIgniter\Debug\Exceptions->errorHandler(2, 'Trying to access array offset on value of type null', 'APPPATH\\Views\\moviesingle.php', 17)
 2 SYSTEMPATH\View\View.php(213): include('APPPATH\\Views\\moviesingle.php')
 3 SYSTEMPATH\View\View.php(216): CodeIgniter\View\View->CodeIgniter\View\{closure}()
 4 SYSTEMPATH\Common.php(1135): CodeIgniter\View\View->render('moviesingle', [], true)
 5 APPPATH\Controllers\Detail.php(20): view('moviesingle', [...])
 6 SYSTEMPATH\CodeIgniter.php(898): App\Controllers\Detail->index('FCPATH\\assets', 'images', 'thedoll.jpg')
 7 SYSTEMPATH\CodeIgniter.php(468): CodeIgniter\CodeIgniter->runController(Object(App\Controllers\Detail))
 8 SYSTEMPATH\CodeIgniter.php(351): CodeIgniter\CodeIgniter->handleRequest(null, Object(Config\Cache), false)
 9 FCPATH\index.php(55): CodeIgniter\CodeIgniter->run()
10 SYSTEMPATH\Commands\Server\rewrite.php(43): require_once('FCPATH\\index.php')
CRITICAL - 2022-06-26 10:37:13 --> Trying to access array offset on value of type null
in APPPATH\Views\moviesingle.php on line 17.
 1 APPPATH\Views\moviesingle.php(17): CodeIgniter\Debug\Exceptions->errorHandler(2, 'Trying to access array offset on value of type null', 'APPPATH\\Views\\moviesingle.php', 17)
 2 SYSTEMPATH\View\View.php(213): include('APPPATH\\Views\\moviesingle.php')
 3 SYSTEMPATH\View\View.php(216): CodeIgniter\View\View->CodeIgniter\View\{closure}()
 4 SYSTEMPATH\Common.php(1135): CodeIgniter\View\View->render('moviesingle', [], true)
 5 APPPATH\Controllers\Detail.php(20): view('moviesingle', [...])
 6 SYSTEMPATH\CodeIgniter.php(898): App\Controllers\Detail->index('FCPATH\\assets', 'images', 'thedoll.jpg')
 7 SYSTEMPATH\CodeIgniter.php(468): CodeIgniter\CodeIgniter->runController(Object(App\Controllers\Detail))
 8 SYSTEMPATH\CodeIgniter.php(351): CodeIgniter\CodeIgniter->handleRequest(null, Object(Config\Cache), false)
 9 FCPATH\index.php(55): CodeIgniter\CodeIgniter->run()
10 SYSTEMPATH\Commands\Server\rewrite.php(43): require_once('FCPATH\\index.php')
CRITICAL - 2022-06-26 10:37:13 --> Trying to access array offset on value of type null
in APPPATH\Views\moviesingle.php on line 17.
 1 APPPATH\Views\moviesingle.php(17): CodeIgniter\Debug\Exceptions->errorHandler(2, 'Trying to access array offset on value of type null', 'APPPATH\\Views\\moviesingle.php', 17)
 2 SYSTEMPATH\View\View.php(213): include('APPPATH\\Views\\moviesingle.php')
 3 SYSTEMPATH\View\View.php(216): CodeIgniter\View\View->CodeIgniter\View\{closure}()
 4 SYSTEMPATH\Common.php(1135): CodeIgniter\View\View->render('moviesingle', [], true)
 5 APPPATH\Controllers\Detail.php(20): view('moviesingle', [...])
 6 SYSTEMPATH\CodeIgniter.php(898): App\Controllers\Detail->index('FCPATH\\assets', 'images', 'logo1.png')
 7 SYSTEMPATH\CodeIgniter.php(468): CodeIgniter\CodeIgniter->runController(Object(App\Controllers\Detail))
 8 SYSTEMPATH\CodeIgniter.php(351): CodeIgniter\CodeIgniter->handleRequest(null, Object(Config\Cache), false)
 9 FCPATH\index.php(55): CodeIgniter\CodeIgniter->run()
10 SYSTEMPATH\Commands\Server\rewrite.php(43): require_once('FCPATH\\index.php')
CRITICAL - 2022-06-26 10:38:24 --> Trying to access array offset on value of type null
in APPPATH\Views\moviesingle.php on line 17.
 1 APPPATH\Views\moviesingle.php(17): CodeIgniter\Debug\Exceptions->errorHandler(2, 'Trying to access array offset on value of type null', 'APPPATH\\Views\\moviesingle.php', 17)
 2 SYSTEMPATH\View\View.php(213): include('APPPATH\\Views\\moviesingle.php')
 3 SYSTEMPATH\View\View.php(216): CodeIgniter\View\View->CodeIgniter\View\{closure}()
 4 SYSTEMPATH\Common.php(1135): CodeIgniter\View\View->render('moviesingle', [], true)
 5 APPPATH\Controllers\Detail.php(20): view('moviesingle', [...])
 6 SYSTEMPATH\CodeIgniter.php(898): App\Controllers\Detail->index('FCPATH\\assets', 'images', 'thedoll.jpg')
 7 SYSTEMPATH\CodeIgniter.php(468): CodeIgniter\CodeIgniter->runController(Object(App\Controllers\Detail))
 8 SYSTEMPATH\CodeIgniter.php(351): CodeIgniter\CodeIgniter->handleRequest(null, Object(Config\Cache), false)
 9 FCPATH\index.php(55): CodeIgniter\CodeIgniter->run()
10 SYSTEMPATH\Commands\Server\rewrite.php(43): require_once('FCPATH\\index.php')
CRITICAL - 2022-06-26 10:38:24 --> Trying to access array offset on value of type null
in APPPATH\Views\moviesingle.php on line 17.
 1 APPPATH\Views\moviesingle.php(17): CodeIgniter\Debug\Exceptions->errorHandler(2, 'Trying to access array offset on value of type null', 'APPPATH\\Views\\moviesingle.php', 17)
 2 SYSTEMPATH\View\View.php(213): include('APPPATH\\Views\\moviesingle.php')
 3 SYSTEMPATH\View\View.php(216): CodeIgniter\View\View->CodeIgniter\View\{closure}()
 4 SYSTEMPATH\Common.php(1135): CodeIgniter\View\View->render('moviesingle', [], true)
 5 APPPATH\Controllers\Detail.php(20): view('moviesingle', [...])
 6 SYSTEMPATH\CodeIgniter.php(898): App\Controllers\Detail->index('FCPATH\\assets', 'images', 'logo1.png')
 7 SYSTEMPATH\CodeIgniter.php(468): CodeIgniter\CodeIgniter->runController(Object(App\Controllers\Detail))
 8 SYSTEMPATH\CodeIgniter.php(351): CodeIgniter\CodeIgniter->handleRequest(null, Object(Config\Cache), false)
 9 FCPATH\index.php(55): CodeIgniter\CodeIgniter->run()
10 SYSTEMPATH\Commands\Server\rewrite.php(43): require_once('FCPATH\\index.php')
CRITICAL - 2022-06-26 10:39:46 --> Undefined array key "jadual"
in APPPATH\Views\moviesingle.php on line 88.
 1 APPPATH\Views\moviesingle.php(88): CodeIgniter\Debug\Exceptions->errorHandler(2, 'Undefined array key "jadual"', 'APPPATH\\Views\\moviesingle.php', 88)
 2 SYSTEMPATH\View\View.php(213): include('APPPATH\\Views\\moviesingle.php')
 3 SYSTEMPATH\View\View.php(216): CodeIgniter\View\View->CodeIgniter\View\{closure}()
 4 SYSTEMPATH\Common.php(1135): CodeIgniter\View\View->render('moviesingle', [], true)
 5 APPPATH\Controllers\Detail.php(20): view('moviesingle', [...])
 6 SYSTEMPATH\CodeIgniter.php(898): App\Controllers\Detail->index('32')
 7 SYSTEMPATH\CodeIgniter.php(468): CodeIgniter\CodeIgniter->runController(Object(App\Controllers\Detail))
 8 SYSTEMPATH\CodeIgniter.php(351): CodeIgniter\CodeIgniter->handleRequest(null, Object(Config\Cache), false)
 9 FCPATH\index.php(55): CodeIgniter\CodeIgniter->run()
10 SYSTEMPATH\Commands\Server\rewrite.php(43): require_once('FCPATH\\index.php')
CRITICAL - 2022-06-26 10:40:12 --> Trying to access array offset on value of type null
in APPPATH\Views\moviesingle.php on line 17.
 1 APPPATH\Views\moviesingle.php(17): CodeIgniter\Debug\Exceptions->errorHandler(2, 'Trying to access array offset on value of type null', 'APPPATH\\Views\\moviesingle.php', 17)
 2 SYSTEMPATH\View\View.php(213): include('APPPATH\\Views\\moviesingle.php')
 3 SYSTEMPATH\View\View.php(216): CodeIgniter\View\View->CodeIgniter\View\{closure}()
 4 SYSTEMPATH\Common.php(1135): CodeIgniter\View\View->render('moviesingle', [], true)
 5 APPPATH\Controllers\Detail.php(20): view('moviesingle', [...])
 6 SYSTEMPATH\CodeIgniter.php(898): App\Controllers\Detail->index('FCPATH\\assets', 'images', 'thedoll.jpg')
 7 SYSTEMPATH\CodeIgniter.php(468): CodeIgniter\CodeIgniter->runController(Object(App\Controllers\Detail))
 8 SYSTEMPATH\CodeIgniter.php(351): CodeIgniter\CodeIgniter->handleRequest(null, Object(Config\Cache), false)
 9 FCPATH\index.php(55): CodeIgniter\CodeIgniter->run()
10 SYSTEMPATH\Commands\Server\rewrite.php(43): require_once('FCPATH\\index.php')
CRITICAL - 2022-06-26 10:40:12 --> Trying to access array offset on value of type null
in APPPATH\Views\moviesingle.php on line 17.
 1 APPPATH\Views\moviesingle.php(17): CodeIgniter\Debug\Exceptions->errorHandler(2, 'Trying to access array offset on value of type null', 'APPPATH\\Views\\moviesingle.php', 17)
 2 SYSTEMPATH\View\View.php(213): include('APPPATH\\Views\\moviesingle.php')
 3 SYSTEMPATH\View\View.php(216): CodeIgniter\View\View->CodeIgniter\View\{closure}()
 4 SYSTEMPATH\Common.php(1135): CodeIgniter\View\View->render('moviesingle', [], true)
 5 APPPATH\Controllers\Detail.php(20): view('moviesingle', [...])
 6 SYSTEMPATH\CodeIgniter.php(898): App\Controllers\Detail->index('FCPATH\\assets', 'images', 'logo1.png')
 7 SYSTEMPATH\CodeIgniter.php(468): CodeIgniter\CodeIgniter->runController(Object(App\Controllers\Detail))
 8 SYSTEMPATH\CodeIgniter.php(351): CodeIgniter\CodeIgniter->handleRequest(null, Object(Config\Cache), false)
 9 FCPATH\index.php(55): CodeIgniter\CodeIgniter->run()
10 SYSTEMPATH\Commands\Server\rewrite.php(43): require_once('FCPATH\\index.php')
CRITICAL - 2022-06-26 10:40:51 --> Trying to access array offset on value of type null
in APPPATH\Views\moviesingle.php on line 17.
 1 APPPATH\Views\moviesingle.php(17): CodeIgniter\Debug\Exceptions->errorHandler(2, 'Trying to access array offset on value of type null', 'APPPATH\\Views\\moviesingle.php', 17)
 2 SYSTEMPATH\View\View.php(213): include('APPPATH\\Views\\moviesingle.php')
 3 SYSTEMPATH\View\View.php(216): CodeIgniter\View\View->CodeIgniter\View\{closure}()
 4 SYSTEMPATH\Common.php(1135): CodeIgniter\View\View->render('moviesingle', [], true)
 5 APPPATH\Controllers\Detail.php(20): view('moviesingle', [...])
 6 SYSTEMPATH\CodeIgniter.php(898): App\Controllers\Detail->index('FCPATH\\assets', 'images', 'spiderman.jpg')
 7 SYSTEMPATH\CodeIgniter.php(468): CodeIgniter\CodeIgniter->runController(Object(App\Controllers\Detail))
 8 SYSTEMPATH\CodeIgniter.php(351): CodeIgniter\CodeIgniter->handleRequest(null, Object(Config\Cache), false)
 9 FCPATH\index.php(55): CodeIgniter\CodeIgniter->run()
10 SYSTEMPATH\Commands\Server\rewrite.php(43): require_once('FCPATH\\index.php')
CRITICAL - 2022-06-26 10:40:52 --> Trying to access array offset on value of type null
in APPPATH\Views\moviesingle.php on line 17.
 1 APPPATH\Views\moviesingle.php(17): CodeIgniter\Debug\Exceptions->errorHandler(2, 'Trying to access array offset on value of type null', 'APPPATH\\Views\\moviesingle.php', 17)
 2 SYSTEMPATH\View\View.php(213): include('APPPATH\\Views\\moviesingle.php')
 3 SYSTEMPATH\View\View.php(216): CodeIgniter\View\View->CodeIgniter\View\{closure}()
 4 SYSTEMPATH\Common.php(1135): CodeIgniter\View\View->render('moviesingle', [], true)
 5 APPPATH\Controllers\Detail.php(20): view('moviesingle', [...])
 6 SYSTEMPATH\CodeIgniter.php(898): App\Controllers\Detail->index('FCPATH\\assets', 'images', 'logo1.png')
 7 SYSTEMPATH\CodeIgniter.php(468): CodeIgniter\CodeIgniter->runController(Object(App\Controllers\Detail))
 8 SYSTEMPATH\CodeIgniter.php(351): CodeIgniter\CodeIgniter->handleRequest(null, Object(Config\Cache), false)
 9 FCPATH\index.php(55): CodeIgniter\CodeIgniter->run()
10 SYSTEMPATH\Commands\Server\rewrite.php(43): require_once('FCPATH\\index.php')
CRITICAL - 2022-06-26 10:41:26 --> Undefined variable $id
in APPPATH\Controllers\Detail.php on line 15.
 1 APPPATH\Controllers\Detail.php(15): CodeIgniter\Debug\Exceptions->errorHandler(2, 'Undefined variable $id', 'APPPATH\\Controllers\\Detail.php', 15)
 2 SYSTEMPATH\CodeIgniter.php(898): App\Controllers\Detail->index('31')
 3 SYSTEMPATH\CodeIgniter.php(468): CodeIgniter\CodeIgniter->runController(Object(App\Controllers\Detail))
 4 SYSTEMPATH\CodeIgniter.php(351): CodeIgniter\CodeIgniter->handleRequest(null, Object(Config\Cache), false)
 5 FCPATH\index.php(55): CodeIgniter\CodeIgniter->run()
 6 SYSTEMPATH\Commands\Server\rewrite.php(43): require_once('FCPATH\\index.php')
CRITICAL - 2022-06-26 10:41:35 --> Undefined array key "cover"
in APPPATH\Views\moviesingle.php on line 17.
 1 APPPATH\Views\moviesingle.php(17): CodeIgniter\Debug\Exceptions->errorHandler(2, 'Undefined array key "cover"', 'APPPATH\\Views\\moviesingle.php', 17)
 2 SYSTEMPATH\View\View.php(213): include('APPPATH\\Views\\moviesingle.php')
 3 SYSTEMPATH\View\View.php(216): CodeIgniter\View\View->CodeIgniter\View\{closure}()
 4 SYSTEMPATH\Common.php(1135): CodeIgniter\View\View->render('moviesingle', [], true)
 5 APPPATH\Controllers\Detail.php(20): view('moviesingle', [...])
 6 SYSTEMPATH\CodeIgniter.php(898): App\Controllers\Detail->index('31')
 7 SYSTEMPATH\CodeIgniter.php(468): CodeIgniter\CodeIgniter->runController(Object(App\Controllers\Detail))
 8 SYSTEMPATH\CodeIgniter.php(351): CodeIgniter\CodeIgniter->handleRequest(null, Object(Config\Cache), false)
 9 FCPATH\index.php(55): CodeIgniter\CodeIgniter->run()
10 SYSTEMPATH\Commands\Server\rewrite.php(43): require_once('FCPATH\\index.php')
CRITICAL - 2022-06-26 10:41:44 --> Trying to access array offset on value of type null
in APPPATH\Views\moviesingle.php on line 17.
 1 APPPATH\Views\moviesingle.php(17): CodeIgniter\Debug\Exceptions->errorHandler(2, 'Trying to access array offset on value of type null', 'APPPATH\\Views\\moviesingle.php', 17)
 2 SYSTEMPATH\View\View.php(213): include('APPPATH\\Views\\moviesingle.php')
 3 SYSTEMPATH\View\View.php(216): CodeIgniter\View\View->CodeIgniter\View\{closure}()
 4 SYSTEMPATH\Common.php(1135): CodeIgniter\View\View->render('moviesingle', [], true)
 5 APPPATH\Controllers\Detail.php(20): view('moviesingle', [...])
 6 SYSTEMPATH\CodeIgniter.php(898): App\Controllers\Detail->index('FCPATH\\assets', 'images', 'spiderman.jpg')
 7 SYSTEMPATH\CodeIgniter.php(468): CodeIgniter\CodeIgniter->runController(Object(App\Controllers\Detail))
 8 SYSTEMPATH\CodeIgniter.php(351): CodeIgniter\CodeIgniter->handleRequest(null, Object(Config\Cache), false)
 9 FCPATH\index.php(55): CodeIgniter\CodeIgniter->run()
10 SYSTEMPATH\Commands\Server\rewrite.php(43): require_once('FCPATH\\index.php')
CRITICAL - 2022-06-26 10:41:44 --> Trying to access array offset on value of type null
in APPPATH\Views\moviesingle.php on line 17.
 1 APPPATH\Views\moviesingle.php(17): CodeIgniter\Debug\Exceptions->errorHandler(2, 'Trying to access array offset on value of type null', 'APPPATH\\Views\\moviesingle.php', 17)
 2 SYSTEMPATH\View\View.php(213): include('APPPATH\\Views\\moviesingle.php')
 3 SYSTEMPATH\View\View.php(216): CodeIgniter\View\View->CodeIgniter\View\{closure}()
 4 SYSTEMPATH\Common.php(1135): CodeIgniter\View\View->render('moviesingle', [], true)
 5 APPPATH\Controllers\Detail.php(20): view('moviesingle', [...])
 6 SYSTEMPATH\CodeIgniter.php(898): App\Controllers\Detail->index('FCPATH\\assets', 'images', 'logo1.png')
 7 SYSTEMPATH\CodeIgniter.php(468): CodeIgniter\CodeIgniter->runController(Object(App\Controllers\Detail))
 8 SYSTEMPATH\CodeIgniter.php(351): CodeIgniter\CodeIgniter->handleRequest(null, Object(Config\Cache), false)
 9 FCPATH\index.php(55): CodeIgniter\CodeIgniter->run()
10 SYSTEMPATH\Commands\Server\rewrite.php(43): require_once('FCPATH\\index.php')
CRITICAL - 2022-06-26 10:42:19 --> Trying to access array offset on value of type null
in APPPATH\Views\moviesingle.php on line 21.
 1 APPPATH\Views\moviesingle.php(21): CodeIgniter\Debug\Exceptions->errorHandler(2, 'Trying to access array offset on value of type null', 'APPPATH\\Views\\moviesingle.php', 21)
 2 SYSTEMPATH\View\View.php(213): include('APPPATH\\Views\\moviesingle.php')
 3 SYSTEMPATH\View\View.php(216): CodeIgniter\View\View->CodeIgniter\View\{closure}()
 4 SYSTEMPATH\Common.php(1135): CodeIgniter\View\View->render('moviesingle', [], true)
 5 APPPATH\Controllers\Detail.php(20): view('moviesingle', [...])
 6 SYSTEMPATH\CodeIgniter.php(898): App\Controllers\Detail->index('FCPATH\\assets', 'images', 'body-bg.jpg')
 7 SYSTEMPATH\CodeIgniter.php(468): CodeIgniter\CodeIgniter->runController(Object(App\Controllers\Detail))
 8 SYSTEMPATH\CodeIgniter.php(351): CodeIgniter\CodeIgniter->handleRequest(null, Object(Config\Cache), false)
 9 FCPATH\index.php(55): CodeIgniter\CodeIgniter->run()
10 SYSTEMPATH\Commands\Server\rewrite.php(43): require_once('FCPATH\\index.php')
CRITICAL - 2022-06-26 10:42:20 --> Trying to access array offset on value of type null
in APPPATH\Views\moviesingle.php on line 21.
 1 APPPATH\Views\moviesingle.php(21): CodeIgniter\Debug\Exceptions->errorHandler(2, 'Trying to access array offset on value of type null', 'APPPATH\\Views\\moviesingle.php', 21)
 2 SYSTEMPATH\View\View.php(213): include('APPPATH\\Views\\moviesingle.php')
 3 SYSTEMPATH\View\View.php(216): CodeIgniter\View\View->CodeIgniter\View\{closure}()
 4 SYSTEMPATH\Common.php(1135): CodeIgniter\View\View->render('moviesingle', [], true)
 5 APPPATH\Controllers\Detail.php(20): view('moviesingle', [...])
 6 SYSTEMPATH\CodeIgniter.php(898): App\Controllers\Detail->index('FCPATH\\assets', 'images', 'logo1.png')
 7 SYSTEMPATH\CodeIgniter.php(468): CodeIgniter\CodeIgniter->runController(Object(App\Controllers\Detail))
 8 SYSTEMPATH\CodeIgniter.php(351): CodeIgniter\CodeIgniter->handleRequest(null, Object(Config\Cache), false)
 9 FCPATH\index.php(55): CodeIgniter\CodeIgniter->run()
10 SYSTEMPATH\Commands\Server\rewrite.php(43): require_once('FCPATH\\index.php')
